<?xml version="1.0" encoding="UTF-8"?>
<robot generator="Robot 7.1.1 (Python 3.10.18 on linux)" generated="2025-10-28T03:48:34.836320" rpa="false" schemaversion="5">
<suite id="s1" name="Tests" source="/home/runner/work/UAE_RESTAURANT_FIN/UAE_RESTAURANT_FIN/tests">
<suite id="s1-s1" name="UAE flow" source="/home/runner/work/UAE_RESTAURANT_FIN/UAE_RESTAURANT_FIN/tests/UAE_flow.robot">
<test id="s1-s1-t1" name="End To End Sell-Buy Fulfillment" line="25">
<kw name="Initialize Summary File">
<kw name="Remove File" owner="OperatingSystem">
<msg time="2025-10-28T03:48:35.179981" level="INFO" html="true">File '&lt;a href="file:///home/runner/work/UAE_RESTAURANT_FIN/UAE_RESTAURANT_FIN/results/summary.txt"&gt;/home/runner/work/UAE_RESTAURANT_FIN/UAE_RESTAURANT_FIN/results/summary.txt&lt;/a&gt;' does not exist.</msg>
<arg>results/summary.txt</arg>
<doc>Removes a file with the given path.</doc>
<status status="PASS" start="2025-10-28T03:48:35.179758" elapsed="0.000302"/>
</kw>
<kw name="Append To File" owner="OperatingSystem">
<msg time="2025-10-28T03:48:35.180501" level="INFO" html="true">Appended to file '&lt;a href="file:///home/runner/work/UAE_RESTAURANT_FIN/UAE_RESTAURANT_FIN/results/summary.txt"&gt;/home/runner/work/UAE_RESTAURANT_FIN/UAE_RESTAURANT_FIN/results/summary.txt&lt;/a&gt;'.</msg>
<arg>results/summary.txt</arg>
<arg>Settlement time for platforms:\n</arg>
<doc>Appends the given content to the specified file.</doc>
<status status="PASS" start="2025-10-28T03:48:35.180244" elapsed="0.000366"/>
</kw>
<status status="PASS" start="2025-10-28T03:48:35.178698" elapsed="0.002026"/>
</kw>
<kw name="Login As Restaurant">
<kw name="Evaluate" owner="BuiltIn">
<msg time="2025-10-28T03:48:35.181574" level="INFO">${chrome options} = &lt;selenium.webdriver.chrome.options.Options object at 0x7f818b7a9a80&gt;</msg>
<var>${chrome options}</var>
<arg>sys.modules['selenium.webdriver'].ChromeOptions()</arg>
<arg>sys, selenium.webdriver</arg>
<doc>Evaluates the given expression in Python and returns the result.</doc>
<status status="PASS" start="2025-10-28T03:48:35.181273" elapsed="0.000336"/>
</kw>
<kw name="Call Method" owner="BuiltIn">
<arg>${chrome options}</arg>
<arg>add_argument</arg>
<arg>--headless</arg>
<doc>Calls the named method of the given object with the provided arguments.</doc>
<status status="PASS" start="2025-10-28T03:48:35.181747" elapsed="0.000169"/>
</kw>
<kw name="Call Method" owner="BuiltIn">
<arg>${chrome options}</arg>
<arg>add_argument</arg>
<arg>--disable-gpu</arg>
<doc>Calls the named method of the given object with the provided arguments.</doc>
<status status="PASS" start="2025-10-28T03:48:35.182050" elapsed="0.000191"/>
</kw>
<kw name="Call Method" owner="BuiltIn">
<arg>${chrome options}</arg>
<arg>add_argument</arg>
<arg>--no-sandbox</arg>
<doc>Calls the named method of the given object with the provided arguments.</doc>
<status status="PASS" start="2025-10-28T03:48:35.182376" elapsed="0.000164"/>
</kw>
<kw name="Call Method" owner="BuiltIn">
<arg>${chrome options}</arg>
<arg>add_argument</arg>
<arg>--disable-dev-shm-usage</arg>
<doc>Calls the named method of the given object with the provided arguments.</doc>
<status status="PASS" start="2025-10-28T03:48:35.182682" elapsed="0.000154"/>
</kw>
<kw name="Set Variable" owner="BuiltIn">
<msg time="2025-10-28T03:48:35.183112" level="INFO">${size} = --window-size=1920,1080</msg>
<var>${size}</var>
<arg>--window-size=1920,1080</arg>
<doc>Returns the given values which can then be assigned to a variables.</doc>
<status status="PASS" start="2025-10-28T03:48:35.182964" elapsed="0.000180"/>
</kw>
<kw name="Call Method" owner="BuiltIn">
<arg>${chrome options}</arg>
<arg>add_argument</arg>
<arg>${size}</arg>
<doc>Calls the named method of the given object with the provided arguments.</doc>
<status status="PASS" start="2025-10-28T03:48:35.183268" elapsed="0.000179"/>
</kw>
<kw name="Open Browser" owner="SeleniumLibrary">
<msg time="2025-10-28T03:48:35.183906" level="INFO">Opening browser 'chrome' to base url 'https://rest-fin-fe.mangoforest-55e2394a.centralindia.azurecontainerapps.io/'.</msg>
<arg>${URL}</arg>
<arg>chrome</arg>
<arg>options=${chrome options}</arg>
<doc>Opens a new browser instance to the optional ``url``.</doc>
<status status="PASS" start="2025-10-28T03:48:35.183617" elapsed="4.203297"/>
</kw>
<kw name="Maximize Browser Window" owner="SeleniumLibrary">
<doc>Maximizes current browser window.</doc>
<status status="PASS" start="2025-10-28T03:48:39.387339" elapsed="0.032654"/>
</kw>
<kw name="Wait Until Element Is Visible" owner="SeleniumLibrary">
<arg>xpath=//input[@placeholder="Enter your email"]</arg>
<arg>${Timeout}</arg>
<doc>Waits until the element ``locator`` is visible.</doc>
<status status="PASS" start="2025-10-28T03:48:39.420368" elapsed="0.022741"/>
</kw>
<kw name="Input Text" owner="SeleniumLibrary">
<msg time="2025-10-28T03:48:39.443760" level="INFO">Typing text 'test@r10.com' into text field 'xpath=//input[@placeholder="Enter your email"]'.</msg>
<arg>xpath=//input[@placeholder="Enter your email"]</arg>
<arg>${REST_EMAIL}</arg>
<doc>Types the given ``text`` into the text field identified by ``locator``.</doc>
<status status="PASS" start="2025-10-28T03:48:39.443385" elapsed="0.085981"/>
</kw>
<kw name="Input Text" owner="SeleniumLibrary">
<msg time="2025-10-28T03:48:39.530025" level="INFO">Typing text 'Naresh' into text field 'xpath=//input[@placeholder="Enter your password"]'.</msg>
<arg>xpath=//input[@placeholder="Enter your password"]</arg>
<arg>${PASSWORD}</arg>
<doc>Types the given ``text`` into the text field identified by ``locator``.</doc>
<status status="PASS" start="2025-10-28T03:48:39.529686" elapsed="0.063129"/>
</kw>
<kw name="Click Element" owner="SeleniumLibrary">
<msg time="2025-10-28T03:48:39.593393" level="INFO">Clicking element 'xpath=//button[text()="Login"]'.</msg>
<arg>xpath=//button[text()="Login"]</arg>
<doc>Click the element identified by ``locator``.</doc>
<status status="PASS" start="2025-10-28T03:48:39.593117" elapsed="0.064045"/>
</kw>
<status status="PASS" start="2025-10-28T03:48:35.180938" elapsed="4.476403"/>
</kw>
<kw name="Sleep" owner="BuiltIn">
<msg time="2025-10-28T03:48:41.657987" level="INFO">Slept 2 seconds.</msg>
<arg>2s</arg>
<doc>Pauses the test executed for the given time.</doc>
<status status="PASS" start="2025-10-28T03:48:39.657581" elapsed="2.000580"/>
</kw>
<kw name="Place Restaurant Sell Order">
<kw name="Wait Until Element Is Visible" owner="SeleniumLibrary">
<arg>xpath=//a[@href="/restaurant/invoice-financing"]</arg>
<arg>${Timeout}</arg>
<doc>Waits until the element ``locator`` is visible.</doc>
<status status="PASS" start="2025-10-28T03:48:41.659001" elapsed="0.016334"/>
</kw>
<kw name="Sleep" owner="BuiltIn">
<msg time="2025-10-28T03:48:42.676026" level="INFO">Slept 1 second.</msg>
<arg>1s</arg>
<doc>Pauses the test executed for the given time.</doc>
<status status="PASS" start="2025-10-28T03:48:41.675643" elapsed="1.000531"/>
</kw>
<kw name="Click Element" owner="SeleniumLibrary">
<msg time="2025-10-28T03:48:42.676744" level="INFO">Clicking element 'xpath=//a[@href="/restaurant/invoice-financing"]'.</msg>
<arg>xpath=//a[@href="/restaurant/invoice-financing"]</arg>
<doc>Click the element identified by ``locator``.</doc>
<status status="PASS" start="2025-10-28T03:48:42.676447" elapsed="0.063708"/>
</kw>
<kw name="Set Variable" owner="BuiltIn">
<msg time="2025-10-28T03:48:42.740838" level="INFO">${brand_xpath} = //img[contains(@src, 'Careem.png')]/ancestor::div[@data-slot='card']//button[normalize-space()='Finance']</msg>
<var>${brand_xpath}</var>
<arg>//img[contains(@src, '${brand}.png')]/ancestor::div[@data-slot='card']//button[normalize-space()='Finance']</arg>
<doc>Returns the given values which can then be assigned to a variables.</doc>
<status status="PASS" start="2025-10-28T03:48:42.740448" elapsed="0.000425"/>
</kw>
<kw name="Wait Until Element Is Visible" owner="SeleniumLibrary">
<arg>${brand_xpath}</arg>
<arg>${Timeout}</arg>
<doc>Waits until the element ``locator`` is visible.</doc>
<status status="PASS" start="2025-10-28T03:48:42.741017" elapsed="0.641661"/>
</kw>
<kw name="Click Element" owner="SeleniumLibrary">
<msg time="2025-10-28T03:48:43.383375" level="INFO">Clicking element '//img[contains(@src, 'Careem.png')]/ancestor::div[@data-slot='card']//button[normalize-space()='Finance']'.</msg>
<arg>${brand_xpath}</arg>
<doc>Click the element identified by ``locator``.</doc>
<status status="PASS" start="2025-10-28T03:48:43.382988" elapsed="0.060651"/>
</kw>
<kw name="Wait Until Element Is Visible" owner="SeleniumLibrary">
<arg>xpath=(//input)[1]</arg>
<arg>${Timeout}</arg>
<doc>Waits until the element ``locator`` is visible.</doc>
<status status="PASS" start="2025-10-28T03:48:43.443946" elapsed="0.028204"/>
</kw>
<kw name="Input Text" owner="SeleniumLibrary">
<msg time="2025-10-28T03:48:43.472833" level="INFO">Typing text '1000' into text field 'xpath=(//input)[1]'.</msg>
<arg>xpath=(//input)[1]</arg>
<arg>${SELL_AMOUNT}</arg>
<doc>Types the given ``text`` into the text field identified by ``locator``.</doc>
<status status="PASS" start="2025-10-28T03:48:43.472450" elapsed="0.065351"/>
</kw>
<kw name="Input Text" owner="SeleniumLibrary">
<msg time="2025-10-28T03:48:43.538631" level="INFO">Typing text '2' into text field 'xpath=(//input)[2]'.</msg>
<arg>xpath=(//input)[2]</arg>
<arg>${SELL_DISCOUNT}</arg>
<doc>Types the given ``text`` into the text field identified by ``locator``.</doc>
<status status="PASS" start="2025-10-28T03:48:43.538187" elapsed="0.059820"/>
</kw>
<kw name="Wait Until Element Is Enabled" owner="SeleniumLibrary">
<arg>xpath=//button[normalize-space()='Sell Invoices']</arg>
<arg>${Timeout}</arg>
<doc>Waits until the element ``locator`` is enabled.</doc>
<status status="PASS" start="2025-10-28T03:48:43.598428" elapsed="1.083960"/>
</kw>
<kw name="Click Element" owner="SeleniumLibrary">
<msg time="2025-10-28T03:48:44.682992" level="INFO">Clicking element 'xpath=//button[normalize-space()='Sell Invoices']'.</msg>
<arg>xpath=//button[normalize-space()='Sell Invoices']</arg>
<doc>Click the element identified by ``locator``.</doc>
<status status="PASS" start="2025-10-28T03:48:44.682712" elapsed="0.052420"/>
</kw>
<kw name="Wait Until Element Is Visible" owner="SeleniumLibrary">
<arg>xpath=//button[text()='Go to My Requests']</arg>
<arg>${Timeout}</arg>
<doc>Waits until the element ``locator`` is visible.</doc>
<status status="PASS" start="2025-10-28T03:48:44.735525" elapsed="0.637221"/>
</kw>
<kw name="Click Element" owner="SeleniumLibrary">
<msg time="2025-10-28T03:48:45.373286" level="INFO">Clicking element 'xpath=//button[text()='Go to My Requests']'.</msg>
<arg>xpath=//button[text()='Go to My Requests']</arg>
<doc>Click the element identified by ``locator``.</doc>
<status status="PASS" start="2025-10-28T03:48:45.373021" elapsed="0.067505"/>
</kw>
<kw name="Sleep" owner="BuiltIn">
<msg time="2025-10-28T03:48:48.441223" level="INFO">Slept 3 seconds.</msg>
<arg>3s</arg>
<doc>Pauses the test executed for the given time.</doc>
<status status="PASS" start="2025-10-28T03:48:45.440839" elapsed="3.000548"/>
</kw>
<arg>Careem</arg>
<status status="PASS" start="2025-10-28T03:48:41.658603" elapsed="6.782979"/>
</kw>
<kw name="Place Restaurant Sell Order">
<kw name="Wait Until Element Is Visible" owner="SeleniumLibrary">
<arg>xpath=//a[@href="/restaurant/invoice-financing"]</arg>
<arg>${Timeout}</arg>
<doc>Waits until the element ``locator`` is visible.</doc>
<status status="PASS" start="2025-10-28T03:48:48.442362" elapsed="0.012887"/>
</kw>
<kw name="Sleep" owner="BuiltIn">
<msg time="2025-10-28T03:48:49.455839" level="INFO">Slept 1 second.</msg>
<arg>1s</arg>
<doc>Pauses the test executed for the given time.</doc>
<status status="PASS" start="2025-10-28T03:48:48.455461" elapsed="1.000531"/>
</kw>
<kw name="Click Element" owner="SeleniumLibrary">
<msg time="2025-10-28T03:48:49.456529" level="INFO">Clicking element 'xpath=//a[@href="/restaurant/invoice-financing"]'.</msg>
<arg>xpath=//a[@href="/restaurant/invoice-financing"]</arg>
<doc>Click the element identified by ``locator``.</doc>
<status status="PASS" start="2025-10-28T03:48:49.456256" elapsed="0.048174"/>
</kw>
<kw name="Set Variable" owner="BuiltIn">
<msg time="2025-10-28T03:48:49.505085" level="INFO">${brand_xpath} = //img[contains(@src, 'Talabat.png')]/ancestor::div[@data-slot='card']//button[normalize-space()='Finance']</msg>
<var>${brand_xpath}</var>
<arg>//img[contains(@src, '${brand}.png')]/ancestor::div[@data-slot='card']//button[normalize-space()='Finance']</arg>
<doc>Returns the given values which can then be assigned to a variables.</doc>
<status status="PASS" start="2025-10-28T03:48:49.504744" elapsed="0.000388"/>
</kw>
<kw name="Wait Until Element Is Visible" owner="SeleniumLibrary">
<arg>${brand_xpath}</arg>
<arg>${Timeout}</arg>
<doc>Waits until the element ``locator`` is visible.</doc>
<status status="PASS" start="2025-10-28T03:48:49.505348" elapsed="0.639764"/>
</kw>
<kw name="Click Element" owner="SeleniumLibrary">
<msg time="2025-10-28T03:48:50.145732" level="INFO">Clicking element '//img[contains(@src, 'Talabat.png')]/ancestor::div[@data-slot='card']//button[normalize-space()='Finance']'.</msg>
<arg>${brand_xpath}</arg>
<doc>Click the element identified by ``locator``.</doc>
<status status="PASS" start="2025-10-28T03:48:50.145385" elapsed="0.060485"/>
</kw>
<kw name="Wait Until Element Is Visible" owner="SeleniumLibrary">
<arg>xpath=(//input)[1]</arg>
<arg>${Timeout}</arg>
<doc>Waits until the element ``locator`` is visible.</doc>
<status status="PASS" start="2025-10-28T03:48:50.206149" elapsed="0.013914"/>
</kw>
<kw name="Input Text" owner="SeleniumLibrary">
<msg time="2025-10-28T03:48:50.220686" level="INFO">Typing text '1000' into text field 'xpath=(//input)[1]'.</msg>
<arg>xpath=(//input)[1]</arg>
<arg>${SELL_AMOUNT}</arg>
<doc>Types the given ``text`` into the text field identified by ``locator``.</doc>
<status status="PASS" start="2025-10-28T03:48:50.220329" elapsed="0.056060"/>
</kw>
<kw name="Input Text" owner="SeleniumLibrary">
<msg time="2025-10-28T03:48:50.277060" level="INFO">Typing text '2' into text field 'xpath=(//input)[2]'.</msg>
<arg>xpath=(//input)[2]</arg>
<arg>${SELL_DISCOUNT}</arg>
<doc>Types the given ``text`` into the text field identified by ``locator``.</doc>
<status status="PASS" start="2025-10-28T03:48:50.276718" elapsed="0.053606"/>
</kw>
<kw name="Wait Until Element Is Enabled" owner="SeleniumLibrary">
<arg>xpath=//button[normalize-space()='Sell Invoices']</arg>
<arg>${Timeout}</arg>
<doc>Waits until the element ``locator`` is enabled.</doc>
<status status="PASS" start="2025-10-28T03:48:50.330703" elapsed="1.074664"/>
</kw>
<kw name="Click Element" owner="SeleniumLibrary">
<msg time="2025-10-28T03:48:51.405932" level="INFO">Clicking element 'xpath=//button[normalize-space()='Sell Invoices']'.</msg>
<arg>xpath=//button[normalize-space()='Sell Invoices']</arg>
<doc>Click the element identified by ``locator``.</doc>
<status status="PASS" start="2025-10-28T03:48:51.405674" elapsed="0.044456"/>
</kw>
<kw name="Wait Until Element Is Visible" owner="SeleniumLibrary">
<arg>xpath=//button[text()='Go to My Requests']</arg>
<arg>${Timeout}</arg>
<doc>Waits until the element ``locator`` is visible.</doc>
<status status="PASS" start="2025-10-28T03:48:51.450494" elapsed="0.629742"/>
</kw>
<kw name="Click Element" owner="SeleniumLibrary">
<msg time="2025-10-28T03:48:52.080819" level="INFO">Clicking element 'xpath=//button[text()='Go to My Requests']'.</msg>
<arg>xpath=//button[text()='Go to My Requests']</arg>
<doc>Click the element identified by ``locator``.</doc>
<status status="PASS" start="2025-10-28T03:48:52.080537" elapsed="0.060439"/>
</kw>
<kw name="Sleep" owner="BuiltIn">
<msg time="2025-10-28T03:48:55.141662" level="INFO">Slept 3 seconds.</msg>
<arg>3s</arg>
<doc>Pauses the test executed for the given time.</doc>
<status status="PASS" start="2025-10-28T03:48:52.141256" elapsed="3.000571"/>
</kw>
<arg>Talabat</arg>
<status status="PASS" start="2025-10-28T03:48:48.441924" elapsed="6.700070"/>
</kw>
<kw name="Place Restaurant Sell Order">
<kw name="Wait Until Element Is Visible" owner="SeleniumLibrary">
<arg>xpath=//a[@href="/restaurant/invoice-financing"]</arg>
<arg>${Timeout}</arg>
<doc>Waits until the element ``locator`` is visible.</doc>
<status status="PASS" start="2025-10-28T03:48:55.142853" elapsed="0.014112"/>
</kw>
<kw name="Sleep" owner="BuiltIn">
<msg time="2025-10-28T03:48:56.157678" level="INFO">Slept 1 second.</msg>
<arg>1s</arg>
<doc>Pauses the test executed for the given time.</doc>
<status status="PASS" start="2025-10-28T03:48:55.157292" elapsed="1.000574"/>
</kw>
<kw name="Click Element" owner="SeleniumLibrary">
<msg time="2025-10-28T03:48:56.158468" level="INFO">Clicking element 'xpath=//a[@href="/restaurant/invoice-financing"]'.</msg>
<arg>xpath=//a[@href="/restaurant/invoice-financing"]</arg>
<doc>Click the element identified by ``locator``.</doc>
<status status="PASS" start="2025-10-28T03:48:56.158164" elapsed="0.046656"/>
</kw>
<kw name="Set Variable" owner="BuiltIn">
<msg time="2025-10-28T03:48:56.205581" level="INFO">${brand_xpath} = //img[contains(@src, 'Noon.png')]/ancestor::div[@data-slot='card']//button[normalize-space()='Finance']</msg>
<var>${brand_xpath}</var>
<arg>//img[contains(@src, '${brand}.png')]/ancestor::div[@data-slot='card']//button[normalize-space()='Finance']</arg>
<doc>Returns the given values which can then be assigned to a variables.</doc>
<status status="PASS" start="2025-10-28T03:48:56.205177" elapsed="0.000454"/>
</kw>
<kw name="Wait Until Element Is Visible" owner="SeleniumLibrary">
<arg>${brand_xpath}</arg>
<arg>${Timeout}</arg>
<doc>Waits until the element ``locator`` is visible.</doc>
<status status="PASS" start="2025-10-28T03:48:56.205789" elapsed="0.637788"/>
</kw>
<kw name="Click Element" owner="SeleniumLibrary">
<msg time="2025-10-28T03:48:56.844156" level="INFO">Clicking element '//img[contains(@src, 'Noon.png')]/ancestor::div[@data-slot='card']//button[normalize-space()='Finance']'.</msg>
<arg>${brand_xpath}</arg>
<doc>Click the element identified by ``locator``.</doc>
<status status="PASS" start="2025-10-28T03:48:56.843851" elapsed="0.050911"/>
</kw>
<kw name="Wait Until Element Is Visible" owner="SeleniumLibrary">
<arg>xpath=(//input)[1]</arg>
<arg>${Timeout}</arg>
<doc>Waits until the element ``locator`` is visible.</doc>
<status status="PASS" start="2025-10-28T03:48:56.895053" elapsed="0.014227"/>
</kw>
<kw name="Input Text" owner="SeleniumLibrary">
<msg time="2025-10-28T03:48:56.909934" level="INFO">Typing text '1000' into text field 'xpath=(//input)[1]'.</msg>
<arg>xpath=(//input)[1]</arg>
<arg>${SELL_AMOUNT}</arg>
<doc>Types the given ``text`` into the text field identified by ``locator``.</doc>
<status status="PASS" start="2025-10-28T03:48:56.909600" elapsed="0.058924"/>
</kw>
<kw name="Input Text" owner="SeleniumLibrary">
<msg time="2025-10-28T03:48:56.969257" level="INFO">Typing text '2' into text field 'xpath=(//input)[2]'.</msg>
<arg>xpath=(//input)[2]</arg>
<arg>${SELL_DISCOUNT}</arg>
<doc>Types the given ``text`` into the text field identified by ``locator``.</doc>
<status status="PASS" start="2025-10-28T03:48:56.968901" elapsed="0.053849"/>
</kw>
<kw name="Wait Until Element Is Enabled" owner="SeleniumLibrary">
<arg>xpath=//button[normalize-space()='Sell Invoices']</arg>
<arg>${Timeout}</arg>
<doc>Waits until the element ``locator`` is enabled.</doc>
<status status="PASS" start="2025-10-28T03:48:57.023043" elapsed="1.074343"/>
</kw>
<kw name="Click Element" owner="SeleniumLibrary">
<msg time="2025-10-28T03:48:58.098136" level="INFO">Clicking element 'xpath=//button[normalize-space()='Sell Invoices']'.</msg>
<arg>xpath=//button[normalize-space()='Sell Invoices']</arg>
<doc>Click the element identified by ``locator``.</doc>
<status status="PASS" start="2025-10-28T03:48:58.097780" elapsed="0.044750"/>
</kw>
<kw name="Wait Until Element Is Visible" owner="SeleniumLibrary">
<arg>xpath=//button[text()='Go to My Requests']</arg>
<arg>${Timeout}</arg>
<doc>Waits until the element ``locator`` is visible.</doc>
<status status="PASS" start="2025-10-28T03:48:58.142918" elapsed="0.631213"/>
</kw>
<kw name="Click Element" owner="SeleniumLibrary">
<msg time="2025-10-28T03:48:58.774700" level="INFO">Clicking element 'xpath=//button[text()='Go to My Requests']'.</msg>
<arg>xpath=//button[text()='Go to My Requests']</arg>
<doc>Click the element identified by ``locator``.</doc>
<status status="PASS" start="2025-10-28T03:48:58.774411" elapsed="0.053682"/>
</kw>
<kw name="Sleep" owner="BuiltIn">
<msg time="2025-10-28T03:49:01.828758" level="INFO">Slept 3 seconds.</msg>
<arg>3s</arg>
<doc>Pauses the test executed for the given time.</doc>
<status status="PASS" start="2025-10-28T03:48:58.828372" elapsed="3.000545"/>
</kw>
<arg>Noon</arg>
<status status="PASS" start="2025-10-28T03:48:55.142359" elapsed="6.686724"/>
</kw>
<kw name="Close Browser" owner="SeleniumLibrary">
<doc>Closes the current browser.</doc>
<status status="PASS" start="2025-10-28T03:49:01.829314" elapsed="0.065343"/>
</kw>
<kw name="Login As Financier">
<kw name="Evaluate" owner="BuiltIn">
<msg time="2025-10-28T03:49:01.895763" level="INFO">${chrome options} = &lt;selenium.webdriver.chrome.options.Options object at 0x7f818b626290&gt;</msg>
<var>${chrome options}</var>
<arg>sys.modules['selenium.webdriver'].ChromeOptions()</arg>
<arg>sys, selenium.webdriver</arg>
<doc>Evaluates the given expression in Python and returns the result.</doc>
<status status="PASS" start="2025-10-28T03:49:01.895415" elapsed="0.000385"/>
</kw>
<kw name="Call Method" owner="BuiltIn">
<arg>${chrome options}</arg>
<arg>add_argument</arg>
<arg>--headless</arg>
<doc>Calls the named method of the given object with the provided arguments.</doc>
<status status="PASS" start="2025-10-28T03:49:01.895939" elapsed="0.000203"/>
</kw>
<kw name="Call Method" owner="BuiltIn">
<arg>${chrome options}</arg>
<arg>add_argument</arg>
<arg>--disable-gpu</arg>
<doc>Calls the named method of the given object with the provided arguments.</doc>
<status status="PASS" start="2025-10-28T03:49:01.896274" elapsed="0.000159"/>
</kw>
<kw name="Call Method" owner="BuiltIn">
<arg>${chrome options}</arg>
<arg>add_argument</arg>
<arg>--no-sandbox</arg>
<doc>Calls the named method of the given object with the provided arguments.</doc>
<status status="PASS" start="2025-10-28T03:49:01.896596" elapsed="0.000206"/>
</kw>
<kw name="Call Method" owner="BuiltIn">
<arg>${chrome options}</arg>
<arg>add_argument</arg>
<arg>--disable-dev-shm-usage</arg>
<doc>Calls the named method of the given object with the provided arguments.</doc>
<status status="PASS" start="2025-10-28T03:49:01.896942" elapsed="0.000192"/>
</kw>
<kw name="Set Variable" owner="BuiltIn">
<msg time="2025-10-28T03:49:01.897429" level="INFO">${size} = --window-size=1920,1080</msg>
<var>${size}</var>
<arg>--window-size=1920,1080</arg>
<doc>Returns the given values which can then be assigned to a variables.</doc>
<status status="PASS" start="2025-10-28T03:49:01.897270" elapsed="0.000189"/>
</kw>
<kw name="Call Method" owner="BuiltIn">
<arg>${chrome options}</arg>
<arg>add_argument</arg>
<arg>${size}</arg>
<doc>Calls the named method of the given object with the provided arguments.</doc>
<status status="PASS" start="2025-10-28T03:49:01.897616" elapsed="0.000184"/>
</kw>
<kw name="Open Browser" owner="SeleniumLibrary">
<msg time="2025-10-28T03:49:01.898266" level="INFO">Opening browser 'chrome' to base url 'https://rest-fin-fe.mangoforest-55e2394a.centralindia.azurecontainerapps.io/'.</msg>
<arg>${URL}</arg>
<arg>chrome</arg>
<arg>options=${chrome options}</arg>
<doc>Opens a new browser instance to the optional ``url``.</doc>
<status status="PASS" start="2025-10-28T03:49:01.897961" elapsed="2.626833"/>
</kw>
<kw name="Maximize Browser Window" owner="SeleniumLibrary">
<doc>Maximizes current browser window.</doc>
<status status="PASS" start="2025-10-28T03:49:04.525148" elapsed="0.030584"/>
</kw>
<kw name="Wait Until Element Is Visible" owner="SeleniumLibrary">
<arg>xpath=//input[@placeholder="Enter your email"]</arg>
<arg>${Timeout}</arg>
<doc>Waits until the element ``locator`` is visible.</doc>
<status status="PASS" start="2025-10-28T03:49:04.556109" elapsed="0.022795"/>
</kw>
<kw name="Input Text" owner="SeleniumLibrary">
<msg time="2025-10-28T03:49:04.579504" level="INFO">Typing text 'test@f10.com' into text field 'xpath=//input[@placeholder="Enter your email"]'.</msg>
<arg>xpath=//input[@placeholder="Enter your email"]</arg>
<arg>${FIN_EMAIL}</arg>
<doc>Types the given ``text`` into the text field identified by ``locator``.</doc>
<status status="PASS" start="2025-10-28T03:49:04.579174" elapsed="0.085488"/>
</kw>
<kw name="Input Text" owner="SeleniumLibrary">
<msg time="2025-10-28T03:49:04.665507" level="INFO">Typing text 'Naresh' into text field 'xpath=//input[@placeholder="Enter your password"]'.</msg>
<arg>xpath=//input[@placeholder="Enter your password"]</arg>
<arg>${PASSWORD}</arg>
<doc>Types the given ``text`` into the text field identified by ``locator``.</doc>
<status status="PASS" start="2025-10-28T03:49:04.665063" elapsed="0.062243"/>
</kw>
<kw name="Click Element" owner="SeleniumLibrary">
<msg time="2025-10-28T03:49:04.727889" level="INFO">Clicking element 'xpath=//button[text()="Login"]'.</msg>
<arg>xpath=//button[text()="Login"]</arg>
<doc>Click the element identified by ``locator``.</doc>
<status status="PASS" start="2025-10-28T03:49:04.727616" elapsed="0.062393"/>
</kw>
<status status="PASS" start="2025-10-28T03:49:01.895044" elapsed="2.895206"/>
</kw>
<kw name="Sleep" owner="BuiltIn">
<msg time="2025-10-28T03:49:06.790952" level="INFO">Slept 2 seconds.</msg>
<arg>2s</arg>
<doc>Pauses the test executed for the given time.</doc>
<status status="PASS" start="2025-10-28T03:49:04.790531" elapsed="2.000580"/>
</kw>
<kw name="Place And Wait For Buy Fulfillment">
<kw name="Wait Until Element Is Visible" owner="SeleniumLibrary">
<arg>xpath=//a[@href="/financer/marketplace"]</arg>
<arg>${Timeout}</arg>
<doc>Waits until the element ``locator`` is visible.</doc>
<status status="PASS" start="2025-10-28T03:49:06.792089" elapsed="0.016482"/>
</kw>
<kw name="Sleep" owner="BuiltIn">
<msg time="2025-10-28T03:49:07.809184" level="INFO">Slept 1 second.</msg>
<arg>1s</arg>
<doc>Pauses the test executed for the given time.</doc>
<status status="PASS" start="2025-10-28T03:49:06.808830" elapsed="1.000516"/>
</kw>
<kw name="Click Element" owner="SeleniumLibrary">
<msg time="2025-10-28T03:49:07.809953" level="INFO">Clicking element 'xpath=//a[@href="/financer/marketplace"]'.</msg>
<arg>xpath=//a[@href="/financer/marketplace"]</arg>
<doc>Click the element identified by ``locator``.</doc>
<status status="PASS" start="2025-10-28T03:49:07.809681" elapsed="0.051726"/>
</kw>
<kw name="Set Variable" owner="BuiltIn">
<msg time="2025-10-28T03:49:07.862095" level="INFO">${brand_xpath} = //img[contains(@src, 'Careem.png')]/ancestor::div[@data-slot='card']//button[normalize-space()='Trade']</msg>
<var>${brand_xpath}</var>
<arg>//img[contains(@src, '${brand}.png')]/ancestor::div[@data-slot='card']//button[normalize-space()='Trade']</arg>
<doc>Returns the given values which can then be assigned to a variables.</doc>
<status status="PASS" start="2025-10-28T03:49:07.861742" elapsed="0.000388"/>
</kw>
<kw name="Wait Until Element Is Visible" owner="SeleniumLibrary">
<arg>${brand_xpath}</arg>
<arg>${Timeout}</arg>
<doc>Waits until the element ``locator`` is visible.</doc>
<status status="PASS" start="2025-10-28T03:49:07.862289" elapsed="0.022471"/>
</kw>
<kw name="Click Element" owner="SeleniumLibrary">
<msg time="2025-10-28T03:49:07.885384" level="INFO">Clicking element '//img[contains(@src, 'Careem.png')]/ancestor::div[@data-slot='card']//button[normalize-space()='Trade']'.</msg>
<arg>${brand_xpath}</arg>
<doc>Click the element identified by ``locator``.</doc>
<status status="PASS" start="2025-10-28T03:49:07.885058" elapsed="0.050538"/>
</kw>
<kw name="Execute Javascript" owner="SeleniumLibrary">
<msg time="2025-10-28T03:49:07.936337" level="INFO">Executing JavaScript:
document.querySelector('main').scrollTop += 500;
Without any arguments.</msg>
<arg>document.querySelector('main').scrollTop += 500;</arg>
<doc>Executes the given JavaScript code with possible arguments.</doc>
<status status="PASS" start="2025-10-28T03:49:07.935892" elapsed="0.004369"/>
</kw>
<kw name="Wait Until Element Is Visible" owner="SeleniumLibrary">
<arg>xpath=(//input)[1]</arg>
<arg>${Timeout}</arg>
<doc>Waits until the element ``locator`` is visible.</doc>
<status status="PASS" start="2025-10-28T03:49:07.940440" elapsed="0.228736"/>
</kw>
<kw name="Sleep" owner="BuiltIn">
<msg time="2025-10-28T03:49:09.169826" level="INFO">Slept 1 second.</msg>
<arg>1s</arg>
<doc>Pauses the test executed for the given time.</doc>
<status status="PASS" start="2025-10-28T03:49:08.169454" elapsed="1.000522"/>
</kw>
<kw name="Input Text" owner="SeleniumLibrary">
<msg time="2025-10-28T03:49:09.170611" level="INFO">Typing text '2' into text field 'xpath=(//input)[1]'.</msg>
<arg>xpath=(//input)[1]</arg>
<arg>${BUY_DISCOUNT}</arg>
<doc>Types the given ``text`` into the text field identified by ``locator``.</doc>
<status status="PASS" start="2025-10-28T03:49:09.170244" elapsed="0.060163"/>
</kw>
<kw name="Sleep" owner="BuiltIn">
<msg time="2025-10-28T03:49:10.231316" level="INFO">Slept 1 second.</msg>
<arg>1s</arg>
<doc>Pauses the test executed for the given time.</doc>
<status status="PASS" start="2025-10-28T03:49:09.230843" elapsed="1.000627"/>
</kw>
<kw name="Input Text" owner="SeleniumLibrary">
<msg time="2025-10-28T03:49:10.232141" level="INFO">Typing text '1000' into text field 'xpath=(//input)[2]'.</msg>
<arg>xpath=(//input)[2]</arg>
<arg>${BUY_AMOUNT}</arg>
<doc>Types the given ``text`` into the text field identified by ``locator``.</doc>
<status status="PASS" start="2025-10-28T03:49:10.231794" elapsed="0.063632"/>
</kw>
<kw name="Sleep" owner="BuiltIn">
<msg time="2025-10-28T03:49:11.296121" level="INFO">Slept 1 second.</msg>
<arg>1s</arg>
<doc>Pauses the test executed for the given time.</doc>
<status status="PASS" start="2025-10-28T03:49:10.295744" elapsed="1.000528"/>
</kw>
<kw name="Get Current Date" owner="DateTime">
<msg time="2025-10-28T03:49:11.296989" level="INFO">${start_time} = 2025-10-28 03:49:11.296828</msg>
<var>${start_time}</var>
<arg>result_format=%Y-%m-%d %H:%M:%S.%f</arg>
<doc>Returns current local or UTC time with an optional increment.</doc>
<status status="PASS" start="2025-10-28T03:49:11.296538" elapsed="0.000501"/>
</kw>
<kw name="Wait Until Element Is Enabled" owner="SeleniumLibrary">
<arg>(//button[normalize-space()='Buy Tokens'])</arg>
<arg>${Timeout}</arg>
<doc>Waits until the element ``locator`` is enabled.</doc>
<status status="PASS" start="2025-10-28T03:49:11.297271" elapsed="0.023996"/>
</kw>
<kw name="Click Element" owner="SeleniumLibrary">
<msg time="2025-10-28T03:49:11.321843" level="INFO">Clicking element '(//button[normalize-space()='Buy Tokens'])'.</msg>
<arg>(//button[normalize-space()='Buy Tokens'])</arg>
<doc>Click the element identified by ``locator``.</doc>
<status status="PASS" start="2025-10-28T03:49:11.321573" elapsed="0.050205"/>
</kw>
<kw name="Wait Until Element Is Visible" owner="SeleniumLibrary">
<arg>xpath=//button[text()='Go to My Tradebook']</arg>
<arg>${Timeout}</arg>
<doc>Waits until the element ``locator`` is visible.</doc>
<status status="PASS" start="2025-10-28T03:49:11.372074" elapsed="0.635062"/>
</kw>
<kw name="Click Element" owner="SeleniumLibrary">
<msg time="2025-10-28T03:49:12.007735" level="INFO">Clicking element 'xpath=//button[text()='Go to My Tradebook']'.</msg>
<arg>xpath=//button[text()='Go to My Tradebook']</arg>
<doc>Click the element identified by ``locator``.</doc>
<status status="PASS" start="2025-10-28T03:49:12.007429" elapsed="0.082172"/>
</kw>
<for flavor="IN RANGE">
<iter>
<kw name="Sleep" owner="BuiltIn">
<msg time="2025-10-28T03:49:13.090660" level="INFO">Slept 1 second.</msg>
<arg>1s</arg>
<doc>Pauses the test executed for the given time.</doc>
<status status="PASS" start="2025-10-28T03:49:12.090334" elapsed="1.000517"/>
</kw>
<kw name="Reload Page" owner="SeleniumLibrary">
<doc>Simulates user reloading page.</doc>
<status status="PASS" start="2025-10-28T03:49:13.091181" elapsed="0.290874"/>
</kw>
<kw name="Wait Until Element Is Visible" owner="SeleniumLibrary">
<arg>xpath=//h1[text()="My Tradebook"]</arg>
<arg>${Timeout}</arg>
<doc>Waits until the element ``locator`` is visible.</doc>
<status status="PASS" start="2025-10-28T03:49:13.382340" elapsed="0.018125"/>
</kw>
<kw name="Wait Until Element Is Visible" owner="SeleniumLibrary">
<arg>xpath=//table//tr</arg>
<arg>${Timeout}</arg>
<doc>Waits until the element ``locator`` is visible.</doc>
<status status="PASS" start="2025-10-28T03:49:13.400858" elapsed="0.715865"/>
</kw>
<kw name="Get Text" owner="SeleniumLibrary">
<msg time="2025-10-28T03:49:14.138737" level="INFO">${status} = Open</msg>
<var>${status}</var>
<arg>(//table//tr)[2]/td[last()]</arg>
<doc>Returns the text value of the element identified by ``locator``.</doc>
<status status="PASS" start="2025-10-28T03:49:14.117012" elapsed="0.021783"/>
</kw>
<kw name="Convert To Upper Case" owner="String">
<msg time="2025-10-28T03:49:14.139306" level="INFO">${status} = OPEN</msg>
<var>${status}</var>
<arg>${status}</arg>
<doc>Converts string to upper case.</doc>
<status status="PASS" start="2025-10-28T03:49:14.139055" elapsed="0.000282"/>
</kw>
<kw name="Run Keyword If" owner="BuiltIn">
<arg>'${status}'=='FULFILLED'</arg>
<arg>Exit For Loop</arg>
<doc>Runs the given keyword with the given arguments, if ``condition`` is true.</doc>
<status status="PASS" start="2025-10-28T03:49:14.139487" elapsed="0.000227"/>
</kw>
<var name="${i}">0</var>
<status status="PASS" start="2025-10-28T03:49:12.090151" elapsed="2.049626"/>
</iter>
<iter>
<kw name="Sleep" owner="BuiltIn">
<msg time="2025-10-28T03:49:15.140402" level="INFO">Slept 1 second.</msg>
<arg>1s</arg>
<doc>Pauses the test executed for the given time.</doc>
<status status="PASS" start="2025-10-28T03:49:14.140060" elapsed="1.000547"/>
</kw>
<kw name="Reload Page" owner="SeleniumLibrary">
<doc>Simulates user reloading page.</doc>
<status status="PASS" start="2025-10-28T03:49:15.140905" elapsed="0.265266"/>
</kw>
<kw name="Wait Until Element Is Visible" owner="SeleniumLibrary">
<arg>xpath=//h1[text()="My Tradebook"]</arg>
<arg>${Timeout}</arg>
<doc>Waits until the element ``locator`` is visible.</doc>
<status status="PASS" start="2025-10-28T03:49:15.406576" elapsed="0.017047"/>
</kw>
<kw name="Wait Until Element Is Visible" owner="SeleniumLibrary">
<arg>xpath=//table//tr</arg>
<arg>${Timeout}</arg>
<doc>Waits until the element ``locator`` is visible.</doc>
<status status="PASS" start="2025-10-28T03:49:15.423928" elapsed="0.694677"/>
</kw>
<kw name="Get Text" owner="SeleniumLibrary">
<msg time="2025-10-28T03:49:16.132503" level="INFO">${status} = Open</msg>
<var>${status}</var>
<arg>(//table//tr)[2]/td[last()]</arg>
<doc>Returns the text value of the element identified by ``locator``.</doc>
<status status="PASS" start="2025-10-28T03:49:16.118898" elapsed="0.013685"/>
</kw>
<kw name="Convert To Upper Case" owner="String">
<msg time="2025-10-28T03:49:16.133112" level="INFO">${status} = OPEN</msg>
<var>${status}</var>
<arg>${status}</arg>
<doc>Converts string to upper case.</doc>
<status status="PASS" start="2025-10-28T03:49:16.132846" elapsed="0.000296"/>
</kw>
<kw name="Run Keyword If" owner="BuiltIn">
<arg>'${status}'=='FULFILLED'</arg>
<arg>Exit For Loop</arg>
<doc>Runs the given keyword with the given arguments, if ``condition`` is true.</doc>
<status status="PASS" start="2025-10-28T03:49:16.133287" elapsed="0.000200"/>
</kw>
<var name="${i}">1</var>
<status status="PASS" start="2025-10-28T03:49:14.139953" elapsed="1.993612"/>
</iter>
<iter>
<kw name="Sleep" owner="BuiltIn">
<msg time="2025-10-28T03:49:17.134154" level="INFO">Slept 1 second.</msg>
<arg>1s</arg>
<doc>Pauses the test executed for the given time.</doc>
<status status="PASS" start="2025-10-28T03:49:16.133840" elapsed="1.000477"/>
</kw>
<kw name="Reload Page" owner="SeleniumLibrary">
<doc>Simulates user reloading page.</doc>
<status status="PASS" start="2025-10-28T03:49:17.134611" elapsed="0.269215"/>
</kw>
<kw name="Wait Until Element Is Visible" owner="SeleniumLibrary">
<arg>xpath=//h1[text()="My Tradebook"]</arg>
<arg>${Timeout}</arg>
<doc>Waits until the element ``locator`` is visible.</doc>
<status status="PASS" start="2025-10-28T03:49:17.404191" elapsed="0.014451"/>
</kw>
<kw name="Wait Until Element Is Visible" owner="SeleniumLibrary">
<arg>xpath=//table//tr</arg>
<arg>${Timeout}</arg>
<doc>Waits until the element ``locator`` is visible.</doc>
<status status="PASS" start="2025-10-28T03:49:17.418939" elapsed="1.045786"/>
</kw>
<kw name="Get Text" owner="SeleniumLibrary">
<msg time="2025-10-28T03:49:18.478058" level="INFO">${status} = Open</msg>
<var>${status}</var>
<arg>(//table//tr)[2]/td[last()]</arg>
<doc>Returns the text value of the element identified by ``locator``.</doc>
<status status="PASS" start="2025-10-28T03:49:18.465023" elapsed="0.013084"/>
</kw>
<kw name="Convert To Upper Case" owner="String">
<msg time="2025-10-28T03:49:18.478606" level="INFO">${status} = OPEN</msg>
<var>${status}</var>
<arg>${status}</arg>
<doc>Converts string to upper case.</doc>
<status status="PASS" start="2025-10-28T03:49:18.478336" elapsed="0.000304"/>
</kw>
<kw name="Run Keyword If" owner="BuiltIn">
<arg>'${status}'=='FULFILLED'</arg>
<arg>Exit For Loop</arg>
<doc>Runs the given keyword with the given arguments, if ``condition`` is true.</doc>
<status status="PASS" start="2025-10-28T03:49:18.478790" elapsed="0.000201"/>
</kw>
<var name="${i}">2</var>
<status status="PASS" start="2025-10-28T03:49:16.133735" elapsed="2.345317"/>
</iter>
<iter>
<kw name="Sleep" owner="BuiltIn">
<msg time="2025-10-28T03:49:19.479650" level="INFO">Slept 1 second.</msg>
<arg>1s</arg>
<doc>Pauses the test executed for the given time.</doc>
<status status="PASS" start="2025-10-28T03:49:18.479334" elapsed="1.000480"/>
</kw>
<kw name="Reload Page" owner="SeleniumLibrary">
<doc>Simulates user reloading page.</doc>
<status status="PASS" start="2025-10-28T03:49:19.480104" elapsed="0.264328"/>
</kw>
<kw name="Wait Until Element Is Visible" owner="SeleniumLibrary">
<arg>xpath=//h1[text()="My Tradebook"]</arg>
<arg>${Timeout}</arg>
<doc>Waits until the element ``locator`` is visible.</doc>
<status status="PASS" start="2025-10-28T03:49:19.744834" elapsed="0.015148"/>
</kw>
<kw name="Wait Until Element Is Visible" owner="SeleniumLibrary">
<arg>xpath=//table//tr</arg>
<arg>${Timeout}</arg>
<doc>Waits until the element ``locator`` is visible.</doc>
<status status="PASS" start="2025-10-28T03:49:19.760256" elapsed="0.686892"/>
</kw>
<kw name="Get Text" owner="SeleniumLibrary">
<msg time="2025-10-28T03:49:20.460097" level="INFO">${status} = Open</msg>
<var>${status}</var>
<arg>(//table//tr)[2]/td[last()]</arg>
<doc>Returns the text value of the element identified by ``locator``.</doc>
<status status="PASS" start="2025-10-28T03:49:20.447407" elapsed="0.012732"/>
</kw>
<kw name="Convert To Upper Case" owner="String">
<msg time="2025-10-28T03:49:20.460582" level="INFO">${status} = OPEN</msg>
<var>${status}</var>
<arg>${status}</arg>
<doc>Converts string to upper case.</doc>
<status status="PASS" start="2025-10-28T03:49:20.460332" elapsed="0.000284"/>
</kw>
<kw name="Run Keyword If" owner="BuiltIn">
<arg>'${status}'=='FULFILLED'</arg>
<arg>Exit For Loop</arg>
<doc>Runs the given keyword with the given arguments, if ``condition`` is true.</doc>
<status status="PASS" start="2025-10-28T03:49:20.460769" elapsed="0.000193"/>
</kw>
<var name="${i}">3</var>
<status status="PASS" start="2025-10-28T03:49:18.479228" elapsed="1.981794"/>
</iter>
<iter>
<kw name="Sleep" owner="BuiltIn">
<msg time="2025-10-28T03:49:21.461585" level="INFO">Slept 1 second.</msg>
<arg>1s</arg>
<doc>Pauses the test executed for the given time.</doc>
<status status="PASS" start="2025-10-28T03:49:20.461282" elapsed="1.000451"/>
</kw>
<kw name="Reload Page" owner="SeleniumLibrary">
<doc>Simulates user reloading page.</doc>
<status status="PASS" start="2025-10-28T03:49:21.462000" elapsed="0.263727"/>
</kw>
<kw name="Wait Until Element Is Visible" owner="SeleniumLibrary">
<arg>xpath=//h1[text()="My Tradebook"]</arg>
<arg>${Timeout}</arg>
<doc>Waits until the element ``locator`` is visible.</doc>
<status status="PASS" start="2025-10-28T03:49:21.726082" elapsed="0.015255"/>
</kw>
<kw name="Wait Until Element Is Visible" owner="SeleniumLibrary">
<arg>xpath=//table//tr</arg>
<arg>${Timeout}</arg>
<doc>Waits until the element ``locator`` is visible.</doc>
<status status="PASS" start="2025-10-28T03:49:21.741634" elapsed="0.713418"/>
</kw>
<kw name="Get Text" owner="SeleniumLibrary">
<msg time="2025-10-28T03:49:22.467801" level="INFO">${status} = Fulfilled</msg>
<var>${status}</var>
<arg>(//table//tr)[2]/td[last()]</arg>
<doc>Returns the text value of the element identified by ``locator``.</doc>
<status status="PASS" start="2025-10-28T03:49:22.455394" elapsed="0.012449"/>
</kw>
<kw name="Convert To Upper Case" owner="String">
<msg time="2025-10-28T03:49:22.468269" level="INFO">${status} = FULFILLED</msg>
<var>${status}</var>
<arg>${status}</arg>
<doc>Converts string to upper case.</doc>
<status status="PASS" start="2025-10-28T03:49:22.468045" elapsed="0.000254"/>
</kw>
<kw name="Run Keyword If" owner="BuiltIn">
<kw name="Exit For Loop" owner="BuiltIn">
<msg time="2025-10-28T03:49:22.468944" level="INFO">Exiting for loop altogether.</msg>
<doc>Stops executing the enclosing FOR loop.</doc>
<status status="PASS" start="2025-10-28T03:49:22.468828" elapsed="0.000193"/>
</kw>
<arg>'${status}'=='FULFILLED'</arg>
<arg>Exit For Loop</arg>
<doc>Runs the given keyword with the given arguments, if ``condition`` is true.</doc>
<status status="PASS" start="2025-10-28T03:49:22.468482" elapsed="0.000600"/>
</kw>
<var name="${i}">4</var>
<status status="PASS" start="2025-10-28T03:49:20.461180" elapsed="2.007955"/>
</iter>
<var>${i}</var>
<value>50</value>
<status status="PASS" start="2025-10-28T03:49:12.089843" elapsed="10.379350"/>
</for>
<kw name="Get Current Date" owner="DateTime">
<msg time="2025-10-28T03:49:22.469625" level="INFO">${end_time} = 2025-10-28 03:49:22.469499</msg>
<var>${end_time}</var>
<arg>result_format=%Y-%m-%d %H:%M:%S.%f</arg>
<doc>Returns current local or UTC time with an optional increment.</doc>
<status status="PASS" start="2025-10-28T03:49:22.469341" elapsed="0.000318"/>
</kw>
<kw name="Subtract Date From Date" owner="DateTime">
<msg time="2025-10-28T03:49:22.490622" level="INFO">${duration} = 11.172671</msg>
<var>${duration}</var>
<arg>${end_time}</arg>
<arg>${start_time}</arg>
<arg>result_format=number</arg>
<doc>Subtracts date from another date and returns time between.</doc>
<status status="PASS" start="2025-10-28T03:49:22.469794" elapsed="0.020870"/>
</kw>
<kw name="Evaluate" owner="BuiltIn">
<msg time="2025-10-28T03:49:22.491137" level="INFO">${duration} = 11.173</msg>
<var>${duration}</var>
<arg>round(${duration}, 3)</arg>
<doc>Evaluates the given expression in Python and returns the result.</doc>
<status status="PASS" start="2025-10-28T03:49:22.490845" elapsed="0.000323"/>
</kw>
<kw name="Evaluate" owner="BuiltIn">
<msg time="2025-10-28T03:49:22.491530" level="INFO">${brand_padded} = Careem      </msg>
<var>${brand_padded}</var>
<arg>"{:&lt;12}".format("${brand}")</arg>
<doc>Evaluates the given expression in Python and returns the result.</doc>
<status status="PASS" start="2025-10-28T03:49:22.491301" elapsed="0.000277"/>
</kw>
<kw name="Set Variable" owner="BuiltIn">
<msg time="2025-10-28T03:49:22.491918" level="INFO">${line} = Careem      11.173 seconds</msg>
<var>${line}</var>
<arg>${brand_padded}${duration} seconds</arg>
<doc>Returns the given values which can then be assigned to a variables.</doc>
<status status="PASS" start="2025-10-28T03:49:22.491712" elapsed="0.000233"/>
</kw>
<kw name="Append To File" owner="OperatingSystem">
<msg time="2025-10-28T03:49:22.492315" level="INFO" html="true">Appended to file '&lt;a href="file:///home/runner/work/UAE_RESTAURANT_FIN/UAE_RESTAURANT_FIN/results/summary.txt"&gt;/home/runner/work/UAE_RESTAURANT_FIN/UAE_RESTAURANT_FIN/results/summary.txt&lt;/a&gt;'.</msg>
<arg>results/summary.txt</arg>
<arg>${line}\n</arg>
<doc>Appends the given content to the specified file.</doc>
<status status="PASS" start="2025-10-28T03:49:22.492065" elapsed="0.000312"/>
</kw>
<arg>Careem</arg>
<status status="PASS" start="2025-10-28T03:49:06.791691" elapsed="15.700778"/>
</kw>
<kw name="Place And Wait For Buy Fulfillment">
<kw name="Wait Until Element Is Visible" owner="SeleniumLibrary">
<arg>xpath=//a[@href="/financer/marketplace"]</arg>
<arg>${Timeout}</arg>
<doc>Waits until the element ``locator`` is visible.</doc>
<status status="PASS" start="2025-10-28T03:49:22.493149" elapsed="0.012477"/>
</kw>
<kw name="Sleep" owner="BuiltIn">
<msg time="2025-10-28T03:49:23.506155" level="INFO">Slept 1 second.</msg>
<arg>1s</arg>
<doc>Pauses the test executed for the given time.</doc>
<status status="PASS" start="2025-10-28T03:49:22.505809" elapsed="1.000511"/>
</kw>
<kw name="Click Element" owner="SeleniumLibrary">
<msg time="2025-10-28T03:49:23.506952" level="INFO">Clicking element 'xpath=//a[@href="/financer/marketplace"]'.</msg>
<arg>xpath=//a[@href="/financer/marketplace"]</arg>
<doc>Click the element identified by ``locator``.</doc>
<status status="PASS" start="2025-10-28T03:49:23.506659" elapsed="0.053125"/>
</kw>
<kw name="Set Variable" owner="BuiltIn">
<msg time="2025-10-28T03:49:23.560434" level="INFO">${brand_xpath} = //img[contains(@src, 'Talabat.png')]/ancestor::div[@data-slot='card']//button[normalize-space()='Trade']</msg>
<var>${brand_xpath}</var>
<arg>//img[contains(@src, '${brand}.png')]/ancestor::div[@data-slot='card']//button[normalize-space()='Trade']</arg>
<doc>Returns the given values which can then be assigned to a variables.</doc>
<status status="PASS" start="2025-10-28T03:49:23.560076" elapsed="0.000393"/>
</kw>
<kw name="Wait Until Element Is Visible" owner="SeleniumLibrary">
<arg>${brand_xpath}</arg>
<arg>${Timeout}</arg>
<doc>Waits until the element ``locator`` is visible.</doc>
<status status="PASS" start="2025-10-28T03:49:23.560638" elapsed="0.636401"/>
</kw>
<kw name="Click Element" owner="SeleniumLibrary">
<msg time="2025-10-28T03:49:24.197654" level="INFO">Clicking element '//img[contains(@src, 'Talabat.png')]/ancestor::div[@data-slot='card']//button[normalize-space()='Trade']'.</msg>
<arg>${brand_xpath}</arg>
<doc>Click the element identified by ``locator``.</doc>
<status status="PASS" start="2025-10-28T03:49:24.197314" elapsed="0.055071"/>
</kw>
<kw name="Execute Javascript" owner="SeleniumLibrary">
<msg time="2025-10-28T03:49:24.253194" level="INFO">Executing JavaScript:
document.querySelector('main').scrollTop += 500;
Without any arguments.</msg>
<arg>document.querySelector('main').scrollTop += 500;</arg>
<doc>Executes the given JavaScript code with possible arguments.</doc>
<status status="PASS" start="2025-10-28T03:49:24.252709" elapsed="0.015634"/>
</kw>
<kw name="Wait Until Element Is Visible" owner="SeleniumLibrary">
<arg>xpath=(//input)[1]</arg>
<arg>${Timeout}</arg>
<doc>Waits until the element ``locator`` is visible.</doc>
<status status="PASS" start="2025-10-28T03:49:24.268681" elapsed="0.014990"/>
</kw>
<kw name="Sleep" owner="BuiltIn">
<msg time="2025-10-28T03:49:25.284445" level="INFO">Slept 1 second.</msg>
<arg>1s</arg>
<doc>Pauses the test executed for the given time.</doc>
<status status="PASS" start="2025-10-28T03:49:24.284025" elapsed="1.000623"/>
</kw>
<kw name="Input Text" owner="SeleniumLibrary">
<msg time="2025-10-28T03:49:25.285363" level="INFO">Typing text '2' into text field 'xpath=(//input)[1]'.</msg>
<arg>xpath=(//input)[1]</arg>
<arg>${BUY_DISCOUNT}</arg>
<doc>Types the given ``text`` into the text field identified by ``locator``.</doc>
<status status="PASS" start="2025-10-28T03:49:25.284966" elapsed="0.058729"/>
</kw>
<kw name="Sleep" owner="BuiltIn">
<msg time="2025-10-28T03:49:26.344336" level="INFO">Slept 1 second.</msg>
<arg>1s</arg>
<doc>Pauses the test executed for the given time.</doc>
<status status="PASS" start="2025-10-28T03:49:25.343982" elapsed="1.000525"/>
</kw>
<kw name="Input Text" owner="SeleniumLibrary">
<msg time="2025-10-28T03:49:26.345193" level="INFO">Typing text '1000' into text field 'xpath=(//input)[2]'.</msg>
<arg>xpath=(//input)[2]</arg>
<arg>${BUY_AMOUNT}</arg>
<doc>Types the given ``text`` into the text field identified by ``locator``.</doc>
<status status="PASS" start="2025-10-28T03:49:26.344823" elapsed="0.062209"/>
</kw>
<kw name="Sleep" owner="BuiltIn">
<msg time="2025-10-28T03:49:27.407686" level="INFO">Slept 1 second.</msg>
<arg>1s</arg>
<doc>Pauses the test executed for the given time.</doc>
<status status="PASS" start="2025-10-28T03:49:26.407311" elapsed="1.000589"/>
</kw>
<kw name="Get Current Date" owner="DateTime">
<msg time="2025-10-28T03:49:27.408503" level="INFO">${start_time} = 2025-10-28 03:49:27.408385</msg>
<var>${start_time}</var>
<arg>result_format=%Y-%m-%d %H:%M:%S.%f</arg>
<doc>Returns current local or UTC time with an optional increment.</doc>
<status status="PASS" start="2025-10-28T03:49:27.408165" elapsed="0.000368"/>
</kw>
<kw name="Wait Until Element Is Enabled" owner="SeleniumLibrary">
<arg>(//button[normalize-space()='Buy Tokens'])</arg>
<arg>${Timeout}</arg>
<doc>Waits until the element ``locator`` is enabled.</doc>
<status status="PASS" start="2025-10-28T03:49:27.408711" elapsed="0.018218"/>
</kw>
<kw name="Click Element" owner="SeleniumLibrary">
<msg time="2025-10-28T03:49:27.427427" level="INFO">Clicking element '(//button[normalize-space()='Buy Tokens'])'.</msg>
<arg>(//button[normalize-space()='Buy Tokens'])</arg>
<doc>Click the element identified by ``locator``.</doc>
<status status="PASS" start="2025-10-28T03:49:27.427182" elapsed="0.045875"/>
</kw>
<kw name="Wait Until Element Is Visible" owner="SeleniumLibrary">
<arg>xpath=//button[text()='Go to My Tradebook']</arg>
<arg>${Timeout}</arg>
<doc>Waits until the element ``locator`` is visible.</doc>
<status status="PASS" start="2025-10-28T03:49:27.473354" elapsed="0.631684"/>
</kw>
<kw name="Click Element" owner="SeleniumLibrary">
<msg time="2025-10-28T03:49:28.105590" level="INFO">Clicking element 'xpath=//button[text()='Go to My Tradebook']'.</msg>
<arg>xpath=//button[text()='Go to My Tradebook']</arg>
<doc>Click the element identified by ``locator``.</doc>
<status status="PASS" start="2025-10-28T03:49:28.105308" elapsed="0.070504"/>
</kw>
<for flavor="IN RANGE">
<iter>
<kw name="Sleep" owner="BuiltIn">
<msg time="2025-10-28T03:49:29.176783" level="INFO">Slept 1 second.</msg>
<arg>1s</arg>
<doc>Pauses the test executed for the given time.</doc>
<status status="PASS" start="2025-10-28T03:49:28.176419" elapsed="1.000536"/>
</kw>
<kw name="Reload Page" owner="SeleniumLibrary">
<doc>Simulates user reloading page.</doc>
<status status="PASS" start="2025-10-28T03:49:29.177253" elapsed="0.265213"/>
</kw>
<kw name="Wait Until Element Is Visible" owner="SeleniumLibrary">
<arg>xpath=//h1[text()="My Tradebook"]</arg>
<arg>${Timeout}</arg>
<doc>Waits until the element ``locator`` is visible.</doc>
<status status="PASS" start="2025-10-28T03:49:29.442850" elapsed="0.014155"/>
</kw>
<kw name="Wait Until Element Is Visible" owner="SeleniumLibrary">
<arg>xpath=//table//tr</arg>
<arg>${Timeout}</arg>
<doc>Waits until the element ``locator`` is visible.</doc>
<status status="PASS" start="2025-10-28T03:49:29.457294" elapsed="0.715572"/>
</kw>
<kw name="Get Text" owner="SeleniumLibrary">
<msg time="2025-10-28T03:49:30.186533" level="INFO">${status} = Open</msg>
<var>${status}</var>
<arg>(//table//tr)[2]/td[last()]</arg>
<doc>Returns the text value of the element identified by ``locator``.</doc>
<status status="PASS" start="2025-10-28T03:49:30.173147" elapsed="0.013450"/>
</kw>
<kw name="Convert To Upper Case" owner="String">
<msg time="2025-10-28T03:49:30.187023" level="INFO">${status} = OPEN</msg>
<var>${status}</var>
<arg>${status}</arg>
<doc>Converts string to upper case.</doc>
<status status="PASS" start="2025-10-28T03:49:30.186792" elapsed="0.000261"/>
</kw>
<kw name="Run Keyword If" owner="BuiltIn">
<arg>'${status}'=='FULFILLED'</arg>
<arg>Exit For Loop</arg>
<doc>Runs the given keyword with the given arguments, if ``condition`` is true.</doc>
<status status="PASS" start="2025-10-28T03:49:30.187197" elapsed="0.000196"/>
</kw>
<var name="${i}">0</var>
<status status="PASS" start="2025-10-28T03:49:28.176246" elapsed="2.011206"/>
</iter>
<iter>
<kw name="Sleep" owner="BuiltIn">
<msg time="2025-10-28T03:49:31.188044" level="INFO">Slept 1 second.</msg>
<arg>1s</arg>
<doc>Pauses the test executed for the given time.</doc>
<status status="PASS" start="2025-10-28T03:49:30.187739" elapsed="1.000467"/>
</kw>
<kw name="Reload Page" owner="SeleniumLibrary">
<doc>Simulates user reloading page.</doc>
<status status="PASS" start="2025-10-28T03:49:31.188474" elapsed="0.264359"/>
</kw>
<kw name="Wait Until Element Is Visible" owner="SeleniumLibrary">
<arg>xpath=//h1[text()="My Tradebook"]</arg>
<arg>${Timeout}</arg>
<doc>Waits until the element ``locator`` is visible.</doc>
<status status="PASS" start="2025-10-28T03:49:31.453187" elapsed="0.013989"/>
</kw>
<kw name="Wait Until Element Is Visible" owner="SeleniumLibrary">
<arg>xpath=//table//tr</arg>
<arg>${Timeout}</arg>
<doc>Waits until the element ``locator`` is visible.</doc>
<status status="PASS" start="2025-10-28T03:49:31.467459" elapsed="0.715606"/>
</kw>
<kw name="Get Text" owner="SeleniumLibrary">
<msg time="2025-10-28T03:49:32.196107" level="INFO">${status} = Open</msg>
<var>${status}</var>
<arg>(//table//tr)[2]/td[last()]</arg>
<doc>Returns the text value of the element identified by ``locator``.</doc>
<status status="PASS" start="2025-10-28T03:49:32.183354" elapsed="0.012796"/>
</kw>
<kw name="Convert To Upper Case" owner="String">
<msg time="2025-10-28T03:49:32.196612" level="INFO">${status} = OPEN</msg>
<var>${status}</var>
<arg>${status}</arg>
<doc>Converts string to upper case.</doc>
<status status="PASS" start="2025-10-28T03:49:32.196354" elapsed="0.000290"/>
</kw>
<kw name="Run Keyword If" owner="BuiltIn">
<arg>'${status}'=='FULFILLED'</arg>
<arg>Exit For Loop</arg>
<doc>Runs the given keyword with the given arguments, if ``condition`` is true.</doc>
<status status="PASS" start="2025-10-28T03:49:32.196791" elapsed="0.000196"/>
</kw>
<var name="${i}">1</var>
<status status="PASS" start="2025-10-28T03:49:30.187635" elapsed="2.009411"/>
</iter>
<iter>
<kw name="Sleep" owner="BuiltIn">
<msg time="2025-10-28T03:49:33.197638" level="INFO">Slept 1 second.</msg>
<arg>1s</arg>
<doc>Pauses the test executed for the given time.</doc>
<status status="PASS" start="2025-10-28T03:49:32.197316" elapsed="1.000473"/>
</kw>
<kw name="Reload Page" owner="SeleniumLibrary">
<doc>Simulates user reloading page.</doc>
<status status="PASS" start="2025-10-28T03:49:33.198056" elapsed="0.265660"/>
</kw>
<kw name="Wait Until Element Is Visible" owner="SeleniumLibrary">
<arg>xpath=//h1[text()="My Tradebook"]</arg>
<arg>${Timeout}</arg>
<doc>Waits until the element ``locator`` is visible.</doc>
<status status="PASS" start="2025-10-28T03:49:33.464093" elapsed="0.017046"/>
</kw>
<kw name="Wait Until Element Is Visible" owner="SeleniumLibrary">
<arg>xpath=//table//tr</arg>
<arg>${Timeout}</arg>
<doc>Waits until the element ``locator`` is visible.</doc>
<status status="PASS" start="2025-10-28T03:49:33.481496" elapsed="1.045858"/>
</kw>
<kw name="Get Text" owner="SeleniumLibrary">
<msg time="2025-10-28T03:49:34.540260" level="INFO">${status} = Open</msg>
<var>${status}</var>
<arg>(//table//tr)[2]/td[last()]</arg>
<doc>Returns the text value of the element identified by ``locator``.</doc>
<status status="PASS" start="2025-10-28T03:49:34.527667" elapsed="0.012635"/>
</kw>
<kw name="Convert To Upper Case" owner="String">
<msg time="2025-10-28T03:49:34.540744" level="INFO">${status} = OPEN</msg>
<var>${status}</var>
<arg>${status}</arg>
<doc>Converts string to upper case.</doc>
<status status="PASS" start="2025-10-28T03:49:34.540487" elapsed="0.000288"/>
</kw>
<kw name="Run Keyword If" owner="BuiltIn">
<arg>'${status}'=='FULFILLED'</arg>
<arg>Exit For Loop</arg>
<doc>Runs the given keyword with the given arguments, if ``condition`` is true.</doc>
<status status="PASS" start="2025-10-28T03:49:34.540926" elapsed="0.000196"/>
</kw>
<var name="${i}">2</var>
<status status="PASS" start="2025-10-28T03:49:32.197214" elapsed="2.343974"/>
</iter>
<iter>
<kw name="Sleep" owner="BuiltIn">
<msg time="2025-10-28T03:49:35.541782" level="INFO">Slept 1 second.</msg>
<arg>1s</arg>
<doc>Pauses the test executed for the given time.</doc>
<status status="PASS" start="2025-10-28T03:49:34.541462" elapsed="1.000468"/>
</kw>
<kw name="Reload Page" owner="SeleniumLibrary">
<doc>Simulates user reloading page.</doc>
<status status="PASS" start="2025-10-28T03:49:35.542194" elapsed="0.267260"/>
</kw>
<kw name="Wait Until Element Is Visible" owner="SeleniumLibrary">
<arg>xpath=//h1[text()="My Tradebook"]</arg>
<arg>${Timeout}</arg>
<doc>Waits until the element ``locator`` is visible.</doc>
<status status="PASS" start="2025-10-28T03:49:35.809921" elapsed="0.016135"/>
</kw>
<kw name="Wait Until Element Is Visible" owner="SeleniumLibrary">
<arg>xpath=//table//tr</arg>
<arg>${Timeout}</arg>
<doc>Waits until the element ``locator`` is visible.</doc>
<status status="PASS" start="2025-10-28T03:49:35.826351" elapsed="0.703468"/>
</kw>
<kw name="Get Text" owner="SeleniumLibrary">
<msg time="2025-10-28T03:49:36.543024" level="INFO">${status} = Open</msg>
<var>${status}</var>
<arg>(//table//tr)[2]/td[last()]</arg>
<doc>Returns the text value of the element identified by ``locator``.</doc>
<status status="PASS" start="2025-10-28T03:49:36.530101" elapsed="0.012971"/>
</kw>
<kw name="Convert To Upper Case" owner="String">
<msg time="2025-10-28T03:49:36.543533" level="INFO">${status} = OPEN</msg>
<var>${status}</var>
<arg>${status}</arg>
<doc>Converts string to upper case.</doc>
<status status="PASS" start="2025-10-28T03:49:36.543295" elapsed="0.000296"/>
</kw>
<kw name="Run Keyword If" owner="BuiltIn">
<arg>'${status}'=='FULFILLED'</arg>
<arg>Exit For Loop</arg>
<doc>Runs the given keyword with the given arguments, if ``condition`` is true.</doc>
<status status="PASS" start="2025-10-28T03:49:36.543768" elapsed="0.000201"/>
</kw>
<var name="${i}">3</var>
<status status="PASS" start="2025-10-28T03:49:34.541355" elapsed="2.002675"/>
</iter>
<iter>
<kw name="Sleep" owner="BuiltIn">
<msg time="2025-10-28T03:49:37.544629" level="INFO">Slept 1 second.</msg>
<arg>1s</arg>
<doc>Pauses the test executed for the given time.</doc>
<status status="PASS" start="2025-10-28T03:49:36.544303" elapsed="1.000551"/>
</kw>
<kw name="Reload Page" owner="SeleniumLibrary">
<doc>Simulates user reloading page.</doc>
<status status="PASS" start="2025-10-28T03:49:37.545226" elapsed="0.268693"/>
</kw>
<kw name="Wait Until Element Is Visible" owner="SeleniumLibrary">
<arg>xpath=//h1[text()="My Tradebook"]</arg>
<arg>${Timeout}</arg>
<doc>Waits until the element ``locator`` is visible.</doc>
<status status="PASS" start="2025-10-28T03:49:37.814335" elapsed="0.014093"/>
</kw>
<kw name="Wait Until Element Is Visible" owner="SeleniumLibrary">
<arg>xpath=//table//tr</arg>
<arg>${Timeout}</arg>
<doc>Waits until the element ``locator`` is visible.</doc>
<status status="PASS" start="2025-10-28T03:49:37.828811" elapsed="0.713791"/>
</kw>
<kw name="Get Text" owner="SeleniumLibrary">
<msg time="2025-10-28T03:49:38.556131" level="INFO">${status} = Open</msg>
<var>${status}</var>
<arg>(//table//tr)[2]/td[last()]</arg>
<doc>Returns the text value of the element identified by ``locator``.</doc>
<status status="PASS" start="2025-10-28T03:49:38.542883" elapsed="0.013297"/>
</kw>
<kw name="Convert To Upper Case" owner="String">
<msg time="2025-10-28T03:49:38.556672" level="INFO">${status} = OPEN</msg>
<var>${status}</var>
<arg>${status}</arg>
<doc>Converts string to upper case.</doc>
<status status="PASS" start="2025-10-28T03:49:38.556409" elapsed="0.000293"/>
</kw>
<kw name="Run Keyword If" owner="BuiltIn">
<arg>'${status}'=='FULFILLED'</arg>
<arg>Exit For Loop</arg>
<doc>Runs the given keyword with the given arguments, if ``condition`` is true.</doc>
<status status="PASS" start="2025-10-28T03:49:38.556847" elapsed="0.000199"/>
</kw>
<var name="${i}">4</var>
<status status="PASS" start="2025-10-28T03:49:36.544195" elapsed="2.012909"/>
</iter>
<iter>
<kw name="Sleep" owner="BuiltIn">
<msg time="2025-10-28T03:49:39.557700" level="INFO">Slept 1 second.</msg>
<arg>1s</arg>
<doc>Pauses the test executed for the given time.</doc>
<status status="PASS" start="2025-10-28T03:49:38.557378" elapsed="1.000488"/>
</kw>
<kw name="Reload Page" owner="SeleniumLibrary">
<doc>Simulates user reloading page.</doc>
<status status="PASS" start="2025-10-28T03:49:39.558152" elapsed="0.265671"/>
</kw>
<kw name="Wait Until Element Is Visible" owner="SeleniumLibrary">
<arg>xpath=//h1[text()="My Tradebook"]</arg>
<arg>${Timeout}</arg>
<doc>Waits until the element ``locator`` is visible.</doc>
<status status="PASS" start="2025-10-28T03:49:39.824111" elapsed="0.014912"/>
</kw>
<kw name="Wait Until Element Is Visible" owner="SeleniumLibrary">
<arg>xpath=//table//tr</arg>
<arg>${Timeout}</arg>
<doc>Waits until the element ``locator`` is visible.</doc>
<status status="PASS" start="2025-10-28T03:49:39.839303" elapsed="1.045390"/>
</kw>
<kw name="Get Text" owner="SeleniumLibrary">
<msg time="2025-10-28T03:49:40.896829" level="INFO">${status} = Fulfilled</msg>
<var>${status}</var>
<arg>(//table//tr)[2]/td[last()]</arg>
<doc>Returns the text value of the element identified by ``locator``.</doc>
<status status="PASS" start="2025-10-28T03:49:40.884984" elapsed="0.011890"/>
</kw>
<kw name="Convert To Upper Case" owner="String">
<msg time="2025-10-28T03:49:40.897268" level="INFO">${status} = FULFILLED</msg>
<var>${status}</var>
<arg>${status}</arg>
<doc>Converts string to upper case.</doc>
<status status="PASS" start="2025-10-28T03:49:40.897058" elapsed="0.000239"/>
</kw>
<kw name="Run Keyword If" owner="BuiltIn">
<kw name="Exit For Loop" owner="BuiltIn">
<msg time="2025-10-28T03:49:40.897845" level="INFO">Exiting for loop altogether.</msg>
<doc>Stops executing the enclosing FOR loop.</doc>
<status status="PASS" start="2025-10-28T03:49:40.897737" elapsed="0.000181"/>
</kw>
<arg>'${status}'=='FULFILLED'</arg>
<arg>Exit For Loop</arg>
<doc>Runs the given keyword with the given arguments, if ``condition`` is true.</doc>
<status status="PASS" start="2025-10-28T03:49:40.897455" elapsed="0.000522"/>
</kw>
<var name="${i}">5</var>
<status status="PASS" start="2025-10-28T03:49:38.557272" elapsed="2.340757"/>
</iter>
<var>${i}</var>
<value>50</value>
<status status="PASS" start="2025-10-28T03:49:28.175983" elapsed="12.722109"/>
</for>
<kw name="Get Current Date" owner="DateTime">
<msg time="2025-10-28T03:49:40.898452" level="INFO">${end_time} = 2025-10-28 03:49:40.898364</msg>
<var>${end_time}</var>
<arg>result_format=%Y-%m-%d %H:%M:%S.%f</arg>
<doc>Returns current local or UTC time with an optional increment.</doc>
<status status="PASS" start="2025-10-28T03:49:40.898228" elapsed="0.000253"/>
</kw>
<kw name="Subtract Date From Date" owner="DateTime">
<msg time="2025-10-28T03:49:40.898969" level="INFO">${duration} = 13.489979</msg>
<var>${duration}</var>
<arg>${end_time}</arg>
<arg>${start_time}</arg>
<arg>result_format=number</arg>
<doc>Subtracts date from another date and returns time between.</doc>
<status status="PASS" start="2025-10-28T03:49:40.898648" elapsed="0.000351"/>
</kw>
<kw name="Evaluate" owner="BuiltIn">
<msg time="2025-10-28T03:49:40.899367" level="INFO">${duration} = 13.49</msg>
<var>${duration}</var>
<arg>round(${duration}, 3)</arg>
<doc>Evaluates the given expression in Python and returns the result.</doc>
<status status="PASS" start="2025-10-28T03:49:40.899134" elapsed="0.000263"/>
</kw>
<kw name="Evaluate" owner="BuiltIn">
<msg time="2025-10-28T03:49:40.899763" level="INFO">${brand_padded} = Talabat     </msg>
<var>${brand_padded}</var>
<arg>"{:&lt;12}".format("${brand}")</arg>
<doc>Evaluates the given expression in Python and returns the result.</doc>
<status status="PASS" start="2025-10-28T03:49:40.899524" elapsed="0.000268"/>
</kw>
<kw name="Set Variable" owner="BuiltIn">
<msg time="2025-10-28T03:49:40.900150" level="INFO">${line} = Talabat     13.49 seconds</msg>
<var>${line}</var>
<arg>${brand_padded}${duration} seconds</arg>
<doc>Returns the given values which can then be assigned to a variables.</doc>
<status status="PASS" start="2025-10-28T03:49:40.899920" elapsed="0.000258"/>
</kw>
<kw name="Append To File" owner="OperatingSystem">
<msg time="2025-10-28T03:49:40.900592" level="INFO" html="true">Appended to file '&lt;a href="file:///home/runner/work/UAE_RESTAURANT_FIN/UAE_RESTAURANT_FIN/results/summary.txt"&gt;/home/runner/work/UAE_RESTAURANT_FIN/UAE_RESTAURANT_FIN/results/summary.txt&lt;/a&gt;'.</msg>
<arg>results/summary.txt</arg>
<arg>${line}\n</arg>
<doc>Appends the given content to the specified file.</doc>
<status status="PASS" start="2025-10-28T03:49:40.900296" elapsed="0.000394"/>
</kw>
<arg>Talabat</arg>
<status status="PASS" start="2025-10-28T03:49:22.492834" elapsed="18.407949"/>
</kw>
<kw name="Place And Wait For Buy Fulfillment">
<kw name="Wait Until Element Is Visible" owner="SeleniumLibrary">
<arg>xpath=//a[@href="/financer/marketplace"]</arg>
<arg>${Timeout}</arg>
<doc>Waits until the element ``locator`` is visible.</doc>
<status status="PASS" start="2025-10-28T03:49:40.901402" elapsed="0.011070"/>
</kw>
<kw name="Sleep" owner="BuiltIn">
<msg time="2025-10-28T03:49:41.912978" level="INFO">Slept 1 second.</msg>
<arg>1s</arg>
<doc>Pauses the test executed for the given time.</doc>
<status status="PASS" start="2025-10-28T03:49:40.912655" elapsed="1.000486"/>
</kw>
<kw name="Click Element" owner="SeleniumLibrary">
<msg time="2025-10-28T03:49:41.913733" level="INFO">Clicking element 'xpath=//a[@href="/financer/marketplace"]'.</msg>
<arg>xpath=//a[@href="/financer/marketplace"]</arg>
<doc>Click the element identified by ``locator``.</doc>
<status status="PASS" start="2025-10-28T03:49:41.913415" elapsed="0.051075"/>
</kw>
<kw name="Set Variable" owner="BuiltIn">
<msg time="2025-10-28T03:49:41.965450" level="INFO">${brand_xpath} = //img[contains(@src, 'Noon.png')]/ancestor::div[@data-slot='card']//button[normalize-space()='Trade']</msg>
<var>${brand_xpath}</var>
<arg>//img[contains(@src, '${brand}.png')]/ancestor::div[@data-slot='card']//button[normalize-space()='Trade']</arg>
<doc>Returns the given values which can then be assigned to a variables.</doc>
<status status="PASS" start="2025-10-28T03:49:41.964933" elapsed="0.000568"/>
</kw>
<kw name="Wait Until Element Is Visible" owner="SeleniumLibrary">
<arg>${brand_xpath}</arg>
<arg>${Timeout}</arg>
<doc>Waits until the element ``locator`` is visible.</doc>
<status status="PASS" start="2025-10-28T03:49:41.965759" elapsed="0.633320"/>
</kw>
<kw name="Click Element" owner="SeleniumLibrary">
<msg time="2025-10-28T03:49:42.599790" level="INFO">Clicking element '//img[contains(@src, 'Noon.png')]/ancestor::div[@data-slot='card']//button[normalize-space()='Trade']'.</msg>
<arg>${brand_xpath}</arg>
<doc>Click the element identified by ``locator``.</doc>
<status status="PASS" start="2025-10-28T03:49:42.599430" elapsed="0.059202"/>
</kw>
<kw name="Execute Javascript" owner="SeleniumLibrary">
<msg time="2025-10-28T03:49:42.659432" level="INFO">Executing JavaScript:
document.querySelector('main').scrollTop += 500;
Without any arguments.</msg>
<arg>document.querySelector('main').scrollTop += 500;</arg>
<doc>Executes the given JavaScript code with possible arguments.</doc>
<status status="PASS" start="2025-10-28T03:49:42.658966" elapsed="0.004732"/>
</kw>
<kw name="Wait Until Element Is Visible" owner="SeleniumLibrary">
<arg>xpath=(//input)[1]</arg>
<arg>${Timeout}</arg>
<doc>Waits until the element ``locator`` is visible.</doc>
<status status="PASS" start="2025-10-28T03:49:42.664000" elapsed="0.015334"/>
</kw>
<kw name="Sleep" owner="BuiltIn">
<msg time="2025-10-28T03:49:43.680083" level="INFO">Slept 1 second.</msg>
<arg>1s</arg>
<doc>Pauses the test executed for the given time.</doc>
<status status="PASS" start="2025-10-28T03:49:42.679674" elapsed="1.000555"/>
</kw>
<kw name="Input Text" owner="SeleniumLibrary">
<msg time="2025-10-28T03:49:43.680859" level="INFO">Typing text '2' into text field 'xpath=(//input)[1]'.</msg>
<arg>xpath=(//input)[1]</arg>
<arg>${BUY_DISCOUNT}</arg>
<doc>Types the given ``text`` into the text field identified by ``locator``.</doc>
<status status="PASS" start="2025-10-28T03:49:43.680490" elapsed="0.055318"/>
</kw>
<kw name="Sleep" owner="BuiltIn">
<msg time="2025-10-28T03:49:44.736432" level="INFO">Slept 1 second.</msg>
<arg>1s</arg>
<doc>Pauses the test executed for the given time.</doc>
<status status="PASS" start="2025-10-28T03:49:43.736085" elapsed="1.000532"/>
</kw>
<kw name="Input Text" owner="SeleniumLibrary">
<msg time="2025-10-28T03:49:44.737279" level="INFO">Typing text '1000' into text field 'xpath=(//input)[2]'.</msg>
<arg>xpath=(//input)[2]</arg>
<arg>${BUY_AMOUNT}</arg>
<doc>Types the given ``text`` into the text field identified by ``locator``.</doc>
<status status="PASS" start="2025-10-28T03:49:44.736912" elapsed="0.058369"/>
</kw>
<kw name="Sleep" owner="BuiltIn">
<msg time="2025-10-28T03:49:45.796087" level="INFO">Slept 1 second.</msg>
<arg>1s</arg>
<doc>Pauses the test executed for the given time.</doc>
<status status="PASS" start="2025-10-28T03:49:44.795618" elapsed="1.000618"/>
</kw>
<kw name="Get Current Date" owner="DateTime">
<msg time="2025-10-28T03:49:45.796869" level="INFO">${start_time} = 2025-10-28 03:49:45.796753</msg>
<var>${start_time}</var>
<arg>result_format=%Y-%m-%d %H:%M:%S.%f</arg>
<doc>Returns current local or UTC time with an optional increment.</doc>
<status status="PASS" start="2025-10-28T03:49:45.796500" elapsed="0.000401"/>
</kw>
<kw name="Wait Until Element Is Enabled" owner="SeleniumLibrary">
<arg>(//button[normalize-space()='Buy Tokens'])</arg>
<arg>${Timeout}</arg>
<doc>Waits until the element ``locator`` is enabled.</doc>
<status status="PASS" start="2025-10-28T03:49:45.797085" elapsed="0.017610"/>
</kw>
<kw name="Click Element" owner="SeleniumLibrary">
<msg time="2025-10-28T03:49:45.815160" level="INFO">Clicking element '(//button[normalize-space()='Buy Tokens'])'.</msg>
<arg>(//button[normalize-space()='Buy Tokens'])</arg>
<doc>Click the element identified by ``locator``.</doc>
<status status="PASS" start="2025-10-28T03:49:45.814919" elapsed="0.043747"/>
</kw>
<kw name="Wait Until Element Is Visible" owner="SeleniumLibrary">
<arg>xpath=//button[text()='Go to My Tradebook']</arg>
<arg>${Timeout}</arg>
<doc>Waits until the element ``locator`` is visible.</doc>
<status status="PASS" start="2025-10-28T03:49:45.858928" elapsed="0.630395"/>
</kw>
<kw name="Click Element" owner="SeleniumLibrary">
<msg time="2025-10-28T03:49:46.489926" level="INFO">Clicking element 'xpath=//button[text()='Go to My Tradebook']'.</msg>
<arg>xpath=//button[text()='Go to My Tradebook']</arg>
<doc>Click the element identified by ``locator``.</doc>
<status status="PASS" start="2025-10-28T03:49:46.489641" elapsed="0.066037"/>
</kw>
<for flavor="IN RANGE">
<iter>
<kw name="Sleep" owner="BuiltIn">
<msg time="2025-10-28T03:49:47.556639" level="INFO">Slept 1 second.</msg>
<arg>1s</arg>
<doc>Pauses the test executed for the given time.</doc>
<status status="PASS" start="2025-10-28T03:49:46.556281" elapsed="1.000521"/>
</kw>
<kw name="Reload Page" owner="SeleniumLibrary">
<doc>Simulates user reloading page.</doc>
<status status="PASS" start="2025-10-28T03:49:47.557094" elapsed="0.268233"/>
</kw>
<kw name="Wait Until Element Is Visible" owner="SeleniumLibrary">
<arg>xpath=//h1[text()="My Tradebook"]</arg>
<arg>${Timeout}</arg>
<doc>Waits until the element ``locator`` is visible.</doc>
<status status="PASS" start="2025-10-28T03:49:47.825770" elapsed="0.013752"/>
</kw>
<kw name="Wait Until Element Is Visible" owner="SeleniumLibrary">
<arg>xpath=//table//tr</arg>
<arg>${Timeout}</arg>
<doc>Waits until the element ``locator`` is visible.</doc>
<status status="PASS" start="2025-10-28T03:49:47.839827" elapsed="0.686838"/>
</kw>
<kw name="Get Text" owner="SeleniumLibrary">
<msg time="2025-10-28T03:49:48.539840" level="INFO">${status} = Open</msg>
<var>${status}</var>
<arg>(//table//tr)[2]/td[last()]</arg>
<doc>Returns the text value of the element identified by ``locator``.</doc>
<status status="PASS" start="2025-10-28T03:49:48.526944" elapsed="0.012936"/>
</kw>
<kw name="Convert To Upper Case" owner="String">
<msg time="2025-10-28T03:49:48.540285" level="INFO">${status} = OPEN</msg>
<var>${status}</var>
<arg>${status}</arg>
<doc>Converts string to upper case.</doc>
<status status="PASS" start="2025-10-28T03:49:48.540071" elapsed="0.000243"/>
</kw>
<kw name="Run Keyword If" owner="BuiltIn">
<arg>'${status}'=='FULFILLED'</arg>
<arg>Exit For Loop</arg>
<doc>Runs the given keyword with the given arguments, if ``condition`` is true.</doc>
<status status="PASS" start="2025-10-28T03:49:48.540454" elapsed="0.000212"/>
</kw>
<var name="${i}">0</var>
<status status="PASS" start="2025-10-28T03:49:46.556113" elapsed="1.984667"/>
</iter>
<iter>
<kw name="Sleep" owner="BuiltIn">
<msg time="2025-10-28T03:49:49.541355" level="INFO">Slept 1 second.</msg>
<arg>1s</arg>
<doc>Pauses the test executed for the given time.</doc>
<status status="PASS" start="2025-10-28T03:49:48.541054" elapsed="1.000456"/>
</kw>
<kw name="Reload Page" owner="SeleniumLibrary">
<doc>Simulates user reloading page.</doc>
<status status="PASS" start="2025-10-28T03:49:49.541832" elapsed="0.267152"/>
</kw>
<kw name="Wait Until Element Is Visible" owner="SeleniumLibrary">
<arg>xpath=//h1[text()="My Tradebook"]</arg>
<arg>${Timeout}</arg>
<doc>Waits until the element ``locator`` is visible.</doc>
<status status="PASS" start="2025-10-28T03:49:49.809298" elapsed="0.016546"/>
</kw>
<kw name="Wait Until Element Is Visible" owner="SeleniumLibrary">
<arg>xpath=//table//tr</arg>
<arg>${Timeout}</arg>
<doc>Waits until the element ``locator`` is visible.</doc>
<status status="PASS" start="2025-10-28T03:49:49.826113" elapsed="0.688846"/>
</kw>
<kw name="Get Text" owner="SeleniumLibrary">
<msg time="2025-10-28T03:49:50.528317" level="INFO">${status} = Open</msg>
<var>${status}</var>
<arg>(//table//tr)[2]/td[last()]</arg>
<doc>Returns the text value of the element identified by ``locator``.</doc>
<status status="PASS" start="2025-10-28T03:49:50.515249" elapsed="0.013112"/>
</kw>
<kw name="Convert To Upper Case" owner="String">
<msg time="2025-10-28T03:49:50.528805" level="INFO">${status} = OPEN</msg>
<var>${status}</var>
<arg>${status}</arg>
<doc>Converts string to upper case.</doc>
<status status="PASS" start="2025-10-28T03:49:50.528579" elapsed="0.000256"/>
</kw>
<kw name="Run Keyword If" owner="BuiltIn">
<arg>'${status}'=='FULFILLED'</arg>
<arg>Exit For Loop</arg>
<doc>Runs the given keyword with the given arguments, if ``condition`` is true.</doc>
<status status="PASS" start="2025-10-28T03:49:50.528978" elapsed="0.000193"/>
</kw>
<var name="${i}">1</var>
<status status="PASS" start="2025-10-28T03:49:48.540950" elapsed="1.988285"/>
</iter>
<iter>
<kw name="Sleep" owner="BuiltIn">
<msg time="2025-10-28T03:49:51.529804" level="INFO">Slept 1 second.</msg>
<arg>1s</arg>
<doc>Pauses the test executed for the given time.</doc>
<status status="PASS" start="2025-10-28T03:49:50.529502" elapsed="1.000461"/>
</kw>
<kw name="Reload Page" owner="SeleniumLibrary">
<doc>Simulates user reloading page.</doc>
<status status="PASS" start="2025-10-28T03:49:51.530249" elapsed="0.266256"/>
</kw>
<kw name="Wait Until Element Is Visible" owner="SeleniumLibrary">
<arg>xpath=//h1[text()="My Tradebook"]</arg>
<arg>${Timeout}</arg>
<doc>Waits until the element ``locator`` is visible.</doc>
<status status="PASS" start="2025-10-28T03:49:51.796818" elapsed="0.013665"/>
</kw>
<kw name="Wait Until Element Is Visible" owner="SeleniumLibrary">
<arg>xpath=//table//tr</arg>
<arg>${Timeout}</arg>
<doc>Waits until the element ``locator`` is visible.</doc>
<status status="PASS" start="2025-10-28T03:49:51.810783" elapsed="0.683800"/>
</kw>
<kw name="Get Text" owner="SeleniumLibrary">
<msg time="2025-10-28T03:49:52.520955" level="INFO">${status} = Open</msg>
<var>${status}</var>
<arg>(//table//tr)[2]/td[last()]</arg>
<doc>Returns the text value of the element identified by ``locator``.</doc>
<status status="PASS" start="2025-10-28T03:49:52.494936" elapsed="0.026077"/>
</kw>
<kw name="Convert To Upper Case" owner="String">
<msg time="2025-10-28T03:49:52.521558" level="INFO">${status} = OPEN</msg>
<var>${status}</var>
<arg>${status}</arg>
<doc>Converts string to upper case.</doc>
<status status="PASS" start="2025-10-28T03:49:52.521296" elapsed="0.000295"/>
</kw>
<kw name="Run Keyword If" owner="BuiltIn">
<arg>'${status}'=='FULFILLED'</arg>
<arg>Exit For Loop</arg>
<doc>Runs the given keyword with the given arguments, if ``condition`` is true.</doc>
<status status="PASS" start="2025-10-28T03:49:52.521736" elapsed="0.000199"/>
</kw>
<var name="${i}">2</var>
<status status="PASS" start="2025-10-28T03:49:50.529397" elapsed="1.992598"/>
</iter>
<iter>
<kw name="Sleep" owner="BuiltIn">
<msg time="2025-10-28T03:49:53.522627" level="INFO">Slept 1 second.</msg>
<arg>1s</arg>
<doc>Pauses the test executed for the given time.</doc>
<status status="PASS" start="2025-10-28T03:49:52.522264" elapsed="1.000538"/>
</kw>
<kw name="Reload Page" owner="SeleniumLibrary">
<doc>Simulates user reloading page.</doc>
<status status="PASS" start="2025-10-28T03:49:53.523074" elapsed="0.266329"/>
</kw>
<kw name="Wait Until Element Is Visible" owner="SeleniumLibrary">
<arg>xpath=//h1[text()="My Tradebook"]</arg>
<arg>${Timeout}</arg>
<doc>Waits until the element ``locator`` is visible.</doc>
<status status="PASS" start="2025-10-28T03:49:53.789810" elapsed="0.015849"/>
</kw>
<kw name="Wait Until Element Is Visible" owner="SeleniumLibrary">
<arg>xpath=//table//tr</arg>
<arg>${Timeout}</arg>
<doc>Waits until the element ``locator`` is visible.</doc>
<status status="PASS" start="2025-10-28T03:49:53.805969" elapsed="1.047024"/>
</kw>
<kw name="Get Text" owner="SeleniumLibrary">
<msg time="2025-10-28T03:49:54.866945" level="INFO">${status} = Open</msg>
<var>${status}</var>
<arg>(//table//tr)[2]/td[last()]</arg>
<doc>Returns the text value of the element identified by ``locator``.</doc>
<status status="PASS" start="2025-10-28T03:49:54.853289" elapsed="0.013710"/>
</kw>
<kw name="Convert To Upper Case" owner="String">
<msg time="2025-10-28T03:49:54.867485" level="INFO">${status} = OPEN</msg>
<var>${status}</var>
<arg>${status}</arg>
<doc>Converts string to upper case.</doc>
<status status="PASS" start="2025-10-28T03:49:54.867242" elapsed="0.000272"/>
</kw>
<kw name="Run Keyword If" owner="BuiltIn">
<arg>'${status}'=='FULFILLED'</arg>
<arg>Exit For Loop</arg>
<doc>Runs the given keyword with the given arguments, if ``condition`` is true.</doc>
<status status="PASS" start="2025-10-28T03:49:54.867685" elapsed="0.000198"/>
</kw>
<var name="${i}">3</var>
<status status="PASS" start="2025-10-28T03:49:52.522160" elapsed="2.345782"/>
</iter>
<iter>
<kw name="Sleep" owner="BuiltIn">
<msg time="2025-10-28T03:49:55.868521" level="INFO">Slept 1 second.</msg>
<arg>1s</arg>
<doc>Pauses the test executed for the given time.</doc>
<status status="PASS" start="2025-10-28T03:49:54.868213" elapsed="1.000487"/>
</kw>
<kw name="Reload Page" owner="SeleniumLibrary">
<doc>Simulates user reloading page.</doc>
<status status="PASS" start="2025-10-28T03:49:55.868969" elapsed="0.265376"/>
</kw>
<kw name="Wait Until Element Is Visible" owner="SeleniumLibrary">
<arg>xpath=//h1[text()="My Tradebook"]</arg>
<arg>${Timeout}</arg>
<doc>Waits until the element ``locator`` is visible.</doc>
<status status="PASS" start="2025-10-28T03:49:56.134724" elapsed="0.013145"/>
</kw>
<kw name="Wait Until Element Is Visible" owner="SeleniumLibrary">
<arg>xpath=//table//tr</arg>
<arg>${Timeout}</arg>
<doc>Waits until the element ``locator`` is visible.</doc>
<status status="PASS" start="2025-10-28T03:49:56.148118" elapsed="0.691977"/>
</kw>
<kw name="Get Text" owner="SeleniumLibrary">
<msg time="2025-10-28T03:49:56.854442" level="INFO">${status} = Open</msg>
<var>${status}</var>
<arg>(//table//tr)[2]/td[last()]</arg>
<doc>Returns the text value of the element identified by ``locator``.</doc>
<status status="PASS" start="2025-10-28T03:49:56.840397" elapsed="0.014101"/>
</kw>
<kw name="Convert To Upper Case" owner="String">
<msg time="2025-10-28T03:49:56.855040" level="INFO">${status} = OPEN</msg>
<var>${status}</var>
<arg>${status}</arg>
<doc>Converts string to upper case.</doc>
<status status="PASS" start="2025-10-28T03:49:56.854789" elapsed="0.000281"/>
</kw>
<kw name="Run Keyword If" owner="BuiltIn">
<arg>'${status}'=='FULFILLED'</arg>
<arg>Exit For Loop</arg>
<doc>Runs the given keyword with the given arguments, if ``condition`` is true.</doc>
<status status="PASS" start="2025-10-28T03:49:56.855222" elapsed="0.000200"/>
</kw>
<var name="${i}">4</var>
<status status="PASS" start="2025-10-28T03:49:54.868108" elapsed="1.987373"/>
</iter>
<iter>
<kw name="Sleep" owner="BuiltIn">
<msg time="2025-10-28T03:49:57.856138" level="INFO">Slept 1 second.</msg>
<arg>1s</arg>
<doc>Pauses the test executed for the given time.</doc>
<status status="PASS" start="2025-10-28T03:49:56.855774" elapsed="1.000559"/>
</kw>
<kw name="Reload Page" owner="SeleniumLibrary">
<doc>Simulates user reloading page.</doc>
<status status="PASS" start="2025-10-28T03:49:57.856722" elapsed="0.265952"/>
</kw>
<kw name="Wait Until Element Is Visible" owner="SeleniumLibrary">
<arg>xpath=//h1[text()="My Tradebook"]</arg>
<arg>${Timeout}</arg>
<doc>Waits until the element ``locator`` is visible.</doc>
<status status="PASS" start="2025-10-28T03:49:58.123071" elapsed="0.030205"/>
</kw>
<kw name="Wait Until Element Is Visible" owner="SeleniumLibrary">
<arg>xpath=//table//tr</arg>
<arg>${Timeout}</arg>
<doc>Waits until the element ``locator`` is visible.</doc>
<status status="PASS" start="2025-10-28T03:49:58.153618" elapsed="0.677477"/>
</kw>
<kw name="Get Text" owner="SeleniumLibrary">
<msg time="2025-10-28T03:49:58.844522" level="INFO">${status} = Open</msg>
<var>${status}</var>
<arg>(//table//tr)[2]/td[last()]</arg>
<doc>Returns the text value of the element identified by ``locator``.</doc>
<status status="PASS" start="2025-10-28T03:49:58.831394" elapsed="0.013215"/>
</kw>
<kw name="Convert To Upper Case" owner="String">
<msg time="2025-10-28T03:49:58.845107" level="INFO">${status} = OPEN</msg>
<var>${status}</var>
<arg>${status}</arg>
<doc>Converts string to upper case.</doc>
<status status="PASS" start="2025-10-28T03:49:58.844864" elapsed="0.000272"/>
</kw>
<kw name="Run Keyword If" owner="BuiltIn">
<arg>'${status}'=='FULFILLED'</arg>
<arg>Exit For Loop</arg>
<doc>Runs the given keyword with the given arguments, if ``condition`` is true.</doc>
<status status="PASS" start="2025-10-28T03:49:58.845278" elapsed="0.000194"/>
</kw>
<var name="${i}">5</var>
<status status="PASS" start="2025-10-28T03:49:56.855668" elapsed="1.989862"/>
</iter>
<iter>
<kw name="Sleep" owner="BuiltIn">
<msg time="2025-10-28T03:49:59.846154" level="INFO">Slept 1 second.</msg>
<arg>1s</arg>
<doc>Pauses the test executed for the given time.</doc>
<status status="PASS" start="2025-10-28T03:49:58.845833" elapsed="1.000484"/>
</kw>
<kw name="Reload Page" owner="SeleniumLibrary">
<doc>Simulates user reloading page.</doc>
<status status="PASS" start="2025-10-28T03:49:59.846655" elapsed="0.265325"/>
</kw>
<kw name="Wait Until Element Is Visible" owner="SeleniumLibrary">
<arg>xpath=//h1[text()="My Tradebook"]</arg>
<arg>${Timeout}</arg>
<doc>Waits until the element ``locator`` is visible.</doc>
<status status="PASS" start="2025-10-28T03:50:00.112374" elapsed="0.014565"/>
</kw>
<kw name="Wait Until Element Is Visible" owner="SeleniumLibrary">
<arg>xpath=//table//tr</arg>
<arg>${Timeout}</arg>
<doc>Waits until the element ``locator`` is visible.</doc>
<status status="PASS" start="2025-10-28T03:50:00.127230" elapsed="0.922386"/>
</kw>
<kw name="Get Text" owner="SeleniumLibrary">
<msg time="2025-10-28T03:50:01.061877" level="INFO">${status} = Fulfilled</msg>
<var>${status}</var>
<arg>(//table//tr)[2]/td[last()]</arg>
<doc>Returns the text value of the element identified by ``locator``.</doc>
<status status="PASS" start="2025-10-28T03:50:01.049906" elapsed="0.012015"/>
</kw>
<kw name="Convert To Upper Case" owner="String">
<msg time="2025-10-28T03:50:01.062359" level="INFO">${status} = FULFILLED</msg>
<var>${status}</var>
<arg>${status}</arg>
<doc>Converts string to upper case.</doc>
<status status="PASS" start="2025-10-28T03:50:01.062127" elapsed="0.000262"/>
</kw>
<kw name="Run Keyword If" owner="BuiltIn">
<kw name="Exit For Loop" owner="BuiltIn">
<msg time="2025-10-28T03:50:01.062978" level="INFO">Exiting for loop altogether.</msg>
<doc>Stops executing the enclosing FOR loop.</doc>
<status status="PASS" start="2025-10-28T03:50:01.062869" elapsed="0.000177"/>
</kw>
<arg>'${status}'=='FULFILLED'</arg>
<arg>Exit For Loop</arg>
<doc>Runs the given keyword with the given arguments, if ``condition`` is true.</doc>
<status status="PASS" start="2025-10-28T03:50:01.062584" elapsed="0.000522"/>
</kw>
<var name="${i}">6</var>
<status status="PASS" start="2025-10-28T03:49:58.845729" elapsed="2.217430"/>
</iter>
<var>${i}</var>
<value>50</value>
<status status="PASS" start="2025-10-28T03:49:46.555849" elapsed="14.507367"/>
</for>
<kw name="Get Current Date" owner="DateTime">
<msg time="2025-10-28T03:50:01.063605" level="INFO">${end_time} = 2025-10-28 03:50:01.063495</msg>
<var>${end_time}</var>
<arg>result_format=%Y-%m-%d %H:%M:%S.%f</arg>
<doc>Returns current local or UTC time with an optional increment.</doc>
<status status="PASS" start="2025-10-28T03:50:01.063355" elapsed="0.000281"/>
</kw>
<kw name="Subtract Date From Date" owner="DateTime">
<msg time="2025-10-28T03:50:01.064097" level="INFO">${duration} = 15.266742</msg>
<var>${duration}</var>
<arg>${end_time}</arg>
<arg>${start_time}</arg>
<arg>result_format=number</arg>
<doc>Subtracts date from another date and returns time between.</doc>
<status status="PASS" start="2025-10-28T03:50:01.063767" elapsed="0.000362"/>
</kw>
<kw name="Evaluate" owner="BuiltIn">
<msg time="2025-10-28T03:50:01.064508" level="INFO">${duration} = 15.267</msg>
<var>${duration}</var>
<arg>round(${duration}, 3)</arg>
<doc>Evaluates the given expression in Python and returns the result.</doc>
<status status="PASS" start="2025-10-28T03:50:01.064264" elapsed="0.000298"/>
</kw>
<kw name="Evaluate" owner="BuiltIn">
<msg time="2025-10-28T03:50:01.064912" level="INFO">${brand_padded} = Noon        </msg>
<var>${brand_padded}</var>
<arg>"{:&lt;12}".format("${brand}")</arg>
<doc>Evaluates the given expression in Python and returns the result.</doc>
<status status="PASS" start="2025-10-28T03:50:01.064694" elapsed="0.000247"/>
</kw>
<kw name="Set Variable" owner="BuiltIn">
<msg time="2025-10-28T03:50:01.065264" level="INFO">${line} = Noon        15.267 seconds</msg>
<var>${line}</var>
<arg>${brand_padded}${duration} seconds</arg>
<doc>Returns the given values which can then be assigned to a variables.</doc>
<status status="PASS" start="2025-10-28T03:50:01.065065" elapsed="0.000226"/>
</kw>
<kw name="Append To File" owner="OperatingSystem">
<msg time="2025-10-28T03:50:01.065698" level="INFO" html="true">Appended to file '&lt;a href="file:///home/runner/work/UAE_RESTAURANT_FIN/UAE_RESTAURANT_FIN/results/summary.txt"&gt;/home/runner/work/UAE_RESTAURANT_FIN/UAE_RESTAURANT_FIN/results/summary.txt&lt;/a&gt;'.</msg>
<arg>results/summary.txt</arg>
<arg>${line}\n</arg>
<doc>Appends the given content to the specified file.</doc>
<status status="PASS" start="2025-10-28T03:50:01.065410" elapsed="0.000350"/>
</kw>
<arg>Noon</arg>
<status status="PASS" start="2025-10-28T03:49:40.901109" elapsed="20.164743"/>
</kw>
<kw name="Set Variable" owner="BuiltIn">
<msg time="2025-10-28T03:50:01.066139" level="INFO">${log_line} = 
Test log: https://naresh2262003.github.io/UAE_RESTAURANT_FIN/log.html</msg>
<var>${log_line}</var>
<arg>\nTest log: https://naresh2262003.github.io/UAE_RESTAURANT_FIN/log.html</arg>
<doc>Returns the given values which can then be assigned to a variables.</doc>
<status status="PASS" start="2025-10-28T03:50:01.065989" elapsed="0.000178"/>
</kw>
<kw name="Append To File" owner="OperatingSystem">
<msg time="2025-10-28T03:50:01.066491" level="INFO" html="true">Appended to file '&lt;a href="file:///home/runner/work/UAE_RESTAURANT_FIN/UAE_RESTAURANT_FIN/results/summary.txt"&gt;/home/runner/work/UAE_RESTAURANT_FIN/UAE_RESTAURANT_FIN/results/summary.txt&lt;/a&gt;'.</msg>
<arg>results/summary.txt</arg>
<arg>${log_line}</arg>
<doc>Appends the given content to the specified file.</doc>
<status status="PASS" start="2025-10-28T03:50:01.066291" elapsed="0.000281"/>
</kw>
<kw name="Close All Browsers" owner="SeleniumLibrary" type="TEARDOWN">
<doc>Closes all open browsers and resets the browser cache.</doc>
<status status="PASS" start="2025-10-28T03:50:01.066797" elapsed="0.067257"/>
</kw>
<doc>Restaurant and Financier flow</doc>
<status status="PASS" start="2025-10-28T03:48:35.177889" elapsed="85.956304"/>
</test>
<status status="PASS" start="2025-10-28T03:48:34.858142" elapsed="86.276721"/>
</suite>
<status status="PASS" start="2025-10-28T03:48:34.837360" elapsed="86.298343"/>
</suite>
<statistics>
<total>
<stat pass="1" fail="0" skip="0">All Tests</stat>
</total>
<tag>
</tag>
<suite>
<stat pass="1" fail="0" skip="0" id="s1" name="Tests">Tests</stat>
<stat pass="1" fail="0" skip="0" id="s1-s1" name="UAE flow">Tests.UAE flow</stat>
</suite>
</statistics>
<errors>
</errors>
</robot>
