<?xml version="1.0" encoding="UTF-8"?>
<robot generator="Robot 7.1.1 (Python 3.10.19 on linux)" generated="2025-11-27T03:52:25.930703" rpa="false" schemaversion="5">
<suite id="s1" name="Tests" source="/home/runner/work/UAE_RESTAURANT_FIN/UAE_RESTAURANT_FIN/tests">
<suite id="s1-s1" name="UAE flow" source="/home/runner/work/UAE_RESTAURANT_FIN/UAE_RESTAURANT_FIN/tests/UAE_flow.robot">
<test id="s1-s1-t1" name="End To End Sell-Buy Fulfillment" line="25">
<kw name="Initialize Summary File">
<kw name="Remove File" owner="OperatingSystem">
<msg time="2025-11-27T03:52:26.242163" level="INFO" html="true">File '&lt;a href="file:///home/runner/work/UAE_RESTAURANT_FIN/UAE_RESTAURANT_FIN/results/summary.txt"&gt;/home/runner/work/UAE_RESTAURANT_FIN/UAE_RESTAURANT_FIN/results/summary.txt&lt;/a&gt;' does not exist.</msg>
<arg>results/summary.txt</arg>
<doc>Removes a file with the given path.</doc>
<status status="PASS" start="2025-11-27T03:52:26.241953" elapsed="0.000286"/>
</kw>
<kw name="Append To File" owner="OperatingSystem">
<msg time="2025-11-27T03:52:26.242626" level="INFO" html="true">Appended to file '&lt;a href="file:///home/runner/work/UAE_RESTAURANT_FIN/UAE_RESTAURANT_FIN/results/summary.txt"&gt;/home/runner/work/UAE_RESTAURANT_FIN/UAE_RESTAURANT_FIN/results/summary.txt&lt;/a&gt;'.</msg>
<arg>results/summary.txt</arg>
<arg>Settlement time for platforms:\n</arg>
<doc>Appends the given content to the specified file.</doc>
<status status="PASS" start="2025-11-27T03:52:26.242392" elapsed="0.000303"/>
</kw>
<status status="PASS" start="2025-11-27T03:52:26.240956" elapsed="0.001830"/>
</kw>
<kw name="Login As Restaurant">
<kw name="Evaluate" owner="BuiltIn">
<msg time="2025-11-27T03:52:26.243680" level="INFO">${chrome options} = &lt;selenium.webdriver.chrome.options.Options object at 0x7f777af8db40&gt;</msg>
<var>${chrome options}</var>
<arg>sys.modules['selenium.webdriver'].ChromeOptions()</arg>
<arg>sys, selenium.webdriver</arg>
<doc>Evaluates the given expression in Python and returns the result.</doc>
<status status="PASS" start="2025-11-27T03:52:26.243323" elapsed="0.000411"/>
</kw>
<kw name="Call Method" owner="BuiltIn">
<arg>${chrome options}</arg>
<arg>add_argument</arg>
<arg>--headless</arg>
<doc>Calls the named method of the given object with the provided arguments.</doc>
<status status="PASS" start="2025-11-27T03:52:26.243962" elapsed="0.000205"/>
</kw>
<kw name="Call Method" owner="BuiltIn">
<arg>${chrome options}</arg>
<arg>add_argument</arg>
<arg>--disable-gpu</arg>
<doc>Calls the named method of the given object with the provided arguments.</doc>
<status status="PASS" start="2025-11-27T03:52:26.244307" elapsed="0.000159"/>
</kw>
<kw name="Call Method" owner="BuiltIn">
<arg>${chrome options}</arg>
<arg>add_argument</arg>
<arg>--no-sandbox</arg>
<doc>Calls the named method of the given object with the provided arguments.</doc>
<status status="PASS" start="2025-11-27T03:52:26.244591" elapsed="0.000149"/>
</kw>
<kw name="Call Method" owner="BuiltIn">
<arg>${chrome options}</arg>
<arg>add_argument</arg>
<arg>--disable-dev-shm-usage</arg>
<doc>Calls the named method of the given object with the provided arguments.</doc>
<status status="PASS" start="2025-11-27T03:52:26.244862" elapsed="0.000148"/>
</kw>
<kw name="Set Variable" owner="BuiltIn">
<msg time="2025-11-27T03:52:26.245360" level="INFO">${size} = --window-size=1920,1080</msg>
<var>${size}</var>
<arg>--window-size=1920,1080</arg>
<doc>Returns the given values which can then be assigned to a variables.</doc>
<status status="PASS" start="2025-11-27T03:52:26.245170" elapsed="0.000219"/>
</kw>
<kw name="Call Method" owner="BuiltIn">
<arg>${chrome options}</arg>
<arg>add_argument</arg>
<arg>${size}</arg>
<doc>Calls the named method of the given object with the provided arguments.</doc>
<status status="PASS" start="2025-11-27T03:52:26.245518" elapsed="0.000176"/>
</kw>
<kw name="Open Browser" owner="SeleniumLibrary">
<msg time="2025-11-27T03:52:26.246107" level="INFO">Opening browser 'chrome' to base url 'https://rest-fin-fe.mangoforest-55e2394a.centralindia.azurecontainerapps.io/'.</msg>
<arg>${URL}</arg>
<arg>chrome</arg>
<arg>options=${chrome options}</arg>
<doc>Opens a new browser instance to the optional ``url``.</doc>
<status status="PASS" start="2025-11-27T03:52:26.245840" elapsed="4.508078"/>
</kw>
<kw name="Maximize Browser Window" owner="SeleniumLibrary">
<doc>Maximizes current browser window.</doc>
<status status="PASS" start="2025-11-27T03:52:30.754364" elapsed="0.016275"/>
</kw>
<kw name="Wait Until Element Is Visible" owner="SeleniumLibrary">
<arg>xpath=//input[@placeholder="Enter your email"]</arg>
<arg>${Timeout}</arg>
<doc>Waits until the element ``locator`` is visible.</doc>
<status status="PASS" start="2025-11-27T03:52:30.771013" elapsed="0.024783"/>
</kw>
<kw name="Input Text" owner="SeleniumLibrary">
<msg time="2025-11-27T03:52:30.796617" level="INFO">Typing text 'test@r10.com' into text field 'xpath=//input[@placeholder="Enter your email"]'.</msg>
<arg>xpath=//input[@placeholder="Enter your email"]</arg>
<arg>${REST_EMAIL}</arg>
<doc>Types the given ``text`` into the text field identified by ``locator``.</doc>
<status status="PASS" start="2025-11-27T03:52:30.796163" elapsed="0.085380"/>
</kw>
<kw name="Input Text" owner="SeleniumLibrary">
<msg time="2025-11-27T03:52:30.882459" level="INFO">Typing text 'Naresh' into text field 'xpath=//input[@placeholder="Enter your password"]'.</msg>
<arg>xpath=//input[@placeholder="Enter your password"]</arg>
<arg>${PASSWORD}</arg>
<doc>Types the given ``text`` into the text field identified by ``locator``.</doc>
<status status="PASS" start="2025-11-27T03:52:30.881943" elapsed="0.063787"/>
</kw>
<kw name="Click Element" owner="SeleniumLibrary">
<msg time="2025-11-27T03:52:30.946484" level="INFO">Clicking element 'xpath=//button[text()="Login"]'.</msg>
<arg>xpath=//button[text()="Login"]</arg>
<doc>Click the element identified by ``locator``.</doc>
<status status="PASS" start="2025-11-27T03:52:30.946079" elapsed="0.058088"/>
</kw>
<status status="PASS" start="2025-11-27T03:52:26.242985" elapsed="4.761417"/>
</kw>
<kw name="Sleep" owner="BuiltIn">
<msg time="2025-11-27T03:52:33.005033" level="INFO">Slept 2 seconds.</msg>
<arg>2s</arg>
<doc>Pauses the test executed for the given time.</doc>
<status status="PASS" start="2025-11-27T03:52:31.004668" elapsed="2.000557"/>
</kw>
<kw name="Place Restaurant Sell Order">
<kw name="Wait Until Element Is Visible" owner="SeleniumLibrary">
<arg>xpath=//a[@href="/restaurant/invoice-financing"]</arg>
<arg>${Timeout}</arg>
<doc>Waits until the element ``locator`` is visible.</doc>
<status status="PASS" start="2025-11-27T03:52:33.006017" elapsed="0.016885"/>
</kw>
<kw name="Sleep" owner="BuiltIn">
<msg time="2025-11-27T03:52:34.023475" level="INFO">Slept 1 second.</msg>
<arg>1s</arg>
<doc>Pauses the test executed for the given time.</doc>
<status status="PASS" start="2025-11-27T03:52:33.023119" elapsed="1.000509"/>
</kw>
<kw name="Click Element" owner="SeleniumLibrary">
<msg time="2025-11-27T03:52:34.024199" level="INFO">Clicking element 'xpath=//a[@href="/restaurant/invoice-financing"]'.</msg>
<arg>xpath=//a[@href="/restaurant/invoice-financing"]</arg>
<doc>Click the element identified by ``locator``.</doc>
<status status="PASS" start="2025-11-27T03:52:34.023906" elapsed="0.177508"/>
</kw>
<kw name="Set Variable" owner="BuiltIn">
<msg time="2025-11-27T03:52:34.202257" level="INFO">${brand_xpath} = //img[contains(@src, 'Careem.png')]/ancestor::div[@data-slot='card']//button[normalize-space()='Finance']</msg>
<var>${brand_xpath}</var>
<arg>//img[contains(@src, '${brand}.png')]/ancestor::div[@data-slot='card']//button[normalize-space()='Finance']</arg>
<doc>Returns the given values which can then be assigned to a variables.</doc>
<status status="PASS" start="2025-11-27T03:52:34.201810" elapsed="0.000484"/>
</kw>
<kw name="Wait Until Element Is Visible" owner="SeleniumLibrary">
<arg>${brand_xpath}</arg>
<arg>${Timeout}</arg>
<doc>Waits until the element ``locator`` is visible.</doc>
<status status="PASS" start="2025-11-27T03:52:34.202450" elapsed="0.641515"/>
</kw>
<kw name="Click Element" owner="SeleniumLibrary">
<msg time="2025-11-27T03:52:34.844616" level="INFO">Clicking element '//img[contains(@src, 'Careem.png')]/ancestor::div[@data-slot='card']//button[normalize-space()='Finance']'.</msg>
<arg>${brand_xpath}</arg>
<doc>Click the element identified by ``locator``.</doc>
<status status="PASS" start="2025-11-27T03:52:34.844264" elapsed="0.048958"/>
</kw>
<kw name="Wait Until Element Is Visible" owner="SeleniumLibrary">
<arg>xpath=(//input)[1]</arg>
<arg>${Timeout}</arg>
<doc>Waits until the element ``locator`` is visible.</doc>
<status status="PASS" start="2025-11-27T03:52:34.893508" elapsed="0.023610"/>
</kw>
<kw name="Input Text" owner="SeleniumLibrary">
<msg time="2025-11-27T03:52:34.917735" level="INFO">Typing text '1000' into text field 'xpath=(//input)[1]'.</msg>
<arg>xpath=(//input)[1]</arg>
<arg>${SELL_AMOUNT}</arg>
<doc>Types the given ``text`` into the text field identified by ``locator``.</doc>
<status status="PASS" start="2025-11-27T03:52:34.917411" elapsed="0.063140"/>
</kw>
<kw name="Input Text" owner="SeleniumLibrary">
<msg time="2025-11-27T03:52:34.981232" level="INFO">Typing text '2' into text field 'xpath=(//input)[2]'.</msg>
<arg>xpath=(//input)[2]</arg>
<arg>${SELL_DISCOUNT}</arg>
<doc>Types the given ``text`` into the text field identified by ``locator``.</doc>
<status status="PASS" start="2025-11-27T03:52:34.980845" elapsed="0.055527"/>
</kw>
<kw name="Wait Until Element Is Enabled" owner="SeleniumLibrary">
<arg>xpath=//button[normalize-space()='Sell Invoices']</arg>
<arg>${Timeout}</arg>
<doc>Waits until the element ``locator`` is enabled.</doc>
<status status="PASS" start="2025-11-27T03:52:35.036642" elapsed="1.083442"/>
</kw>
<kw name="Click Element" owner="SeleniumLibrary">
<msg time="2025-11-27T03:52:36.120651" level="INFO">Clicking element 'xpath=//button[normalize-space()='Sell Invoices']'.</msg>
<arg>xpath=//button[normalize-space()='Sell Invoices']</arg>
<doc>Click the element identified by ``locator``.</doc>
<status status="PASS" start="2025-11-27T03:52:36.120399" elapsed="0.049084"/>
</kw>
<kw name="Wait Until Element Is Visible" owner="SeleniumLibrary">
<arg>xpath=//button[text()='Go to My Requests']</arg>
<arg>${Timeout}</arg>
<doc>Waits until the element ``locator`` is visible.</doc>
<status status="PASS" start="2025-11-27T03:52:36.169803" elapsed="0.633418"/>
</kw>
<kw name="Click Element" owner="SeleniumLibrary">
<msg time="2025-11-27T03:52:36.803745" level="INFO">Clicking element 'xpath=//button[text()='Go to My Requests']'.</msg>
<arg>xpath=//button[text()='Go to My Requests']</arg>
<doc>Click the element identified by ``locator``.</doc>
<status status="PASS" start="2025-11-27T03:52:36.803491" elapsed="0.056506"/>
</kw>
<kw name="Sleep" owner="BuiltIn">
<msg time="2025-11-27T03:52:39.860700" level="INFO">Slept 3 seconds.</msg>
<arg>3s</arg>
<doc>Pauses the test executed for the given time.</doc>
<status status="PASS" start="2025-11-27T03:52:36.860300" elapsed="3.000564"/>
</kw>
<arg>Careem</arg>
<status status="PASS" start="2025-11-27T03:52:33.005610" elapsed="6.855417"/>
</kw>
<kw name="Place Restaurant Sell Order">
<kw name="Wait Until Element Is Visible" owner="SeleniumLibrary">
<arg>xpath=//a[@href="/restaurant/invoice-financing"]</arg>
<arg>${Timeout}</arg>
<doc>Waits until the element ``locator`` is visible.</doc>
<status status="PASS" start="2025-11-27T03:52:39.861785" elapsed="0.012784"/>
</kw>
<kw name="Sleep" owner="BuiltIn">
<msg time="2025-11-27T03:52:40.875050" level="INFO">Slept 1 second.</msg>
<arg>1s</arg>
<doc>Pauses the test executed for the given time.</doc>
<status status="PASS" start="2025-11-27T03:52:39.874735" elapsed="1.000517"/>
</kw>
<kw name="Click Element" owner="SeleniumLibrary">
<msg time="2025-11-27T03:52:40.875779" level="INFO">Clicking element 'xpath=//a[@href="/restaurant/invoice-financing"]'.</msg>
<arg>xpath=//a[@href="/restaurant/invoice-financing"]</arg>
<doc>Click the element identified by ``locator``.</doc>
<status status="PASS" start="2025-11-27T03:52:40.875520" elapsed="0.059496"/>
</kw>
<kw name="Set Variable" owner="BuiltIn">
<msg time="2025-11-27T03:52:40.935840" level="INFO">${brand_xpath} = //img[contains(@src, 'Talabat.png')]/ancestor::div[@data-slot='card']//button[normalize-space()='Finance']</msg>
<var>${brand_xpath}</var>
<arg>//img[contains(@src, '${brand}.png')]/ancestor::div[@data-slot='card']//button[normalize-space()='Finance']</arg>
<doc>Returns the given values which can then be assigned to a variables.</doc>
<status status="PASS" start="2025-11-27T03:52:40.935400" elapsed="0.000491"/>
</kw>
<kw name="Wait Until Element Is Visible" owner="SeleniumLibrary">
<arg>${brand_xpath}</arg>
<arg>${Timeout}</arg>
<doc>Waits until the element ``locator`` is visible.</doc>
<status status="PASS" start="2025-11-27T03:52:40.936092" elapsed="0.635007"/>
</kw>
<kw name="Click Element" owner="SeleniumLibrary">
<msg time="2025-11-27T03:52:41.571681" level="INFO">Clicking element '//img[contains(@src, 'Talabat.png')]/ancestor::div[@data-slot='card']//button[normalize-space()='Finance']'.</msg>
<arg>${brand_xpath}</arg>
<doc>Click the element identified by ``locator``.</doc>
<status status="PASS" start="2025-11-27T03:52:41.571391" elapsed="0.059770"/>
</kw>
<kw name="Wait Until Element Is Visible" owner="SeleniumLibrary">
<arg>xpath=(//input)[1]</arg>
<arg>${Timeout}</arg>
<doc>Waits until the element ``locator`` is visible.</doc>
<status status="PASS" start="2025-11-27T03:52:41.631525" elapsed="0.013192"/>
</kw>
<kw name="Input Text" owner="SeleniumLibrary">
<msg time="2025-11-27T03:52:41.645334" level="INFO">Typing text '1000' into text field 'xpath=(//input)[1]'.</msg>
<arg>xpath=(//input)[1]</arg>
<arg>${SELL_AMOUNT}</arg>
<doc>Types the given ``text`` into the text field identified by ``locator``.</doc>
<status status="PASS" start="2025-11-27T03:52:41.644965" elapsed="0.054740"/>
</kw>
<kw name="Input Text" owner="SeleniumLibrary">
<msg time="2025-11-27T03:52:41.700496" level="INFO">Typing text '2' into text field 'xpath=(//input)[2]'.</msg>
<arg>xpath=(//input)[2]</arg>
<arg>${SELL_DISCOUNT}</arg>
<doc>Types the given ``text`` into the text field identified by ``locator``.</doc>
<status status="PASS" start="2025-11-27T03:52:41.700051" elapsed="0.052536"/>
</kw>
<kw name="Wait Until Element Is Enabled" owner="SeleniumLibrary">
<arg>xpath=//button[normalize-space()='Sell Invoices']</arg>
<arg>${Timeout}</arg>
<doc>Waits until the element ``locator`` is enabled.</doc>
<status status="PASS" start="2025-11-27T03:52:41.752878" elapsed="1.705534"/>
</kw>
<kw name="Click Element" owner="SeleniumLibrary">
<msg time="2025-11-27T03:52:43.458933" level="INFO">Clicking element 'xpath=//button[normalize-space()='Sell Invoices']'.</msg>
<arg>xpath=//button[normalize-space()='Sell Invoices']</arg>
<doc>Click the element identified by ``locator``.</doc>
<status status="PASS" start="2025-11-27T03:52:43.458683" elapsed="0.051756"/>
</kw>
<kw name="Wait Until Element Is Visible" owner="SeleniumLibrary">
<arg>xpath=//button[text()='Go to My Requests']</arg>
<arg>${Timeout}</arg>
<doc>Waits until the element ``locator`` is visible.</doc>
<status status="PASS" start="2025-11-27T03:52:43.510729" elapsed="0.629848"/>
</kw>
<kw name="Click Element" owner="SeleniumLibrary">
<msg time="2025-11-27T03:52:44.141105" level="INFO">Clicking element 'xpath=//button[text()='Go to My Requests']'.</msg>
<arg>xpath=//button[text()='Go to My Requests']</arg>
<doc>Click the element identified by ``locator``.</doc>
<status status="PASS" start="2025-11-27T03:52:44.140849" elapsed="0.062420"/>
</kw>
<kw name="Sleep" owner="BuiltIn">
<msg time="2025-11-27T03:52:47.204128" level="INFO">Slept 3 seconds.</msg>
<arg>3s</arg>
<doc>Pauses the test executed for the given time.</doc>
<status status="PASS" start="2025-11-27T03:52:44.203668" elapsed="3.000645"/>
</kw>
<arg>Talabat</arg>
<status status="PASS" start="2025-11-27T03:52:39.861397" elapsed="7.343079"/>
</kw>
<kw name="Place Restaurant Sell Order">
<kw name="Wait Until Element Is Visible" owner="SeleniumLibrary">
<arg>xpath=//a[@href="/restaurant/invoice-financing"]</arg>
<arg>${Timeout}</arg>
<doc>Waits until the element ``locator`` is visible.</doc>
<status status="PASS" start="2025-11-27T03:52:47.205273" elapsed="0.013584"/>
</kw>
<kw name="Sleep" owner="BuiltIn">
<msg time="2025-11-27T03:52:48.219516" level="INFO">Slept 1 second.</msg>
<arg>1s</arg>
<doc>Pauses the test executed for the given time.</doc>
<status status="PASS" start="2025-11-27T03:52:47.219171" elapsed="1.000495"/>
</kw>
<kw name="Click Element" owner="SeleniumLibrary">
<msg time="2025-11-27T03:52:48.220214" level="INFO">Clicking element 'xpath=//a[@href="/restaurant/invoice-financing"]'.</msg>
<arg>xpath=//a[@href="/restaurant/invoice-financing"]</arg>
<doc>Click the element identified by ``locator``.</doc>
<status status="PASS" start="2025-11-27T03:52:48.219927" elapsed="0.124141"/>
</kw>
<kw name="Set Variable" owner="BuiltIn">
<msg time="2025-11-27T03:52:48.344775" level="INFO">${brand_xpath} = //img[contains(@src, 'Noon.png')]/ancestor::div[@data-slot='card']//button[normalize-space()='Finance']</msg>
<var>${brand_xpath}</var>
<arg>//img[contains(@src, '${brand}.png')]/ancestor::div[@data-slot='card']//button[normalize-space()='Finance']</arg>
<doc>Returns the given values which can then be assigned to a variables.</doc>
<status status="PASS" start="2025-11-27T03:52:48.344380" elapsed="0.000434"/>
</kw>
<kw name="Wait Until Element Is Visible" owner="SeleniumLibrary">
<arg>${brand_xpath}</arg>
<arg>${Timeout}</arg>
<doc>Waits until the element ``locator`` is visible.</doc>
<status status="PASS" start="2025-11-27T03:52:48.344962" elapsed="1.043773"/>
</kw>
<kw name="Click Element" owner="SeleniumLibrary">
<msg time="2025-11-27T03:52:49.389348" level="INFO">Clicking element '//img[contains(@src, 'Noon.png')]/ancestor::div[@data-slot='card']//button[normalize-space()='Finance']'.</msg>
<arg>${brand_xpath}</arg>
<doc>Click the element identified by ``locator``.</doc>
<status status="PASS" start="2025-11-27T03:52:49.389017" elapsed="0.050052"/>
</kw>
<kw name="Wait Until Element Is Visible" owner="SeleniumLibrary">
<arg>xpath=(//input)[1]</arg>
<arg>${Timeout}</arg>
<doc>Waits until the element ``locator`` is visible.</doc>
<status status="PASS" start="2025-11-27T03:52:49.439379" elapsed="0.014799"/>
</kw>
<kw name="Input Text" owner="SeleniumLibrary">
<msg time="2025-11-27T03:52:49.454777" level="INFO">Typing text '1000' into text field 'xpath=(//input)[1]'.</msg>
<arg>xpath=(//input)[1]</arg>
<arg>${SELL_AMOUNT}</arg>
<doc>Types the given ``text`` into the text field identified by ``locator``.</doc>
<status status="PASS" start="2025-11-27T03:52:49.454448" elapsed="0.056079"/>
</kw>
<kw name="Input Text" owner="SeleniumLibrary">
<msg time="2025-11-27T03:52:49.511188" level="INFO">Typing text '2' into text field 'xpath=(//input)[2]'.</msg>
<arg>xpath=(//input)[2]</arg>
<arg>${SELL_DISCOUNT}</arg>
<doc>Types the given ``text`` into the text field identified by ``locator``.</doc>
<status status="PASS" start="2025-11-27T03:52:49.510818" elapsed="0.053278"/>
</kw>
<kw name="Wait Until Element Is Enabled" owner="SeleniumLibrary">
<arg>xpath=//button[normalize-space()='Sell Invoices']</arg>
<arg>${Timeout}</arg>
<doc>Waits until the element ``locator`` is enabled.</doc>
<status status="PASS" start="2025-11-27T03:52:49.564405" elapsed="1.284885"/>
</kw>
<kw name="Click Element" owner="SeleniumLibrary">
<msg time="2025-11-27T03:52:50.849818" level="INFO">Clicking element 'xpath=//button[normalize-space()='Sell Invoices']'.</msg>
<arg>xpath=//button[normalize-space()='Sell Invoices']</arg>
<doc>Click the element identified by ``locator``.</doc>
<status status="PASS" start="2025-11-27T03:52:50.849564" elapsed="0.042835"/>
</kw>
<kw name="Wait Until Element Is Visible" owner="SeleniumLibrary">
<arg>xpath=//button[text()='Go to My Requests']</arg>
<arg>${Timeout}</arg>
<doc>Waits until the element ``locator`` is visible.</doc>
<status status="PASS" start="2025-11-27T03:52:50.892673" elapsed="0.630337"/>
</kw>
<kw name="Click Element" owner="SeleniumLibrary">
<msg time="2025-11-27T03:52:51.523560" level="INFO">Clicking element 'xpath=//button[text()='Go to My Requests']'.</msg>
<arg>xpath=//button[text()='Go to My Requests']</arg>
<doc>Click the element identified by ``locator``.</doc>
<status status="PASS" start="2025-11-27T03:52:51.523305" elapsed="0.052626"/>
</kw>
<kw name="Sleep" owner="BuiltIn">
<msg time="2025-11-27T03:52:54.576610" level="INFO">Slept 3 seconds.</msg>
<arg>3s</arg>
<doc>Pauses the test executed for the given time.</doc>
<status status="PASS" start="2025-11-27T03:52:51.576229" elapsed="3.000545"/>
</kw>
<arg>Noon</arg>
<status status="PASS" start="2025-11-27T03:52:47.204827" elapsed="7.372110"/>
</kw>
<kw name="Close Browser" owner="SeleniumLibrary">
<doc>Closes the current browser.</doc>
<status status="PASS" start="2025-11-27T03:52:54.577202" elapsed="0.064660"/>
</kw>
<kw name="Login As Financier">
<kw name="Evaluate" owner="BuiltIn">
<msg time="2025-11-27T03:52:54.642888" level="INFO">${chrome options} = &lt;selenium.webdriver.chrome.options.Options object at 0x7f777affe3e0&gt;</msg>
<var>${chrome options}</var>
<arg>sys.modules['selenium.webdriver'].ChromeOptions()</arg>
<arg>sys, selenium.webdriver</arg>
<doc>Evaluates the given expression in Python and returns the result.</doc>
<status status="PASS" start="2025-11-27T03:52:54.642578" elapsed="0.000346"/>
</kw>
<kw name="Call Method" owner="BuiltIn">
<arg>${chrome options}</arg>
<arg>add_argument</arg>
<arg>--headless</arg>
<doc>Calls the named method of the given object with the provided arguments.</doc>
<status status="PASS" start="2025-11-27T03:52:54.643060" elapsed="0.000195"/>
</kw>
<kw name="Call Method" owner="BuiltIn">
<arg>${chrome options}</arg>
<arg>add_argument</arg>
<arg>--disable-gpu</arg>
<doc>Calls the named method of the given object with the provided arguments.</doc>
<status status="PASS" start="2025-11-27T03:52:54.643384" elapsed="0.000153"/>
</kw>
<kw name="Call Method" owner="BuiltIn">
<arg>${chrome options}</arg>
<arg>add_argument</arg>
<arg>--no-sandbox</arg>
<doc>Calls the named method of the given object with the provided arguments.</doc>
<status status="PASS" start="2025-11-27T03:52:54.643657" elapsed="0.000147"/>
</kw>
<kw name="Call Method" owner="BuiltIn">
<arg>${chrome options}</arg>
<arg>add_argument</arg>
<arg>--disable-dev-shm-usage</arg>
<doc>Calls the named method of the given object with the provided arguments.</doc>
<status status="PASS" start="2025-11-27T03:52:54.643924" elapsed="0.000143"/>
</kw>
<kw name="Set Variable" owner="BuiltIn">
<msg time="2025-11-27T03:52:54.644381" level="INFO">${size} = --window-size=1920,1080</msg>
<var>${size}</var>
<arg>--window-size=1920,1080</arg>
<doc>Returns the given values which can then be assigned to a variables.</doc>
<status status="PASS" start="2025-11-27T03:52:54.644227" elapsed="0.000182"/>
</kw>
<kw name="Call Method" owner="BuiltIn">
<arg>${chrome options}</arg>
<arg>add_argument</arg>
<arg>${size}</arg>
<doc>Calls the named method of the given object with the provided arguments.</doc>
<status status="PASS" start="2025-11-27T03:52:54.644528" elapsed="0.000167"/>
</kw>
<kw name="Open Browser" owner="SeleniumLibrary">
<msg time="2025-11-27T03:52:54.645102" level="INFO">Opening browser 'chrome' to base url 'https://rest-fin-fe.mangoforest-55e2394a.centralindia.azurecontainerapps.io/'.</msg>
<arg>${URL}</arg>
<arg>chrome</arg>
<arg>options=${chrome options}</arg>
<doc>Opens a new browser instance to the optional ``url``.</doc>
<status status="PASS" start="2025-11-27T03:52:54.644838" elapsed="2.798509"/>
</kw>
<kw name="Maximize Browser Window" owner="SeleniumLibrary">
<doc>Maximizes current browser window.</doc>
<status status="PASS" start="2025-11-27T03:52:57.443748" elapsed="0.015333"/>
</kw>
<kw name="Wait Until Element Is Visible" owner="SeleniumLibrary">
<arg>xpath=//input[@placeholder="Enter your email"]</arg>
<arg>${Timeout}</arg>
<doc>Waits until the element ``locator`` is visible.</doc>
<status status="PASS" start="2025-11-27T03:52:57.459456" elapsed="0.027429"/>
</kw>
<kw name="Input Text" owner="SeleniumLibrary">
<msg time="2025-11-27T03:52:57.487530" level="INFO">Typing text 'test@f10.com' into text field 'xpath=//input[@placeholder="Enter your email"]'.</msg>
<arg>xpath=//input[@placeholder="Enter your email"]</arg>
<arg>${FIN_EMAIL}</arg>
<doc>Types the given ``text`` into the text field identified by ``locator``.</doc>
<status status="PASS" start="2025-11-27T03:52:57.487195" elapsed="0.083245"/>
</kw>
<kw name="Input Text" owner="SeleniumLibrary">
<msg time="2025-11-27T03:52:57.571120" level="INFO">Typing text 'Naresh' into text field 'xpath=//input[@placeholder="Enter your password"]'.</msg>
<arg>xpath=//input[@placeholder="Enter your password"]</arg>
<arg>${PASSWORD}</arg>
<doc>Types the given ``text`` into the text field identified by ``locator``.</doc>
<status status="PASS" start="2025-11-27T03:52:57.570764" elapsed="0.063252"/>
</kw>
<kw name="Click Element" owner="SeleniumLibrary">
<msg time="2025-11-27T03:52:57.634615" level="INFO">Clicking element 'xpath=//button[text()="Login"]'.</msg>
<arg>xpath=//button[text()="Login"]</arg>
<doc>Click the element identified by ``locator``.</doc>
<status status="PASS" start="2025-11-27T03:52:57.634332" elapsed="0.062872"/>
</kw>
<status status="PASS" start="2025-11-27T03:52:54.642226" elapsed="3.055204"/>
</kw>
<kw name="Sleep" owner="BuiltIn">
<msg time="2025-11-27T03:52:59.698040" level="INFO">Slept 2 seconds.</msg>
<arg>2s</arg>
<doc>Pauses the test executed for the given time.</doc>
<status status="PASS" start="2025-11-27T03:52:57.697644" elapsed="2.000603"/>
</kw>
<kw name="Place And Wait For Buy Fulfillment">
<kw name="Wait Until Element Is Visible" owner="SeleniumLibrary">
<arg>xpath=//a[@href="/financer/marketplace"]</arg>
<arg>${Timeout}</arg>
<doc>Waits until the element ``locator`` is visible.</doc>
<status status="PASS" start="2025-11-27T03:52:59.699234" elapsed="0.016347"/>
</kw>
<kw name="Sleep" owner="BuiltIn">
<msg time="2025-11-27T03:53:00.716079" level="INFO">Slept 1 second.</msg>
<arg>1s</arg>
<doc>Pauses the test executed for the given time.</doc>
<status status="PASS" start="2025-11-27T03:52:59.715767" elapsed="1.000491"/>
</kw>
<kw name="Click Element" owner="SeleniumLibrary">
<msg time="2025-11-27T03:53:00.716777" level="INFO">Clicking element 'xpath=//a[@href="/financer/marketplace"]'.</msg>
<arg>xpath=//a[@href="/financer/marketplace"]</arg>
<doc>Click the element identified by ``locator``.</doc>
<status status="PASS" start="2025-11-27T03:53:00.716518" elapsed="0.051817"/>
</kw>
<kw name="Set Variable" owner="BuiltIn">
<msg time="2025-11-27T03:53:00.769022" level="INFO">${brand_xpath} = //img[contains(@src, 'Careem.png')]/ancestor::div[@data-slot='card']//button[normalize-space()='Trade']</msg>
<var>${brand_xpath}</var>
<arg>//img[contains(@src, '${brand}.png')]/ancestor::div[@data-slot='card']//button[normalize-space()='Trade']</arg>
<doc>Returns the given values which can then be assigned to a variables.</doc>
<status status="PASS" start="2025-11-27T03:53:00.768631" elapsed="0.000432"/>
</kw>
<kw name="Wait Until Element Is Visible" owner="SeleniumLibrary">
<arg>${brand_xpath}</arg>
<arg>${Timeout}</arg>
<doc>Waits until the element ``locator`` is visible.</doc>
<status status="PASS" start="2025-11-27T03:53:00.769302" elapsed="0.015791"/>
</kw>
<kw name="Click Element" owner="SeleniumLibrary">
<msg time="2025-11-27T03:53:00.785660" level="INFO">Clicking element '//img[contains(@src, 'Careem.png')]/ancestor::div[@data-slot='card']//button[normalize-space()='Trade']'.</msg>
<arg>${brand_xpath}</arg>
<doc>Click the element identified by ``locator``.</doc>
<status status="PASS" start="2025-11-27T03:53:00.785370" elapsed="0.051074"/>
</kw>
<kw name="Execute Javascript" owner="SeleniumLibrary">
<msg time="2025-11-27T03:53:00.837164" level="INFO">Executing JavaScript:
document.querySelector('main').scrollTop += 500;
Without any arguments.</msg>
<arg>document.querySelector('main').scrollTop += 500;</arg>
<doc>Executes the given JavaScript code with possible arguments.</doc>
<status status="PASS" start="2025-11-27T03:53:00.836718" elapsed="0.004258"/>
</kw>
<kw name="Wait Until Element Is Visible" owner="SeleniumLibrary">
<arg>xpath=(//input)[1]</arg>
<arg>${Timeout}</arg>
<doc>Waits until the element ``locator`` is visible.</doc>
<status status="PASS" start="2025-11-27T03:53:00.841226" elapsed="0.246848"/>
</kw>
<kw name="Sleep" owner="BuiltIn">
<msg time="2025-11-27T03:53:02.088728" level="INFO">Slept 1 second.</msg>
<arg>1s</arg>
<doc>Pauses the test executed for the given time.</doc>
<status status="PASS" start="2025-11-27T03:53:01.088377" elapsed="1.000502"/>
</kw>
<kw name="Input Text" owner="SeleniumLibrary">
<msg time="2025-11-27T03:53:02.089495" level="INFO">Typing text '2' into text field 'xpath=(//input)[1]'.</msg>
<arg>xpath=(//input)[1]</arg>
<arg>${BUY_DISCOUNT}</arg>
<doc>Types the given ``text`` into the text field identified by ``locator``.</doc>
<status status="PASS" start="2025-11-27T03:53:02.089167" elapsed="0.059198"/>
</kw>
<kw name="Sleep" owner="BuiltIn">
<msg time="2025-11-27T03:53:03.149063" level="INFO">Slept 1 second.</msg>
<arg>1s</arg>
<doc>Pauses the test executed for the given time.</doc>
<status status="PASS" start="2025-11-27T03:53:02.148669" elapsed="1.000575"/>
</kw>
<kw name="Input Text" owner="SeleniumLibrary">
<msg time="2025-11-27T03:53:03.149908" level="INFO">Typing text '1000' into text field 'xpath=(//input)[2]'.</msg>
<arg>xpath=(//input)[2]</arg>
<arg>${BUY_AMOUNT}</arg>
<doc>Types the given ``text`` into the text field identified by ``locator``.</doc>
<status status="PASS" start="2025-11-27T03:53:03.149539" elapsed="0.060223"/>
</kw>
<kw name="Sleep" owner="BuiltIn">
<msg time="2025-11-27T03:53:04.210424" level="INFO">Slept 1 second.</msg>
<arg>1s</arg>
<doc>Pauses the test executed for the given time.</doc>
<status status="PASS" start="2025-11-27T03:53:03.210029" elapsed="1.000541"/>
</kw>
<kw name="Get Current Date" owner="DateTime">
<msg time="2025-11-27T03:53:04.211226" level="INFO">${start_time} = 2025-11-27 03:53:04.211053</msg>
<var>${start_time}</var>
<arg>result_format=%Y-%m-%d %H:%M:%S.%f</arg>
<doc>Returns current local or UTC time with an optional increment.</doc>
<status status="PASS" start="2025-11-27T03:53:04.210823" elapsed="0.000439"/>
</kw>
<kw name="Wait Until Element Is Enabled" owner="SeleniumLibrary">
<arg>(//button[normalize-space()='Buy Tokens'])</arg>
<arg>${Timeout}</arg>
<doc>Waits until the element ``locator`` is enabled.</doc>
<status status="PASS" start="2025-11-27T03:53:04.211473" elapsed="0.022828"/>
</kw>
<kw name="Click Element" owner="SeleniumLibrary">
<msg time="2025-11-27T03:53:04.234706" level="INFO">Clicking element '(//button[normalize-space()='Buy Tokens'])'.</msg>
<arg>(//button[normalize-space()='Buy Tokens'])</arg>
<doc>Click the element identified by ``locator``.</doc>
<status status="PASS" start="2025-11-27T03:53:04.234502" elapsed="0.048715"/>
</kw>
<kw name="Wait Until Element Is Visible" owner="SeleniumLibrary">
<arg>xpath=//button[text()='Go to My Tradebook']</arg>
<arg>${Timeout}</arg>
<doc>Waits until the element ``locator`` is visible.</doc>
<status status="PASS" start="2025-11-27T03:53:04.283525" elapsed="0.668584"/>
</kw>
<kw name="Click Element" owner="SeleniumLibrary">
<msg time="2025-11-27T03:53:04.952657" level="INFO">Clicking element 'xpath=//button[text()='Go to My Tradebook']'.</msg>
<arg>xpath=//button[text()='Go to My Tradebook']</arg>
<doc>Click the element identified by ``locator``.</doc>
<status status="PASS" start="2025-11-27T03:53:04.952402" elapsed="0.079529"/>
</kw>
<for flavor="IN RANGE">
<iter>
<kw name="Sleep" owner="BuiltIn">
<msg time="2025-11-27T03:53:06.033332" level="INFO">Slept 1 second.</msg>
<arg>1s</arg>
<doc>Pauses the test executed for the given time.</doc>
<status status="PASS" start="2025-11-27T03:53:05.032884" elapsed="1.000609"/>
</kw>
<kw name="Reload Page" owner="SeleniumLibrary">
<doc>Simulates user reloading page.</doc>
<status status="PASS" start="2025-11-27T03:53:06.033785" elapsed="0.309383"/>
</kw>
<kw name="Wait Until Element Is Visible" owner="SeleniumLibrary">
<arg>xpath=//h1[text()="My Tradebook"]</arg>
<arg>${Timeout}</arg>
<doc>Waits until the element ``locator`` is visible.</doc>
<status status="PASS" start="2025-11-27T03:53:06.343561" elapsed="0.021248"/>
</kw>
<kw name="Wait Until Element Is Visible" owner="SeleniumLibrary">
<arg>xpath=//table//tr</arg>
<arg>${Timeout}</arg>
<doc>Waits until the element ``locator`` is visible.</doc>
<status status="PASS" start="2025-11-27T03:53:06.365160" elapsed="1.105488"/>
</kw>
<kw name="Get Text" owner="SeleniumLibrary">
<msg time="2025-11-27T03:53:07.494956" level="INFO">${status} = Open</msg>
<var>${status}</var>
<arg>(//table//tr)[2]/td[last()]</arg>
<doc>Returns the text value of the element identified by ``locator``.</doc>
<status status="PASS" start="2025-11-27T03:53:07.470948" elapsed="0.024087"/>
</kw>
<kw name="Convert To Upper Case" owner="String">
<msg time="2025-11-27T03:53:07.495758" level="INFO">${status} = OPEN</msg>
<var>${status}</var>
<arg>${status}</arg>
<doc>Converts string to upper case.</doc>
<status status="PASS" start="2025-11-27T03:53:07.495413" elapsed="0.000377"/>
</kw>
<kw name="Run Keyword If" owner="BuiltIn">
<arg>'${status}'=='FULFILLED'</arg>
<arg>Exit For Loop</arg>
<doc>Runs the given keyword with the given arguments, if ``condition`` is true.</doc>
<status status="PASS" start="2025-11-27T03:53:07.495950" elapsed="0.000332"/>
</kw>
<var name="${i}">0</var>
<status status="PASS" start="2025-11-27T03:53:05.032612" elapsed="2.463775"/>
</iter>
<iter>
<kw name="Sleep" owner="BuiltIn">
<msg time="2025-11-27T03:53:08.497206" level="INFO">Slept 1 second.</msg>
<arg>1s</arg>
<doc>Pauses the test executed for the given time.</doc>
<status status="PASS" start="2025-11-27T03:53:07.496849" elapsed="1.000514"/>
</kw>
<kw name="Reload Page" owner="SeleniumLibrary">
<doc>Simulates user reloading page.</doc>
<status status="PASS" start="2025-11-27T03:53:08.497625" elapsed="0.290421"/>
</kw>
<kw name="Wait Until Element Is Visible" owner="SeleniumLibrary">
<arg>xpath=//h1[text()="My Tradebook"]</arg>
<arg>${Timeout}</arg>
<doc>Waits until the element ``locator`` is visible.</doc>
<status status="PASS" start="2025-11-27T03:53:08.788438" elapsed="0.014201"/>
</kw>
<kw name="Wait Until Element Is Visible" owner="SeleniumLibrary">
<arg>xpath=//table//tr</arg>
<arg>${Timeout}</arg>
<doc>Waits until the element ``locator`` is visible.</doc>
<status status="PASS" start="2025-11-27T03:53:08.802917" elapsed="1.045312"/>
</kw>
<kw name="Get Text" owner="SeleniumLibrary">
<msg time="2025-11-27T03:53:09.861388" level="INFO">${status} = Open</msg>
<var>${status}</var>
<arg>(//table//tr)[2]/td[last()]</arg>
<doc>Returns the text value of the element identified by ``locator``.</doc>
<status status="PASS" start="2025-11-27T03:53:09.848503" elapsed="0.012926"/>
</kw>
<kw name="Convert To Upper Case" owner="String">
<msg time="2025-11-27T03:53:09.861814" level="INFO">${status} = OPEN</msg>
<var>${status}</var>
<arg>${status}</arg>
<doc>Converts string to upper case.</doc>
<status status="PASS" start="2025-11-27T03:53:09.861605" elapsed="0.000239"/>
</kw>
<kw name="Run Keyword If" owner="BuiltIn">
<arg>'${status}'=='FULFILLED'</arg>
<arg>Exit For Loop</arg>
<doc>Runs the given keyword with the given arguments, if ``condition`` is true.</doc>
<status status="PASS" start="2025-11-27T03:53:09.861985" elapsed="0.000210"/>
</kw>
<var name="${i}">1</var>
<status status="PASS" start="2025-11-27T03:53:07.496668" elapsed="2.365587"/>
</iter>
<iter>
<kw name="Sleep" owner="BuiltIn">
<msg time="2025-11-27T03:53:10.862816" level="INFO">Slept 1 second.</msg>
<arg>1s</arg>
<doc>Pauses the test executed for the given time.</doc>
<status status="PASS" start="2025-11-27T03:53:09.862517" elapsed="1.000447"/>
</kw>
<kw name="Reload Page" owner="SeleniumLibrary">
<doc>Simulates user reloading page.</doc>
<status status="PASS" start="2025-11-27T03:53:10.863250" elapsed="0.282961"/>
</kw>
<kw name="Wait Until Element Is Visible" owner="SeleniumLibrary">
<arg>xpath=//h1[text()="My Tradebook"]</arg>
<arg>${Timeout}</arg>
<doc>Waits until the element ``locator`` is visible.</doc>
<status status="PASS" start="2025-11-27T03:53:11.146587" elapsed="0.013540"/>
</kw>
<kw name="Wait Until Element Is Visible" owner="SeleniumLibrary">
<arg>xpath=//table//tr</arg>
<arg>${Timeout}</arg>
<doc>Waits until the element ``locator`` is visible.</doc>
<status status="PASS" start="2025-11-27T03:53:11.160378" elapsed="1.251578"/>
</kw>
<kw name="Get Text" owner="SeleniumLibrary">
<msg time="2025-11-27T03:53:12.425432" level="INFO">${status} = Open</msg>
<var>${status}</var>
<arg>(//table//tr)[2]/td[last()]</arg>
<doc>Returns the text value of the element identified by ``locator``.</doc>
<status status="PASS" start="2025-11-27T03:53:12.412255" elapsed="0.013223"/>
</kw>
<kw name="Convert To Upper Case" owner="String">
<msg time="2025-11-27T03:53:12.425929" level="INFO">${status} = OPEN</msg>
<var>${status}</var>
<arg>${status}</arg>
<doc>Converts string to upper case.</doc>
<status status="PASS" start="2025-11-27T03:53:12.425699" elapsed="0.000259"/>
</kw>
<kw name="Run Keyword If" owner="BuiltIn">
<arg>'${status}'=='FULFILLED'</arg>
<arg>Exit For Loop</arg>
<doc>Runs the given keyword with the given arguments, if ``condition`` is true.</doc>
<status status="PASS" start="2025-11-27T03:53:12.426101" elapsed="0.000214"/>
</kw>
<var name="${i}">2</var>
<status status="PASS" start="2025-11-27T03:53:09.862412" elapsed="2.563962"/>
</iter>
<iter>
<kw name="Sleep" owner="BuiltIn">
<msg time="2025-11-27T03:53:13.426962" level="INFO">Slept 1 second.</msg>
<arg>1s</arg>
<doc>Pauses the test executed for the given time.</doc>
<status status="PASS" start="2025-11-27T03:53:12.426634" elapsed="1.000490"/>
</kw>
<kw name="Reload Page" owner="SeleniumLibrary">
<doc>Simulates user reloading page.</doc>
<status status="PASS" start="2025-11-27T03:53:13.427455" elapsed="0.287901"/>
</kw>
<kw name="Wait Until Element Is Visible" owner="SeleniumLibrary">
<arg>xpath=//h1[text()="My Tradebook"]</arg>
<arg>${Timeout}</arg>
<doc>Waits until the element ``locator`` is visible.</doc>
<status status="PASS" start="2025-11-27T03:53:13.715750" elapsed="0.015332"/>
</kw>
<kw name="Wait Until Element Is Visible" owner="SeleniumLibrary">
<arg>xpath=//table//tr</arg>
<arg>${Timeout}</arg>
<doc>Waits until the element ``locator`` is visible.</doc>
<status status="PASS" start="2025-11-27T03:53:13.731413" elapsed="1.047554"/>
</kw>
<kw name="Get Text" owner="SeleniumLibrary">
<msg time="2025-11-27T03:53:14.792044" level="INFO">${status} = Open</msg>
<var>${status}</var>
<arg>(//table//tr)[2]/td[last()]</arg>
<doc>Returns the text value of the element identified by ``locator``.</doc>
<status status="PASS" start="2025-11-27T03:53:14.779262" elapsed="0.012825"/>
</kw>
<kw name="Convert To Upper Case" owner="String">
<msg time="2025-11-27T03:53:14.792526" level="INFO">${status} = OPEN</msg>
<var>${status}</var>
<arg>${status}</arg>
<doc>Converts string to upper case.</doc>
<status status="PASS" start="2025-11-27T03:53:14.792303" elapsed="0.000253"/>
</kw>
<kw name="Run Keyword If" owner="BuiltIn">
<arg>'${status}'=='FULFILLED'</arg>
<arg>Exit For Loop</arg>
<doc>Runs the given keyword with the given arguments, if ``condition`` is true.</doc>
<status status="PASS" start="2025-11-27T03:53:14.792697" elapsed="0.000199"/>
</kw>
<var name="${i}">3</var>
<status status="PASS" start="2025-11-27T03:53:12.426529" elapsed="2.366425"/>
</iter>
<iter>
<kw name="Sleep" owner="BuiltIn">
<msg time="2025-11-27T03:53:15.793529" level="INFO">Slept 1 second.</msg>
<arg>1s</arg>
<doc>Pauses the test executed for the given time.</doc>
<status status="PASS" start="2025-11-27T03:53:14.793227" elapsed="1.000448"/>
</kw>
<kw name="Reload Page" owner="SeleniumLibrary">
<doc>Simulates user reloading page.</doc>
<status status="PASS" start="2025-11-27T03:53:15.793931" elapsed="0.284774"/>
</kw>
<kw name="Wait Until Element Is Visible" owner="SeleniumLibrary">
<arg>xpath=//h1[text()="My Tradebook"]</arg>
<arg>${Timeout}</arg>
<doc>Waits until the element ``locator`` is visible.</doc>
<status status="PASS" start="2025-11-27T03:53:16.079114" elapsed="0.014449"/>
</kw>
<kw name="Wait Until Element Is Visible" owner="SeleniumLibrary">
<arg>xpath=//table//tr</arg>
<arg>${Timeout}</arg>
<doc>Waits until the element ``locator`` is visible.</doc>
<status status="PASS" start="2025-11-27T03:53:16.093910" elapsed="1.046955"/>
</kw>
<kw name="Get Text" owner="SeleniumLibrary">
<msg time="2025-11-27T03:53:17.154244" level="INFO">${status} = Open</msg>
<var>${status}</var>
<arg>(//table//tr)[2]/td[last()]</arg>
<doc>Returns the text value of the element identified by ``locator``.</doc>
<status status="PASS" start="2025-11-27T03:53:17.141241" elapsed="0.013049"/>
</kw>
<kw name="Convert To Upper Case" owner="String">
<msg time="2025-11-27T03:53:17.154723" level="INFO">${status} = OPEN</msg>
<var>${status}</var>
<arg>${status}</arg>
<doc>Converts string to upper case.</doc>
<status status="PASS" start="2025-11-27T03:53:17.154492" elapsed="0.000261"/>
</kw>
<kw name="Run Keyword If" owner="BuiltIn">
<arg>'${status}'=='FULFILLED'</arg>
<arg>Exit For Loop</arg>
<doc>Runs the given keyword with the given arguments, if ``condition`` is true.</doc>
<status status="PASS" start="2025-11-27T03:53:17.154908" elapsed="0.000197"/>
</kw>
<var name="${i}">4</var>
<status status="PASS" start="2025-11-27T03:53:14.793107" elapsed="2.362077"/>
</iter>
<iter>
<kw name="Sleep" owner="BuiltIn">
<msg time="2025-11-27T03:53:18.155778" level="INFO">Slept 1 second.</msg>
<arg>1s</arg>
<doc>Pauses the test executed for the given time.</doc>
<status status="PASS" start="2025-11-27T03:53:17.155456" elapsed="1.000492"/>
</kw>
<kw name="Reload Page" owner="SeleniumLibrary">
<doc>Simulates user reloading page.</doc>
<status status="PASS" start="2025-11-27T03:53:18.156290" elapsed="0.282641"/>
</kw>
<kw name="Wait Until Element Is Visible" owner="SeleniumLibrary">
<arg>xpath=//h1[text()="My Tradebook"]</arg>
<arg>${Timeout}</arg>
<doc>Waits until the element ``locator`` is visible.</doc>
<status status="PASS" start="2025-11-27T03:53:18.439342" elapsed="0.014162"/>
</kw>
<kw name="Wait Until Element Is Visible" owner="SeleniumLibrary">
<arg>xpath=//table//tr</arg>
<arg>${Timeout}</arg>
<doc>Waits until the element ``locator`` is visible.</doc>
<status status="PASS" start="2025-11-27T03:53:18.453751" elapsed="1.270111"/>
</kw>
<kw name="Get Text" owner="SeleniumLibrary">
<msg time="2025-11-27T03:53:19.737359" level="INFO">${status} = Open</msg>
<var>${status}</var>
<arg>(//table//tr)[2]/td[last()]</arg>
<doc>Returns the text value of the element identified by ``locator``.</doc>
<status status="PASS" start="2025-11-27T03:53:19.724169" elapsed="0.013240"/>
</kw>
<kw name="Convert To Upper Case" owner="String">
<msg time="2025-11-27T03:53:19.737789" level="INFO">${status} = OPEN</msg>
<var>${status}</var>
<arg>${status}</arg>
<doc>Converts string to upper case.</doc>
<status status="PASS" start="2025-11-27T03:53:19.737579" elapsed="0.000239"/>
</kw>
<kw name="Run Keyword If" owner="BuiltIn">
<arg>'${status}'=='FULFILLED'</arg>
<arg>Exit For Loop</arg>
<doc>Runs the given keyword with the given arguments, if ``condition`` is true.</doc>
<status status="PASS" start="2025-11-27T03:53:19.737960" elapsed="0.000215"/>
</kw>
<var name="${i}">5</var>
<status status="PASS" start="2025-11-27T03:53:17.155349" elapsed="2.582888"/>
</iter>
<iter>
<kw name="Sleep" owner="BuiltIn">
<msg time="2025-11-27T03:53:20.738832" level="INFO">Slept 1 second.</msg>
<arg>1s</arg>
<doc>Pauses the test executed for the given time.</doc>
<status status="PASS" start="2025-11-27T03:53:19.738507" elapsed="1.000473"/>
</kw>
<kw name="Reload Page" owner="SeleniumLibrary">
<doc>Simulates user reloading page.</doc>
<status status="PASS" start="2025-11-27T03:53:20.739261" elapsed="0.286235"/>
</kw>
<kw name="Wait Until Element Is Visible" owner="SeleniumLibrary">
<arg>xpath=//h1[text()="My Tradebook"]</arg>
<arg>${Timeout}</arg>
<doc>Waits until the element ``locator`` is visible.</doc>
<status status="PASS" start="2025-11-27T03:53:21.025894" elapsed="0.015483"/>
</kw>
<kw name="Wait Until Element Is Visible" owner="SeleniumLibrary">
<arg>xpath=//table//tr</arg>
<arg>${Timeout}</arg>
<doc>Waits until the element ``locator`` is visible.</doc>
<status status="PASS" start="2025-11-27T03:53:21.041659" elapsed="1.047177"/>
</kw>
<kw name="Get Text" owner="SeleniumLibrary">
<msg time="2025-11-27T03:53:22.101726" level="INFO">${status} = Open</msg>
<var>${status}</var>
<arg>(//table//tr)[2]/td[last()]</arg>
<doc>Returns the text value of the element identified by ``locator``.</doc>
<status status="PASS" start="2025-11-27T03:53:22.089154" elapsed="0.012616"/>
</kw>
<kw name="Convert To Upper Case" owner="String">
<msg time="2025-11-27T03:53:22.102222" level="INFO">${status} = OPEN</msg>
<var>${status}</var>
<arg>${status}</arg>
<doc>Converts string to upper case.</doc>
<status status="PASS" start="2025-11-27T03:53:22.101968" elapsed="0.000284"/>
</kw>
<kw name="Run Keyword If" owner="BuiltIn">
<arg>'${status}'=='FULFILLED'</arg>
<arg>Exit For Loop</arg>
<doc>Runs the given keyword with the given arguments, if ``condition`` is true.</doc>
<status status="PASS" start="2025-11-27T03:53:22.102397" elapsed="0.000195"/>
</kw>
<var name="${i}">6</var>
<status status="PASS" start="2025-11-27T03:53:19.738401" elapsed="2.364251"/>
</iter>
<iter>
<kw name="Sleep" owner="BuiltIn">
<msg time="2025-11-27T03:53:23.103235" level="INFO">Slept 1 second.</msg>
<arg>1s</arg>
<doc>Pauses the test executed for the given time.</doc>
<status status="PASS" start="2025-11-27T03:53:22.102923" elapsed="1.000481"/>
</kw>
<kw name="Reload Page" owner="SeleniumLibrary">
<doc>Simulates user reloading page.</doc>
<status status="PASS" start="2025-11-27T03:53:23.103711" elapsed="0.284334"/>
</kw>
<kw name="Wait Until Element Is Visible" owner="SeleniumLibrary">
<arg>xpath=//h1[text()="My Tradebook"]</arg>
<arg>${Timeout}</arg>
<doc>Waits until the element ``locator`` is visible.</doc>
<status status="PASS" start="2025-11-27T03:53:23.388414" elapsed="0.014293"/>
</kw>
<kw name="Wait Until Element Is Visible" owner="SeleniumLibrary">
<arg>xpath=//table//tr</arg>
<arg>${Timeout}</arg>
<doc>Waits until the element ``locator`` is visible.</doc>
<status status="PASS" start="2025-11-27T03:53:23.402961" elapsed="1.249681"/>
</kw>
<kw name="Get Text" owner="SeleniumLibrary">
<msg time="2025-11-27T03:53:24.665384" level="INFO">${status} = Open</msg>
<var>${status}</var>
<arg>(//table//tr)[2]/td[last()]</arg>
<doc>Returns the text value of the element identified by ``locator``.</doc>
<status status="PASS" start="2025-11-27T03:53:24.652904" elapsed="0.012526"/>
</kw>
<kw name="Convert To Upper Case" owner="String">
<msg time="2025-11-27T03:53:24.665810" level="INFO">${status} = OPEN</msg>
<var>${status}</var>
<arg>${status}</arg>
<doc>Converts string to upper case.</doc>
<status status="PASS" start="2025-11-27T03:53:24.665600" elapsed="0.000239"/>
</kw>
<kw name="Run Keyword If" owner="BuiltIn">
<arg>'${status}'=='FULFILLED'</arg>
<arg>Exit For Loop</arg>
<doc>Runs the given keyword with the given arguments, if ``condition`` is true.</doc>
<status status="PASS" start="2025-11-27T03:53:24.665979" elapsed="0.000227"/>
</kw>
<var name="${i}">7</var>
<status status="PASS" start="2025-11-27T03:53:22.102817" elapsed="2.563450"/>
</iter>
<iter>
<kw name="Sleep" owner="BuiltIn">
<msg time="2025-11-27T03:53:25.666833" level="INFO">Slept 1 second.</msg>
<arg>1s</arg>
<doc>Pauses the test executed for the given time.</doc>
<status status="PASS" start="2025-11-27T03:53:24.666531" elapsed="1.000464"/>
</kw>
<kw name="Reload Page" owner="SeleniumLibrary">
<doc>Simulates user reloading page.</doc>
<status status="PASS" start="2025-11-27T03:53:25.667291" elapsed="0.285312"/>
</kw>
<kw name="Wait Until Element Is Visible" owner="SeleniumLibrary">
<arg>xpath=//h1[text()="My Tradebook"]</arg>
<arg>${Timeout}</arg>
<doc>Waits until the element ``locator`` is visible.</doc>
<status status="PASS" start="2025-11-27T03:53:25.952980" elapsed="0.015501"/>
</kw>
<kw name="Wait Until Element Is Visible" owner="SeleniumLibrary">
<arg>xpath=//table//tr</arg>
<arg>${Timeout}</arg>
<doc>Waits until the element ``locator`` is visible.</doc>
<status status="PASS" start="2025-11-27T03:53:25.968756" elapsed="1.251787"/>
</kw>
<kw name="Get Text" owner="SeleniumLibrary">
<msg time="2025-11-27T03:53:27.234092" level="INFO">${status} = Open</msg>
<var>${status}</var>
<arg>(//table//tr)[2]/td[last()]</arg>
<doc>Returns the text value of the element identified by ``locator``.</doc>
<status status="PASS" start="2025-11-27T03:53:27.220824" elapsed="0.013393"/>
</kw>
<kw name="Convert To Upper Case" owner="String">
<msg time="2025-11-27T03:53:27.234712" level="INFO">${status} = OPEN</msg>
<var>${status}</var>
<arg>${status}</arg>
<doc>Converts string to upper case.</doc>
<status status="PASS" start="2025-11-27T03:53:27.234454" elapsed="0.000289"/>
</kw>
<kw name="Run Keyword If" owner="BuiltIn">
<arg>'${status}'=='FULFILLED'</arg>
<arg>Exit For Loop</arg>
<doc>Runs the given keyword with the given arguments, if ``condition`` is true.</doc>
<status status="PASS" start="2025-11-27T03:53:27.234909" elapsed="0.000207"/>
</kw>
<var name="${i}">8</var>
<status status="PASS" start="2025-11-27T03:53:24.666426" elapsed="2.568768"/>
</iter>
<iter>
<kw name="Sleep" owner="BuiltIn">
<msg time="2025-11-27T03:53:28.235799" level="INFO">Slept 1 second.</msg>
<arg>1s</arg>
<doc>Pauses the test executed for the given time.</doc>
<status status="PASS" start="2025-11-27T03:53:27.235482" elapsed="1.000469"/>
</kw>
<kw name="Reload Page" owner="SeleniumLibrary">
<doc>Simulates user reloading page.</doc>
<status status="PASS" start="2025-11-27T03:53:28.236245" elapsed="0.285130"/>
</kw>
<kw name="Wait Until Element Is Visible" owner="SeleniumLibrary">
<arg>xpath=//h1[text()="My Tradebook"]</arg>
<arg>${Timeout}</arg>
<doc>Waits until the element ``locator`` is visible.</doc>
<status status="PASS" start="2025-11-27T03:53:28.521761" elapsed="0.014337"/>
</kw>
<kw name="Wait Until Element Is Visible" owner="SeleniumLibrary">
<arg>xpath=//table//tr</arg>
<arg>${Timeout}</arg>
<doc>Waits until the element ``locator`` is visible.</doc>
<status status="PASS" start="2025-11-27T03:53:28.536390" elapsed="0.902785"/>
</kw>
<kw name="Get Text" owner="SeleniumLibrary">
<msg time="2025-11-27T03:53:29.452466" level="INFO">${status} = Open</msg>
<var>${status}</var>
<arg>(//table//tr)[2]/td[last()]</arg>
<doc>Returns the text value of the element identified by ``locator``.</doc>
<status status="PASS" start="2025-11-27T03:53:29.439450" elapsed="0.013061"/>
</kw>
<kw name="Convert To Upper Case" owner="String">
<msg time="2025-11-27T03:53:29.452931" level="INFO">${status} = OPEN</msg>
<var>${status}</var>
<arg>${status}</arg>
<doc>Converts string to upper case.</doc>
<status status="PASS" start="2025-11-27T03:53:29.452706" elapsed="0.000255"/>
</kw>
<kw name="Run Keyword If" owner="BuiltIn">
<arg>'${status}'=='FULFILLED'</arg>
<arg>Exit For Loop</arg>
<doc>Runs the given keyword with the given arguments, if ``condition`` is true.</doc>
<status status="PASS" start="2025-11-27T03:53:29.453107" elapsed="0.000230"/>
</kw>
<var name="${i}">9</var>
<status status="PASS" start="2025-11-27T03:53:27.235371" elapsed="2.218025"/>
</iter>
<iter>
<kw name="Sleep" owner="BuiltIn">
<msg time="2025-11-27T03:53:30.453992" level="INFO">Slept 1 second.</msg>
<arg>1s</arg>
<doc>Pauses the test executed for the given time.</doc>
<status status="PASS" start="2025-11-27T03:53:29.453677" elapsed="1.000489"/>
</kw>
<kw name="Reload Page" owner="SeleniumLibrary">
<doc>Simulates user reloading page.</doc>
<status status="PASS" start="2025-11-27T03:53:30.454440" elapsed="0.285470"/>
</kw>
<kw name="Wait Until Element Is Visible" owner="SeleniumLibrary">
<arg>xpath=//h1[text()="My Tradebook"]</arg>
<arg>${Timeout}</arg>
<doc>Waits until the element ``locator`` is visible.</doc>
<status status="PASS" start="2025-11-27T03:53:30.740297" elapsed="0.014788"/>
</kw>
<kw name="Wait Until Element Is Visible" owner="SeleniumLibrary">
<arg>xpath=//table//tr</arg>
<arg>${Timeout}</arg>
<doc>Waits until the element ``locator`` is visible.</doc>
<status status="PASS" start="2025-11-27T03:53:30.755390" elapsed="0.900358"/>
</kw>
<kw name="Get Text" owner="SeleniumLibrary">
<msg time="2025-11-27T03:53:31.669306" level="INFO">${status} = Open</msg>
<var>${status}</var>
<arg>(//table//tr)[2]/td[last()]</arg>
<doc>Returns the text value of the element identified by ``locator``.</doc>
<status status="PASS" start="2025-11-27T03:53:31.656024" elapsed="0.013329"/>
</kw>
<kw name="Convert To Upper Case" owner="String">
<msg time="2025-11-27T03:53:31.669800" level="INFO">${status} = OPEN</msg>
<var>${status}</var>
<arg>${status}</arg>
<doc>Converts string to upper case.</doc>
<status status="PASS" start="2025-11-27T03:53:31.669564" elapsed="0.000266"/>
</kw>
<kw name="Run Keyword If" owner="BuiltIn">
<arg>'${status}'=='FULFILLED'</arg>
<arg>Exit For Loop</arg>
<doc>Runs the given keyword with the given arguments, if ``condition`` is true.</doc>
<status status="PASS" start="2025-11-27T03:53:31.669979" elapsed="0.000216"/>
</kw>
<var name="${i}">10</var>
<status status="PASS" start="2025-11-27T03:53:29.453558" elapsed="2.216700"/>
</iter>
<iter>
<kw name="Sleep" owner="BuiltIn">
<msg time="2025-11-27T03:53:32.670836" level="INFO">Slept 1 second.</msg>
<arg>1s</arg>
<doc>Pauses the test executed for the given time.</doc>
<status status="PASS" start="2025-11-27T03:53:31.670524" elapsed="1.000457"/>
</kw>
<kw name="Reload Page" owner="SeleniumLibrary">
<doc>Simulates user reloading page.</doc>
<status status="PASS" start="2025-11-27T03:53:32.671272" elapsed="0.283783"/>
</kw>
<kw name="Wait Until Element Is Visible" owner="SeleniumLibrary">
<arg>xpath=//h1[text()="My Tradebook"]</arg>
<arg>${Timeout}</arg>
<doc>Waits until the element ``locator`` is visible.</doc>
<status status="PASS" start="2025-11-27T03:53:32.955440" elapsed="0.031419"/>
</kw>
<kw name="Wait Until Element Is Visible" owner="SeleniumLibrary">
<arg>xpath=//table//tr</arg>
<arg>${Timeout}</arg>
<doc>Waits until the element ``locator`` is visible.</doc>
<status status="PASS" start="2025-11-27T03:53:32.987160" elapsed="1.251569"/>
</kw>
<kw name="Get Text" owner="SeleniumLibrary">
<msg time="2025-11-27T03:53:34.251950" level="INFO">${status} = Open</msg>
<var>${status}</var>
<arg>(//table//tr)[2]/td[last()]</arg>
<doc>Returns the text value of the element identified by ``locator``.</doc>
<status status="PASS" start="2025-11-27T03:53:34.239002" elapsed="0.012997"/>
</kw>
<kw name="Convert To Upper Case" owner="String">
<msg time="2025-11-27T03:53:34.252480" level="INFO">${status} = OPEN</msg>
<var>${status}</var>
<arg>${status}</arg>
<doc>Converts string to upper case.</doc>
<status status="PASS" start="2025-11-27T03:53:34.252244" elapsed="0.000266"/>
</kw>
<kw name="Run Keyword If" owner="BuiltIn">
<arg>'${status}'=='FULFILLED'</arg>
<arg>Exit For Loop</arg>
<doc>Runs the given keyword with the given arguments, if ``condition`` is true.</doc>
<status status="PASS" start="2025-11-27T03:53:34.252651" elapsed="0.000191"/>
</kw>
<var name="${i}">11</var>
<status status="PASS" start="2025-11-27T03:53:31.670419" elapsed="2.582481"/>
</iter>
<iter>
<kw name="Sleep" owner="BuiltIn">
<msg time="2025-11-27T03:53:35.253499" level="INFO">Slept 1 second.</msg>
<arg>1s</arg>
<doc>Pauses the test executed for the given time.</doc>
<status status="PASS" start="2025-11-27T03:53:34.253184" elapsed="1.000474"/>
</kw>
<kw name="Reload Page" owner="SeleniumLibrary">
<doc>Simulates user reloading page.</doc>
<status status="PASS" start="2025-11-27T03:53:35.253909" elapsed="0.283556"/>
</kw>
<kw name="Wait Until Element Is Visible" owner="SeleniumLibrary">
<arg>xpath=//h1[text()="My Tradebook"]</arg>
<arg>${Timeout}</arg>
<doc>Waits until the element ``locator`` is visible.</doc>
<status status="PASS" start="2025-11-27T03:53:35.537836" elapsed="0.016063"/>
</kw>
<kw name="Wait Until Element Is Visible" owner="SeleniumLibrary">
<arg>xpath=//table//tr</arg>
<arg>${Timeout}</arg>
<doc>Waits until the element ``locator`` is visible.</doc>
<status status="PASS" start="2025-11-27T03:53:35.554202" elapsed="1.044684"/>
</kw>
<kw name="Get Text" owner="SeleniumLibrary">
<msg time="2025-11-27T03:53:36.612303" level="INFO">${status} = Open</msg>
<var>${status}</var>
<arg>(//table//tr)[2]/td[last()]</arg>
<doc>Returns the text value of the element identified by ``locator``.</doc>
<status status="PASS" start="2025-11-27T03:53:36.599201" elapsed="0.013149"/>
</kw>
<kw name="Convert To Upper Case" owner="String">
<msg time="2025-11-27T03:53:36.612902" level="INFO">${status} = OPEN</msg>
<var>${status}</var>
<arg>${status}</arg>
<doc>Converts string to upper case.</doc>
<status status="PASS" start="2025-11-27T03:53:36.612630" elapsed="0.000303"/>
</kw>
<kw name="Run Keyword If" owner="BuiltIn">
<arg>'${status}'=='FULFILLED'</arg>
<arg>Exit For Loop</arg>
<doc>Runs the given keyword with the given arguments, if ``condition`` is true.</doc>
<status status="PASS" start="2025-11-27T03:53:36.613099" elapsed="0.000216"/>
</kw>
<var name="${i}">12</var>
<status status="PASS" start="2025-11-27T03:53:34.253061" elapsed="2.360314"/>
</iter>
<iter>
<kw name="Sleep" owner="BuiltIn">
<msg time="2025-11-27T03:53:37.614001" level="INFO">Slept 1 second.</msg>
<arg>1s</arg>
<doc>Pauses the test executed for the given time.</doc>
<status status="PASS" start="2025-11-27T03:53:36.613638" elapsed="1.000547"/>
</kw>
<kw name="Reload Page" owner="SeleniumLibrary">
<doc>Simulates user reloading page.</doc>
<status status="PASS" start="2025-11-27T03:53:37.614461" elapsed="0.285204"/>
</kw>
<kw name="Wait Until Element Is Visible" owner="SeleniumLibrary">
<arg>xpath=//h1[text()="My Tradebook"]</arg>
<arg>${Timeout}</arg>
<doc>Waits until the element ``locator`` is visible.</doc>
<status status="PASS" start="2025-11-27T03:53:37.900021" elapsed="0.029694"/>
</kw>
<kw name="Wait Until Element Is Visible" owner="SeleniumLibrary">
<arg>xpath=//table//tr</arg>
<arg>${Timeout}</arg>
<doc>Waits until the element ``locator`` is visible.</doc>
<status status="PASS" start="2025-11-27T03:53:37.929985" elapsed="1.044778"/>
</kw>
<kw name="Get Text" owner="SeleniumLibrary">
<msg time="2025-11-27T03:53:38.988408" level="INFO">${status} = Open</msg>
<var>${status}</var>
<arg>(//table//tr)[2]/td[last()]</arg>
<doc>Returns the text value of the element identified by ``locator``.</doc>
<status status="PASS" start="2025-11-27T03:53:38.975048" elapsed="0.013421"/>
</kw>
<kw name="Convert To Upper Case" owner="String">
<msg time="2025-11-27T03:53:38.988947" level="INFO">${status} = OPEN</msg>
<var>${status}</var>
<arg>${status}</arg>
<doc>Converts string to upper case.</doc>
<status status="PASS" start="2025-11-27T03:53:38.988708" elapsed="0.000269"/>
</kw>
<kw name="Run Keyword If" owner="BuiltIn">
<arg>'${status}'=='FULFILLED'</arg>
<arg>Exit For Loop</arg>
<doc>Runs the given keyword with the given arguments, if ``condition`` is true.</doc>
<status status="PASS" start="2025-11-27T03:53:38.989129" elapsed="0.000222"/>
</kw>
<var name="${i}">13</var>
<status status="PASS" start="2025-11-27T03:53:36.613534" elapsed="2.375879"/>
</iter>
<iter>
<kw name="Sleep" owner="BuiltIn">
<msg time="2025-11-27T03:53:39.989994" level="INFO">Slept 1 second.</msg>
<arg>1s</arg>
<doc>Pauses the test executed for the given time.</doc>
<status status="PASS" start="2025-11-27T03:53:38.989688" elapsed="1.000473"/>
</kw>
<kw name="Reload Page" owner="SeleniumLibrary">
<doc>Simulates user reloading page.</doc>
<status status="PASS" start="2025-11-27T03:53:39.990427" elapsed="0.283847"/>
</kw>
<kw name="Wait Until Element Is Visible" owner="SeleniumLibrary">
<arg>xpath=//h1[text()="My Tradebook"]</arg>
<arg>${Timeout}</arg>
<doc>Waits until the element ``locator`` is visible.</doc>
<status status="PASS" start="2025-11-27T03:53:40.274636" elapsed="0.014386"/>
</kw>
<kw name="Wait Until Element Is Visible" owner="SeleniumLibrary">
<arg>xpath=//table//tr</arg>
<arg>${Timeout}</arg>
<doc>Waits until the element ``locator`` is visible.</doc>
<status status="PASS" start="2025-11-27T03:53:40.289321" elapsed="1.252291"/>
</kw>
<kw name="Get Text" owner="SeleniumLibrary">
<msg time="2025-11-27T03:53:41.555037" level="INFO">${status} = Open</msg>
<var>${status}</var>
<arg>(//table//tr)[2]/td[last()]</arg>
<doc>Returns the text value of the element identified by ``locator``.</doc>
<status status="PASS" start="2025-11-27T03:53:41.541897" elapsed="0.013187"/>
</kw>
<kw name="Convert To Upper Case" owner="String">
<msg time="2025-11-27T03:53:41.555579" level="INFO">${status} = OPEN</msg>
<var>${status}</var>
<arg>${status}</arg>
<doc>Converts string to upper case.</doc>
<status status="PASS" start="2025-11-27T03:53:41.555330" elapsed="0.000280"/>
</kw>
<kw name="Run Keyword If" owner="BuiltIn">
<arg>'${status}'=='FULFILLED'</arg>
<arg>Exit For Loop</arg>
<doc>Runs the given keyword with the given arguments, if ``condition`` is true.</doc>
<status status="PASS" start="2025-11-27T03:53:41.555767" elapsed="0.000202"/>
</kw>
<var name="${i}">14</var>
<status status="PASS" start="2025-11-27T03:53:38.989579" elapsed="2.566450"/>
</iter>
<iter>
<kw name="Sleep" owner="BuiltIn">
<msg time="2025-11-27T03:53:42.556627" level="INFO">Slept 1 second.</msg>
<arg>1s</arg>
<doc>Pauses the test executed for the given time.</doc>
<status status="PASS" start="2025-11-27T03:53:41.556324" elapsed="1.000447"/>
</kw>
<kw name="Reload Page" owner="SeleniumLibrary">
<doc>Simulates user reloading page.</doc>
<status status="PASS" start="2025-11-27T03:53:42.557027" elapsed="0.285029"/>
</kw>
<kw name="Wait Until Element Is Visible" owner="SeleniumLibrary">
<arg>xpath=//h1[text()="My Tradebook"]</arg>
<arg>${Timeout}</arg>
<doc>Waits until the element ``locator`` is visible.</doc>
<status status="PASS" start="2025-11-27T03:53:42.842435" elapsed="0.013976"/>
</kw>
<kw name="Wait Until Element Is Visible" owner="SeleniumLibrary">
<arg>xpath=//table//tr</arg>
<arg>${Timeout}</arg>
<doc>Waits until the element ``locator`` is visible.</doc>
<status status="PASS" start="2025-11-27T03:53:42.856645" elapsed="1.067451"/>
</kw>
<kw name="Get Text" owner="SeleniumLibrary">
<msg time="2025-11-27T03:53:43.937629" level="INFO">${status} = Open</msg>
<var>${status}</var>
<arg>(//table//tr)[2]/td[last()]</arg>
<doc>Returns the text value of the element identified by ``locator``.</doc>
<status status="PASS" start="2025-11-27T03:53:43.924399" elapsed="0.013278"/>
</kw>
<kw name="Convert To Upper Case" owner="String">
<msg time="2025-11-27T03:53:43.938168" level="INFO">${status} = OPEN</msg>
<var>${status}</var>
<arg>${status}</arg>
<doc>Converts string to upper case.</doc>
<status status="PASS" start="2025-11-27T03:53:43.937895" elapsed="0.000307"/>
</kw>
<kw name="Run Keyword If" owner="BuiltIn">
<arg>'${status}'=='FULFILLED'</arg>
<arg>Exit For Loop</arg>
<doc>Runs the given keyword with the given arguments, if ``condition`` is true.</doc>
<status status="PASS" start="2025-11-27T03:53:43.938367" elapsed="0.000206"/>
</kw>
<var name="${i}">15</var>
<status status="PASS" start="2025-11-27T03:53:41.556213" elapsed="2.382420"/>
</iter>
<iter>
<kw name="Sleep" owner="BuiltIn">
<msg time="2025-11-27T03:53:44.939227" level="INFO">Slept 1 second.</msg>
<arg>1s</arg>
<doc>Pauses the test executed for the given time.</doc>
<status status="PASS" start="2025-11-27T03:53:43.938904" elapsed="1.000474"/>
</kw>
<kw name="Reload Page" owner="SeleniumLibrary">
<doc>Simulates user reloading page.</doc>
<status status="PASS" start="2025-11-27T03:53:44.939636" elapsed="0.285173"/>
</kw>
<kw name="Wait Until Element Is Visible" owner="SeleniumLibrary">
<arg>xpath=//h1[text()="My Tradebook"]</arg>
<arg>${Timeout}</arg>
<doc>Waits until the element ``locator`` is visible.</doc>
<status status="PASS" start="2025-11-27T03:53:45.225231" elapsed="0.014277"/>
</kw>
<kw name="Wait Until Element Is Visible" owner="SeleniumLibrary">
<arg>xpath=//table//tr</arg>
<arg>${Timeout}</arg>
<doc>Waits until the element ``locator`` is visible.</doc>
<status status="PASS" start="2025-11-27T03:53:45.239771" elapsed="0.704572"/>
</kw>
<kw name="Get Text" owner="SeleniumLibrary">
<msg time="2025-11-27T03:53:45.957738" level="INFO">${status} = Open</msg>
<var>${status}</var>
<arg>(//table//tr)[2]/td[last()]</arg>
<doc>Returns the text value of the element identified by ``locator``.</doc>
<status status="PASS" start="2025-11-27T03:53:45.944618" elapsed="0.013168"/>
</kw>
<kw name="Convert To Upper Case" owner="String">
<msg time="2025-11-27T03:53:45.958265" level="INFO">${status} = OPEN</msg>
<var>${status}</var>
<arg>${status}</arg>
<doc>Converts string to upper case.</doc>
<status status="PASS" start="2025-11-27T03:53:45.958008" elapsed="0.000337"/>
</kw>
<kw name="Run Keyword If" owner="BuiltIn">
<arg>'${status}'=='FULFILLED'</arg>
<arg>Exit For Loop</arg>
<doc>Runs the given keyword with the given arguments, if ``condition`` is true.</doc>
<status status="PASS" start="2025-11-27T03:53:45.958491" elapsed="0.000194"/>
</kw>
<var name="${i}">16</var>
<status status="PASS" start="2025-11-27T03:53:43.938794" elapsed="2.019950"/>
</iter>
<iter>
<kw name="Sleep" owner="BuiltIn">
<msg time="2025-11-27T03:53:46.959351" level="INFO">Slept 1 second.</msg>
<arg>1s</arg>
<doc>Pauses the test executed for the given time.</doc>
<status status="PASS" start="2025-11-27T03:53:45.959009" elapsed="1.000489"/>
</kw>
<kw name="Reload Page" owner="SeleniumLibrary">
<doc>Simulates user reloading page.</doc>
<status status="PASS" start="2025-11-27T03:53:46.959756" elapsed="0.284120"/>
</kw>
<kw name="Wait Until Element Is Visible" owner="SeleniumLibrary">
<arg>xpath=//h1[text()="My Tradebook"]</arg>
<arg>${Timeout}</arg>
<doc>Waits until the element ``locator`` is visible.</doc>
<status status="PASS" start="2025-11-27T03:53:47.244307" elapsed="0.013594"/>
</kw>
<kw name="Wait Until Element Is Visible" owner="SeleniumLibrary">
<arg>xpath=//table//tr</arg>
<arg>${Timeout}</arg>
<doc>Waits until the element ``locator`` is visible.</doc>
<status status="PASS" start="2025-11-27T03:53:47.258191" elapsed="1.046896"/>
</kw>
<kw name="Get Text" owner="SeleniumLibrary">
<msg time="2025-11-27T03:53:48.318550" level="INFO">${status} = Open</msg>
<var>${status}</var>
<arg>(//table//tr)[2]/td[last()]</arg>
<doc>Returns the text value of the element identified by ``locator``.</doc>
<status status="PASS" start="2025-11-27T03:53:48.305392" elapsed="0.013211"/>
</kw>
<kw name="Convert To Upper Case" owner="String">
<msg time="2025-11-27T03:53:48.319098" level="INFO">${status} = OPEN</msg>
<var>${status}</var>
<arg>${status}</arg>
<doc>Converts string to upper case.</doc>
<status status="PASS" start="2025-11-27T03:53:48.318850" elapsed="0.000278"/>
</kw>
<kw name="Run Keyword If" owner="BuiltIn">
<arg>'${status}'=='FULFILLED'</arg>
<arg>Exit For Loop</arg>
<doc>Runs the given keyword with the given arguments, if ``condition`` is true.</doc>
<status status="PASS" start="2025-11-27T03:53:48.319304" elapsed="0.000200"/>
</kw>
<var name="${i}">17</var>
<status status="PASS" start="2025-11-27T03:53:45.958901" elapsed="2.360663"/>
</iter>
<iter>
<kw name="Sleep" owner="BuiltIn">
<msg time="2025-11-27T03:53:49.320157" level="INFO">Slept 1 second.</msg>
<arg>1s</arg>
<doc>Pauses the test executed for the given time.</doc>
<status status="PASS" start="2025-11-27T03:53:48.319835" elapsed="1.000472"/>
</kw>
<kw name="Reload Page" owner="SeleniumLibrary">
<doc>Simulates user reloading page.</doc>
<status status="PASS" start="2025-11-27T03:53:49.320563" elapsed="0.284873"/>
</kw>
<kw name="Wait Until Element Is Visible" owner="SeleniumLibrary">
<arg>xpath=//h1[text()="My Tradebook"]</arg>
<arg>${Timeout}</arg>
<doc>Waits until the element ``locator`` is visible.</doc>
<status status="PASS" start="2025-11-27T03:53:49.605813" elapsed="0.014687"/>
</kw>
<kw name="Wait Until Element Is Visible" owner="SeleniumLibrary">
<arg>xpath=//table//tr</arg>
<arg>${Timeout}</arg>
<doc>Waits until the element ``locator`` is visible.</doc>
<status status="PASS" start="2025-11-27T03:53:49.620801" elapsed="1.046209"/>
</kw>
<kw name="Get Text" owner="SeleniumLibrary">
<msg time="2025-11-27T03:53:50.679930" level="INFO">${status} = Open</msg>
<var>${status}</var>
<arg>(//table//tr)[2]/td[last()]</arg>
<doc>Returns the text value of the element identified by ``locator``.</doc>
<status status="PASS" start="2025-11-27T03:53:50.667309" elapsed="0.012666"/>
</kw>
<kw name="Convert To Upper Case" owner="String">
<msg time="2025-11-27T03:53:50.680437" level="INFO">${status} = OPEN</msg>
<var>${status}</var>
<arg>${status}</arg>
<doc>Converts string to upper case.</doc>
<status status="PASS" start="2025-11-27T03:53:50.680199" elapsed="0.000268"/>
</kw>
<kw name="Run Keyword If" owner="BuiltIn">
<arg>'${status}'=='FULFILLED'</arg>
<arg>Exit For Loop</arg>
<doc>Runs the given keyword with the given arguments, if ``condition`` is true.</doc>
<status status="PASS" start="2025-11-27T03:53:50.680618" elapsed="0.000199"/>
</kw>
<var name="${i}">18</var>
<status status="PASS" start="2025-11-27T03:53:48.319725" elapsed="2.361152"/>
</iter>
<iter>
<kw name="Sleep" owner="BuiltIn">
<msg time="2025-11-27T03:53:51.681485" level="INFO">Slept 1 second.</msg>
<arg>1s</arg>
<doc>Pauses the test executed for the given time.</doc>
<status status="PASS" start="2025-11-27T03:53:50.681165" elapsed="1.000480"/>
</kw>
<kw name="Reload Page" owner="SeleniumLibrary">
<doc>Simulates user reloading page.</doc>
<status status="PASS" start="2025-11-27T03:53:51.681896" elapsed="0.300698"/>
</kw>
<kw name="Wait Until Element Is Visible" owner="SeleniumLibrary">
<arg>xpath=//h1[text()="My Tradebook"]</arg>
<arg>${Timeout}</arg>
<doc>Waits until the element ``locator`` is visible.</doc>
<status status="PASS" start="2025-11-27T03:53:51.983009" elapsed="0.017825"/>
</kw>
<kw name="Wait Until Element Is Visible" owner="SeleniumLibrary">
<arg>xpath=//table//tr</arg>
<arg>${Timeout}</arg>
<doc>Waits until the element ``locator`` is visible.</doc>
<status status="PASS" start="2025-11-27T03:53:52.001117" elapsed="1.287123"/>
</kw>
<kw name="Get Text" owner="SeleniumLibrary">
<msg time="2025-11-27T03:53:53.301699" level="INFO">${status} = Open</msg>
<var>${status}</var>
<arg>(//table//tr)[2]/td[last()]</arg>
<doc>Returns the text value of the element identified by ``locator``.</doc>
<status status="PASS" start="2025-11-27T03:53:53.288505" elapsed="0.013246"/>
</kw>
<kw name="Convert To Upper Case" owner="String">
<msg time="2025-11-27T03:53:53.302254" level="INFO">${status} = OPEN</msg>
<var>${status}</var>
<arg>${status}</arg>
<doc>Converts string to upper case.</doc>
<status status="PASS" start="2025-11-27T03:53:53.301983" elapsed="0.000302"/>
</kw>
<kw name="Run Keyword If" owner="BuiltIn">
<arg>'${status}'=='FULFILLED'</arg>
<arg>Exit For Loop</arg>
<doc>Runs the given keyword with the given arguments, if ``condition`` is true.</doc>
<status status="PASS" start="2025-11-27T03:53:53.302430" elapsed="0.000193"/>
</kw>
<var name="${i}">19</var>
<status status="PASS" start="2025-11-27T03:53:50.681038" elapsed="2.621644"/>
</iter>
<iter>
<kw name="Sleep" owner="BuiltIn">
<msg time="2025-11-27T03:53:54.303219" level="INFO">Slept 1 second.</msg>
<arg>1s</arg>
<doc>Pauses the test executed for the given time.</doc>
<status status="PASS" start="2025-11-27T03:53:53.302941" elapsed="1.000437"/>
</kw>
<kw name="Reload Page" owner="SeleniumLibrary">
<doc>Simulates user reloading page.</doc>
<status status="PASS" start="2025-11-27T03:53:54.303640" elapsed="0.287175"/>
</kw>
<kw name="Wait Until Element Is Visible" owner="SeleniumLibrary">
<arg>xpath=//h1[text()="My Tradebook"]</arg>
<arg>${Timeout}</arg>
<doc>Waits until the element ``locator`` is visible.</doc>
<status status="PASS" start="2025-11-27T03:53:54.591208" elapsed="0.015709"/>
</kw>
<kw name="Wait Until Element Is Visible" owner="SeleniumLibrary">
<arg>xpath=//table//tr</arg>
<arg>${Timeout}</arg>
<doc>Waits until the element ``locator`` is visible.</doc>
<status status="PASS" start="2025-11-27T03:53:54.607187" elapsed="1.254907"/>
</kw>
<kw name="Get Text" owner="SeleniumLibrary">
<msg time="2025-11-27T03:53:55.876163" level="INFO">${status} = Open</msg>
<var>${status}</var>
<arg>(//table//tr)[2]/td[last()]</arg>
<doc>Returns the text value of the element identified by ``locator``.</doc>
<status status="PASS" start="2025-11-27T03:53:55.862402" elapsed="0.013815"/>
</kw>
<kw name="Convert To Upper Case" owner="String">
<msg time="2025-11-27T03:53:55.876723" level="INFO">${status} = OPEN</msg>
<var>${status}</var>
<arg>${status}</arg>
<doc>Converts string to upper case.</doc>
<status status="PASS" start="2025-11-27T03:53:55.876447" elapsed="0.000317"/>
</kw>
<kw name="Run Keyword If" owner="BuiltIn">
<arg>'${status}'=='FULFILLED'</arg>
<arg>Exit For Loop</arg>
<doc>Runs the given keyword with the given arguments, if ``condition`` is true.</doc>
<status status="PASS" start="2025-11-27T03:53:55.876964" elapsed="0.000327"/>
</kw>
<var name="${i}">20</var>
<status status="PASS" start="2025-11-27T03:53:53.302839" elapsed="2.574545"/>
</iter>
<iter>
<kw name="Sleep" owner="BuiltIn">
<msg time="2025-11-27T03:53:56.878047" level="INFO">Slept 1 second.</msg>
<arg>1s</arg>
<doc>Pauses the test executed for the given time.</doc>
<status status="PASS" start="2025-11-27T03:53:55.877735" elapsed="1.000485"/>
</kw>
<kw name="Reload Page" owner="SeleniumLibrary">
<doc>Simulates user reloading page.</doc>
<status status="PASS" start="2025-11-27T03:53:56.878505" elapsed="0.612651"/>
</kw>
<kw name="Wait Until Element Is Visible" owner="SeleniumLibrary">
<arg>xpath=//h1[text()="My Tradebook"]</arg>
<arg>${Timeout}</arg>
<doc>Waits until the element ``locator`` is visible.</doc>
<status status="PASS" start="2025-11-27T03:53:57.491515" elapsed="0.016871"/>
</kw>
<kw name="Wait Until Element Is Visible" owner="SeleniumLibrary">
<arg>xpath=//table//tr</arg>
<arg>${Timeout}</arg>
<doc>Waits until the element ``locator`` is visible.</doc>
<status status="PASS" start="2025-11-27T03:53:57.508695" elapsed="1.466035"/>
</kw>
<kw name="Get Text" owner="SeleniumLibrary">
<msg time="2025-11-27T03:53:58.991590" level="INFO">${status} = Open</msg>
<var>${status}</var>
<arg>(//table//tr)[2]/td[last()]</arg>
<doc>Returns the text value of the element identified by ``locator``.</doc>
<status status="PASS" start="2025-11-27T03:53:58.975125" elapsed="0.016522"/>
</kw>
<kw name="Convert To Upper Case" owner="String">
<msg time="2025-11-27T03:53:58.992174" level="INFO">${status} = OPEN</msg>
<var>${status}</var>
<arg>${status}</arg>
<doc>Converts string to upper case.</doc>
<status status="PASS" start="2025-11-27T03:53:58.991895" elapsed="0.000316"/>
</kw>
<kw name="Run Keyword If" owner="BuiltIn">
<arg>'${status}'=='FULFILLED'</arg>
<arg>Exit For Loop</arg>
<doc>Runs the given keyword with the given arguments, if ``condition`` is true.</doc>
<status status="PASS" start="2025-11-27T03:53:58.992368" elapsed="0.000223"/>
</kw>
<var name="${i}">21</var>
<status status="PASS" start="2025-11-27T03:53:55.877594" elapsed="3.115058"/>
</iter>
<iter>
<kw name="Sleep" owner="BuiltIn">
<msg time="2025-11-27T03:53:59.993259" level="INFO">Slept 1 second.</msg>
<arg>1s</arg>
<doc>Pauses the test executed for the given time.</doc>
<status status="PASS" start="2025-11-27T03:53:58.992967" elapsed="1.000452"/>
</kw>
<kw name="Reload Page" owner="SeleniumLibrary">
<doc>Simulates user reloading page.</doc>
<status status="PASS" start="2025-11-27T03:53:59.993707" elapsed="0.237098"/>
</kw>
<kw name="Wait Until Element Is Visible" owner="SeleniumLibrary">
<arg>xpath=//h1[text()="My Tradebook"]</arg>
<arg>${Timeout}</arg>
<doc>Waits until the element ``locator`` is visible.</doc>
<status status="PASS" start="2025-11-27T03:54:00.231225" elapsed="0.015266"/>
</kw>
<kw name="Wait Until Element Is Visible" owner="SeleniumLibrary">
<arg>xpath=//table//tr</arg>
<arg>${Timeout}</arg>
<doc>Waits until the element ``locator`` is visible.</doc>
<status status="PASS" start="2025-11-27T03:54:00.246768" elapsed="1.667018"/>
</kw>
<kw name="Get Text" owner="SeleniumLibrary">
<msg time="2025-11-27T03:54:01.933624" level="INFO">${status} = Open</msg>
<var>${status}</var>
<arg>(//table//tr)[2]/td[last()]</arg>
<doc>Returns the text value of the element identified by ``locator``.</doc>
<status status="PASS" start="2025-11-27T03:54:01.914077" elapsed="0.019604"/>
</kw>
<kw name="Convert To Upper Case" owner="String">
<msg time="2025-11-27T03:54:01.934223" level="INFO">${status} = OPEN</msg>
<var>${status}</var>
<arg>${status}</arg>
<doc>Converts string to upper case.</doc>
<status status="PASS" start="2025-11-27T03:54:01.933938" elapsed="0.000316"/>
</kw>
<kw name="Run Keyword If" owner="BuiltIn">
<arg>'${status}'=='FULFILLED'</arg>
<arg>Exit For Loop</arg>
<doc>Runs the given keyword with the given arguments, if ``condition`` is true.</doc>
<status status="PASS" start="2025-11-27T03:54:01.934399" elapsed="0.000195"/>
</kw>
<var name="${i}">22</var>
<status status="PASS" start="2025-11-27T03:53:58.992848" elapsed="2.941807"/>
</iter>
<iter>
<kw name="Sleep" owner="BuiltIn">
<msg time="2025-11-27T03:54:02.935229" level="INFO">Slept 1 second.</msg>
<arg>1s</arg>
<doc>Pauses the test executed for the given time.</doc>
<status status="PASS" start="2025-11-27T03:54:01.934926" elapsed="1.000448"/>
</kw>
<kw name="Reload Page" owner="SeleniumLibrary">
<doc>Simulates user reloading page.</doc>
<status status="PASS" start="2025-11-27T03:54:02.935632" elapsed="0.619004"/>
</kw>
<kw name="Wait Until Element Is Visible" owner="SeleniumLibrary">
<arg>xpath=//h1[text()="My Tradebook"]</arg>
<arg>${Timeout}</arg>
<doc>Waits until the element ``locator`` is visible.</doc>
<status status="PASS" start="2025-11-27T03:54:03.555002" elapsed="0.015603"/>
</kw>
<kw name="Wait Until Element Is Visible" owner="SeleniumLibrary">
<arg>xpath=//table//tr</arg>
<arg>${Timeout}</arg>
<doc>Waits until the element ``locator`` is visible.</doc>
<status status="PASS" start="2025-11-27T03:54:03.570889" elapsed="0.872731"/>
</kw>
<kw name="Get Text" owner="SeleniumLibrary">
<msg time="2025-11-27T03:54:04.464597" level="INFO">${status} = Open</msg>
<var>${status}</var>
<arg>(//table//tr)[2]/td[last()]</arg>
<doc>Returns the text value of the element identified by ``locator``.</doc>
<status status="PASS" start="2025-11-27T03:54:04.443891" elapsed="0.020767"/>
</kw>
<kw name="Convert To Upper Case" owner="String">
<msg time="2025-11-27T03:54:04.465229" level="INFO">${status} = OPEN</msg>
<var>${status}</var>
<arg>${status}</arg>
<doc>Converts string to upper case.</doc>
<status status="PASS" start="2025-11-27T03:54:04.464927" elapsed="0.000337"/>
</kw>
<kw name="Run Keyword If" owner="BuiltIn">
<arg>'${status}'=='FULFILLED'</arg>
<arg>Exit For Loop</arg>
<doc>Runs the given keyword with the given arguments, if ``condition`` is true.</doc>
<status status="PASS" start="2025-11-27T03:54:04.465452" elapsed="0.000216"/>
</kw>
<var name="${i}">23</var>
<status status="PASS" start="2025-11-27T03:54:01.934819" elapsed="2.530908"/>
</iter>
<iter>
[...]
<status status="PASS" start="2025-11-27T03:57:10.464789" elapsed="0.014760"/>
</kw>
<kw name="Wait Until Element Is Visible" owner="SeleniumLibrary">
<arg>xpath=//table//tr</arg>
<arg>${Timeout}</arg>
<doc>Waits until the element ``locator`` is visible.</doc>
<status status="PASS" start="2025-11-27T03:57:10.479820" elapsed="0.923533"/>
</kw>
<kw name="Get Text" owner="SeleniumLibrary">
<msg time="2025-11-27T03:57:11.417731" level="INFO">${status} = Open</msg>
<var>${status}</var>
<arg>(//table//tr)[2]/td[last()]</arg>
<doc>Returns the text value of the element identified by ``locator``.</doc>
<status status="PASS" start="2025-11-27T03:57:11.403643" elapsed="0.014148"/>
</kw>
<kw name="Convert To Upper Case" owner="String">
<msg time="2025-11-27T03:57:11.418368" level="INFO">${status} = OPEN</msg>
<var>${status}</var>
<arg>${status}</arg>
<doc>Converts string to upper case.</doc>
<status status="PASS" start="2025-11-27T03:57:11.418055" elapsed="0.000349"/>
</kw>
<kw name="Run Keyword If" owner="BuiltIn">
<arg>'${status}'=='FULFILLED'</arg>
<arg>Exit For Loop</arg>
<doc>Runs the given keyword with the given arguments, if ``condition`` is true.</doc>
<status status="PASS" start="2025-11-27T03:57:11.418589" elapsed="0.000215"/>
</kw>
<var name="${i}">27</var>
<status status="PASS" start="2025-11-27T03:57:09.184420" elapsed="2.234445"/>
</iter>
<iter>
<kw name="Sleep" owner="BuiltIn">
<msg time="2025-11-27T03:57:12.419532" level="INFO">Slept 1 second.</msg>
<arg>1s</arg>
<doc>Pauses the test executed for the given time.</doc>
<status status="PASS" start="2025-11-27T03:57:11.419195" elapsed="1.000494"/>
</kw>
<kw name="Reload Page" owner="SeleniumLibrary">
<doc>Simulates user reloading page.</doc>
<status status="PASS" start="2025-11-27T03:57:12.419970" elapsed="0.279929"/>
</kw>
<kw name="Wait Until Element Is Visible" owner="SeleniumLibrary">
<arg>xpath=//h1[text()="My Tradebook"]</arg>
<arg>${Timeout}</arg>
<doc>Waits until the element ``locator`` is visible.</doc>
<status status="PASS" start="2025-11-27T03:57:12.700299" elapsed="0.014954"/>
</kw>
<kw name="Wait Until Element Is Visible" owner="SeleniumLibrary">
<arg>xpath=//table//tr</arg>
<arg>${Timeout}</arg>
<doc>Waits until the element ``locator`` is visible.</doc>
<status status="PASS" start="2025-11-27T03:57:12.715528" elapsed="0.893713"/>
</kw>
<kw name="Get Text" owner="SeleniumLibrary">
<msg time="2025-11-27T03:57:13.623667" level="INFO">${status} = Open</msg>
<var>${status}</var>
<arg>(//table//tr)[2]/td[last()]</arg>
<doc>Returns the text value of the element identified by ``locator``.</doc>
<status status="PASS" start="2025-11-27T03:57:13.609539" elapsed="0.014194"/>
</kw>
<kw name="Convert To Upper Case" owner="String">
<msg time="2025-11-27T03:57:13.624329" level="INFO">${status} = OPEN</msg>
<var>${status}</var>
<arg>${status}</arg>
<doc>Converts string to upper case.</doc>
<status status="PASS" start="2025-11-27T03:57:13.624005" elapsed="0.000360"/>
</kw>
<kw name="Run Keyword If" owner="BuiltIn">
<arg>'${status}'=='FULFILLED'</arg>
<arg>Exit For Loop</arg>
<doc>Runs the given keyword with the given arguments, if ``condition`` is true.</doc>
<status status="PASS" start="2025-11-27T03:57:13.624562" elapsed="0.000229"/>
</kw>
<var name="${i}">28</var>
<status status="PASS" start="2025-11-27T03:57:11.419038" elapsed="2.205819"/>
</iter>
<iter>
<kw name="Sleep" owner="BuiltIn">
<msg time="2025-11-27T03:57:14.625525" level="INFO">Slept 1 second.</msg>
<arg>1s</arg>
<doc>Pauses the test executed for the given time.</doc>
<status status="PASS" start="2025-11-27T03:57:13.625185" elapsed="1.000492"/>
</kw>
<kw name="Reload Page" owner="SeleniumLibrary">
<doc>Simulates user reloading page.</doc>
<status status="PASS" start="2025-11-27T03:57:14.625934" elapsed="0.281147"/>
</kw>
<kw name="Wait Until Element Is Visible" owner="SeleniumLibrary">
<arg>xpath=//h1[text()="My Tradebook"]</arg>
<arg>${Timeout}</arg>
<doc>Waits until the element ``locator`` is visible.</doc>
<status status="PASS" start="2025-11-27T03:57:14.907494" elapsed="0.031540"/>
</kw>
<kw name="Wait Until Element Is Visible" owner="SeleniumLibrary">
<arg>xpath=//table//tr</arg>
<arg>${Timeout}</arg>
<doc>Waits until the element ``locator`` is visible.</doc>
<status status="PASS" start="2025-11-27T03:57:14.939365" elapsed="1.253680"/>
</kw>
<kw name="Get Text" owner="SeleniumLibrary">
<msg time="2025-11-27T03:57:16.208002" level="INFO">${status} = Open</msg>
<var>${status}</var>
<arg>(//table//tr)[2]/td[last()]</arg>
<doc>Returns the text value of the element identified by ``locator``.</doc>
<status status="PASS" start="2025-11-27T03:57:16.193403" elapsed="0.014671"/>
</kw>
<kw name="Convert To Upper Case" owner="String">
<msg time="2025-11-27T03:57:16.208699" level="INFO">${status} = OPEN</msg>
<var>${status}</var>
<arg>${status}</arg>
<doc>Converts string to upper case.</doc>
<status status="PASS" start="2025-11-27T03:57:16.208396" elapsed="0.000336"/>
</kw>
<kw name="Run Keyword If" owner="BuiltIn">
<arg>'${status}'=='FULFILLED'</arg>
<arg>Exit For Loop</arg>
<doc>Runs the given keyword with the given arguments, if ``condition`` is true.</doc>
<status status="PASS" start="2025-11-27T03:57:16.208920" elapsed="0.000252"/>
</kw>
<var name="${i}">29</var>
<status status="PASS" start="2025-11-27T03:57:13.625031" elapsed="2.584208"/>
</iter>
<iter>
<kw name="Sleep" owner="BuiltIn">
<msg time="2025-11-27T03:57:17.209890" level="INFO">Slept 1 second.</msg>
<arg>1s</arg>
<doc>Pauses the test executed for the given time.</doc>
<status status="PASS" start="2025-11-27T03:57:16.209541" elapsed="1.000504"/>
</kw>
<kw name="Reload Page" owner="SeleniumLibrary">
<doc>Simulates user reloading page.</doc>
<status status="PASS" start="2025-11-27T03:57:17.210370" elapsed="0.279464"/>
</kw>
<kw name="Wait Until Element Is Visible" owner="SeleniumLibrary">
<arg>xpath=//h1[text()="My Tradebook"]</arg>
<arg>${Timeout}</arg>
<doc>Waits until the element ``locator`` is visible.</doc>
<status status="PASS" start="2025-11-27T03:57:17.490252" elapsed="0.015279"/>
</kw>
<kw name="Wait Until Element Is Visible" owner="SeleniumLibrary">
<arg>xpath=//table//tr</arg>
<arg>${Timeout}</arg>
<doc>Waits until the element ``locator`` is visible.</doc>
<status status="PASS" start="2025-11-27T03:57:17.505832" elapsed="1.047984"/>
</kw>
<kw name="Get Text" owner="SeleniumLibrary">
<msg time="2025-11-27T03:57:18.568222" level="INFO">${status} = Open</msg>
<var>${status}</var>
<arg>(//table//tr)[2]/td[last()]</arg>
<doc>Returns the text value of the element identified by ``locator``.</doc>
<status status="PASS" start="2025-11-27T03:57:18.554098" elapsed="0.014184"/>
</kw>
<kw name="Convert To Upper Case" owner="String">
<msg time="2025-11-27T03:57:18.568848" level="INFO">${status} = OPEN</msg>
<var>${status}</var>
<arg>${status}</arg>
<doc>Converts string to upper case.</doc>
<status status="PASS" start="2025-11-27T03:57:18.568536" elapsed="0.000358"/>
</kw>
<kw name="Run Keyword If" owner="BuiltIn">
<arg>'${status}'=='FULFILLED'</arg>
<arg>Exit For Loop</arg>
<doc>Runs the given keyword with the given arguments, if ``condition`` is true.</doc>
<status status="PASS" start="2025-11-27T03:57:18.569080" elapsed="0.000241"/>
</kw>
<var name="${i}">30</var>
<status status="PASS" start="2025-11-27T03:57:16.209414" elapsed="2.359969"/>
</iter>
<iter>
<kw name="Sleep" owner="BuiltIn">
<msg time="2025-11-27T03:57:19.570083" level="INFO">Slept 1 second.</msg>
<arg>1s</arg>
<doc>Pauses the test executed for the given time.</doc>
<status status="PASS" start="2025-11-27T03:57:18.569731" elapsed="1.000551"/>
</kw>
<kw name="Reload Page" owner="SeleniumLibrary">
<doc>Simulates user reloading page.</doc>
<status status="PASS" start="2025-11-27T03:57:19.570557" elapsed="0.279012"/>
</kw>
<kw name="Wait Until Element Is Visible" owner="SeleniumLibrary">
<arg>xpath=//h1[text()="My Tradebook"]</arg>
<arg>${Timeout}</arg>
<doc>Waits until the element ``locator`` is visible.</doc>
<status status="PASS" start="2025-11-27T03:57:19.849936" elapsed="0.028903"/>
</kw>
<kw name="Wait Until Element Is Visible" owner="SeleniumLibrary">
<arg>xpath=//table//tr</arg>
<arg>${Timeout}</arg>
<doc>Waits until the element ``locator`` is visible.</doc>
<status status="PASS" start="2025-11-27T03:57:19.879124" elapsed="0.895059"/>
</kw>
<kw name="Get Text" owner="SeleniumLibrary">
<msg time="2025-11-27T03:57:20.788536" level="INFO">${status} = Open</msg>
<var>${status}</var>
<arg>(//table//tr)[2]/td[last()]</arg>
<doc>Returns the text value of the element identified by ``locator``.</doc>
<status status="PASS" start="2025-11-27T03:57:20.774474" elapsed="0.014120"/>
</kw>
<kw name="Convert To Upper Case" owner="String">
<msg time="2025-11-27T03:57:20.789176" level="INFO">${status} = OPEN</msg>
<var>${status}</var>
<arg>${status}</arg>
<doc>Converts string to upper case.</doc>
<status status="PASS" start="2025-11-27T03:57:20.788863" elapsed="0.000350"/>
</kw>
<kw name="Run Keyword If" owner="BuiltIn">
<arg>'${status}'=='FULFILLED'</arg>
<arg>Exit For Loop</arg>
<doc>Runs the given keyword with the given arguments, if ``condition`` is true.</doc>
<status status="PASS" start="2025-11-27T03:57:20.789417" elapsed="0.000234"/>
</kw>
<var name="${i}">31</var>
<status status="PASS" start="2025-11-27T03:57:18.569608" elapsed="2.220109"/>
</iter>
<iter>
<kw name="Sleep" owner="BuiltIn">
<msg time="2025-11-27T03:57:21.790343" level="INFO">Slept 1 second.</msg>
<arg>1s</arg>
<doc>Pauses the test executed for the given time.</doc>
<status status="PASS" start="2025-11-27T03:57:20.790021" elapsed="1.000476"/>
</kw>
<kw name="Reload Page" owner="SeleniumLibrary">
<doc>Simulates user reloading page.</doc>
<status status="PASS" start="2025-11-27T03:57:21.790777" elapsed="0.282622"/>
</kw>
<kw name="Wait Until Element Is Visible" owner="SeleniumLibrary">
<arg>xpath=//h1[text()="My Tradebook"]</arg>
<arg>${Timeout}</arg>
<doc>Waits until the element ``locator`` is visible.</doc>
<status status="PASS" start="2025-11-27T03:57:22.073799" elapsed="0.015982"/>
</kw>
<kw name="Wait Until Element Is Visible" owner="SeleniumLibrary">
<arg>xpath=//table//tr</arg>
<arg>${Timeout}</arg>
<doc>Waits until the element ``locator`` is visible.</doc>
<status status="PASS" start="2025-11-27T03:57:22.090079" elapsed="1.252538"/>
</kw>
<kw name="Get Text" owner="SeleniumLibrary">
<msg time="2025-11-27T03:57:23.356012" level="INFO">${status} = Open</msg>
<var>${status}</var>
<arg>(//table//tr)[2]/td[last()]</arg>
<doc>Returns the text value of the element identified by ``locator``.</doc>
<status status="PASS" start="2025-11-27T03:57:23.342894" elapsed="0.013165"/>
</kw>
<kw name="Convert To Upper Case" owner="String">
<msg time="2025-11-27T03:57:23.356541" level="INFO">${status} = OPEN</msg>
<var>${status}</var>
<arg>${status}</arg>
<doc>Converts string to upper case.</doc>
<status status="PASS" start="2025-11-27T03:57:23.356303" elapsed="0.000267"/>
</kw>
<kw name="Run Keyword If" owner="BuiltIn">
<arg>'${status}'=='FULFILLED'</arg>
<arg>Exit For Loop</arg>
<doc>Runs the given keyword with the given arguments, if ``condition`` is true.</doc>
<status status="PASS" start="2025-11-27T03:57:23.356713" elapsed="0.000190"/>
</kw>
<var name="${i}">32</var>
<status status="PASS" start="2025-11-27T03:57:20.789889" elapsed="2.567069"/>
</iter>
<iter>
<kw name="Sleep" owner="BuiltIn">
<msg time="2025-11-27T03:57:24.357550" level="INFO">Slept 1 second.</msg>
<arg>1s</arg>
<doc>Pauses the test executed for the given time.</doc>
<status status="PASS" start="2025-11-27T03:57:23.357241" elapsed="1.000456"/>
</kw>
<kw name="Reload Page" owner="SeleniumLibrary">
<doc>Simulates user reloading page.</doc>
<status status="PASS" start="2025-11-27T03:57:24.357957" elapsed="0.277743"/>
</kw>
<kw name="Wait Until Element Is Visible" owner="SeleniumLibrary">
<arg>xpath=//h1[text()="My Tradebook"]</arg>
<arg>${Timeout}</arg>
<doc>Waits until the element ``locator`` is visible.</doc>
<status status="PASS" start="2025-11-27T03:57:24.636059" elapsed="0.014685"/>
</kw>
<kw name="Wait Until Element Is Visible" owner="SeleniumLibrary">
<arg>xpath=//table//tr</arg>
<arg>${Timeout}</arg>
<doc>Waits until the element ``locator`` is visible.</doc>
<status status="PASS" start="2025-11-27T03:57:24.651150" elapsed="0.906629"/>
</kw>
<kw name="Get Text" owner="SeleniumLibrary">
<msg time="2025-11-27T03:57:25.571453" level="INFO">${status} = Open</msg>
<var>${status}</var>
<arg>(//table//tr)[2]/td[last()]</arg>
<doc>Returns the text value of the element identified by ``locator``.</doc>
<status status="PASS" start="2025-11-27T03:57:25.558085" elapsed="0.013425"/>
</kw>
<kw name="Convert To Upper Case" owner="String">
<msg time="2025-11-27T03:57:25.572054" level="INFO">${status} = OPEN</msg>
<var>${status}</var>
<arg>${status}</arg>
<doc>Converts string to upper case.</doc>
<status status="PASS" start="2025-11-27T03:57:25.571770" elapsed="0.000315"/>
</kw>
<kw name="Run Keyword If" owner="BuiltIn">
<arg>'${status}'=='FULFILLED'</arg>
<arg>Exit For Loop</arg>
<doc>Runs the given keyword with the given arguments, if ``condition`` is true.</doc>
<status status="PASS" start="2025-11-27T03:57:25.572270" elapsed="0.000213"/>
</kw>
<var name="${i}">33</var>
<status status="PASS" start="2025-11-27T03:57:23.357118" elapsed="2.215424"/>
</iter>
<iter>
<kw name="Sleep" owner="BuiltIn">
<msg time="2025-11-27T03:57:26.573127" level="INFO">Slept 1 second.</msg>
<arg>1s</arg>
<doc>Pauses the test executed for the given time.</doc>
<status status="PASS" start="2025-11-27T03:57:25.572826" elapsed="1.000494"/>
</kw>
<kw name="Reload Page" owner="SeleniumLibrary">
<doc>Simulates user reloading page.</doc>
<status status="PASS" start="2025-11-27T03:57:26.573611" elapsed="0.278513"/>
</kw>
<kw name="Wait Until Element Is Visible" owner="SeleniumLibrary">
<arg>xpath=//h1[text()="My Tradebook"]</arg>
<arg>${Timeout}</arg>
<doc>Waits until the element ``locator`` is visible.</doc>
<status status="PASS" start="2025-11-27T03:57:26.852551" elapsed="0.014271"/>
</kw>
<kw name="Wait Until Element Is Visible" owner="SeleniumLibrary">
<arg>xpath=//table//tr</arg>
<arg>${Timeout}</arg>
<doc>Waits until the element ``locator`` is visible.</doc>
<status status="PASS" start="2025-11-27T03:57:26.867244" elapsed="0.675264"/>
</kw>
<kw name="Get Text" owner="SeleniumLibrary">
<msg time="2025-11-27T03:57:27.554506" level="INFO">${status} = Fulfilled</msg>
<var>${status}</var>
<arg>(//table//tr)[2]/td[last()]</arg>
<doc>Returns the text value of the element identified by ``locator``.</doc>
<status status="PASS" start="2025-11-27T03:57:27.542854" elapsed="0.011696"/>
</kw>
<kw name="Convert To Upper Case" owner="String">
<msg time="2025-11-27T03:57:27.554975" level="INFO">${status} = FULFILLED</msg>
<var>${status}</var>
<arg>${status}</arg>
<doc>Converts string to upper case.</doc>
<status status="PASS" start="2025-11-27T03:57:27.554746" elapsed="0.000258"/>
</kw>
<kw name="Run Keyword If" owner="BuiltIn">
<kw name="Exit For Loop" owner="BuiltIn">
<msg time="2025-11-27T03:57:27.555547" level="INFO">Exiting for loop altogether.</msg>
<doc>Stops executing the enclosing FOR loop.</doc>
<status status="PASS" start="2025-11-27T03:57:27.555441" elapsed="0.000174"/>
</kw>
<arg>'${status}'=='FULFILLED'</arg>
<arg>Exit For Loop</arg>
<doc>Runs the given keyword with the given arguments, if ``condition`` is true.</doc>
<status status="PASS" start="2025-11-27T03:57:27.555171" elapsed="0.000501"/>
</kw>
<var name="${i}">34</var>
<status status="PASS" start="2025-11-27T03:57:25.572713" elapsed="1.983064"/>
</iter>
<var>${i}</var>
<value>50</value>
<status status="PASS" start="2025-11-27T03:56:07.111693" elapsed="80.444149"/>
</for>
<kw name="Get Current Date" owner="DateTime">
<msg time="2025-11-27T03:57:27.556237" level="INFO">${end_time} = 2025-11-27 03:57:27.556126</msg>
<var>${end_time}</var>
<arg>result_format=%Y-%m-%d %H:%M:%S.%f</arg>
<doc>Returns current local or UTC time with an optional increment.</doc>
<status status="PASS" start="2025-11-27T03:57:27.555986" elapsed="0.000281"/>
</kw>
<kw name="Subtract Date From Date" owner="DateTime">
<msg time="2025-11-27T03:57:27.556713" level="INFO">${duration} = 81.210362</msg>
<var>${duration}</var>
<arg>${end_time}</arg>
<arg>${start_time}</arg>
<arg>result_format=number</arg>
<doc>Subtracts date from another date and returns time between.</doc>
<status status="PASS" start="2025-11-27T03:57:27.556398" elapsed="0.000343"/>
</kw>
<kw name="Evaluate" owner="BuiltIn">
<msg time="2025-11-27T03:57:27.557098" level="INFO">${duration} = 81.21</msg>
<var>${duration}</var>
<arg>round(${duration}, 3)</arg>
<doc>Evaluates the given expression in Python and returns the result.</doc>
<status status="PASS" start="2025-11-27T03:57:27.556873" elapsed="0.000253"/>
</kw>
<kw name="Evaluate" owner="BuiltIn">
<msg time="2025-11-27T03:57:27.557488" level="INFO">${brand_padded} = Noon        </msg>
<var>${brand_padded}</var>
<arg>"{:&lt;12}".format("${brand}")</arg>
<doc>Evaluates the given expression in Python and returns the result.</doc>
<status status="PASS" start="2025-11-27T03:57:27.557278" elapsed="0.000238"/>
</kw>
<kw name="Set Variable" owner="BuiltIn">
<msg time="2025-11-27T03:57:27.557839" level="INFO">${line} = Noon        81.21 seconds</msg>
<var>${line}</var>
<arg>${brand_padded}${duration} seconds</arg>
<doc>Returns the given values which can then be assigned to a variables.</doc>
<status status="PASS" start="2025-11-27T03:57:27.557641" elapsed="0.000225"/>
</kw>
<kw name="Append To File" owner="OperatingSystem">
<msg time="2025-11-27T03:57:27.558281" level="INFO" html="true">Appended to file '&lt;a href="file:///home/runner/work/UAE_RESTAURANT_FIN/UAE_RESTAURANT_FIN/results/summary.txt"&gt;/home/runner/work/UAE_RESTAURANT_FIN/UAE_RESTAURANT_FIN/results/summary.txt&lt;/a&gt;'.</msg>
<arg>results/summary.txt</arg>
<arg>${line}\n</arg>
<doc>Appends the given content to the specified file.</doc>
<status status="PASS" start="2025-11-27T03:57:27.557986" elapsed="0.000359"/>
</kw>
<arg>Noon</arg>
<status status="PASS" start="2025-11-27T03:56:01.011395" elapsed="86.547041"/>
</kw>
<kw name="Set Variable" owner="BuiltIn">
<msg time="2025-11-27T03:57:27.558721" level="INFO">${log_line} = 
Test log: https://naresh2262003.github.io/UAE_RESTAURANT_FIN/log.html</msg>
<var>${log_line}</var>
<arg>\nTest log: https://naresh2262003.github.io/UAE_RESTAURANT_FIN/log.html</arg>
<doc>Returns the given values which can then be assigned to a variables.</doc>
<status status="PASS" start="2025-11-27T03:57:27.558570" elapsed="0.000179"/>
</kw>
<kw name="Append To File" owner="OperatingSystem">
<msg time="2025-11-27T03:57:27.559068" level="INFO" html="true">Appended to file '&lt;a href="file:///home/runner/work/UAE_RESTAURANT_FIN/UAE_RESTAURANT_FIN/results/summary.txt"&gt;/home/runner/work/UAE_RESTAURANT_FIN/UAE_RESTAURANT_FIN/results/summary.txt&lt;/a&gt;'.</msg>
<arg>results/summary.txt</arg>
<arg>${log_line}</arg>
<doc>Appends the given content to the specified file.</doc>
<status status="PASS" start="2025-11-27T03:57:27.558871" elapsed="0.000254"/>
</kw>
<kw name="Close All Browsers" owner="SeleniumLibrary" type="TEARDOWN">
<doc>Closes all open browsers and resets the browser cache.</doc>
<status status="PASS" start="2025-11-27T03:57:27.559366" elapsed="0.090619"/>
</kw>
<doc>Restaurant and Financier flow</doc>
<status status="PASS" start="2025-11-27T03:52:26.240250" elapsed="301.409877"/>
</test>
<status status="PASS" start="2025-11-27T03:52:25.951501" elapsed="301.699334"/>
</suite>
<status status="PASS" start="2025-11-27T03:52:25.931680" elapsed="301.719919"/>
</suite>
<statistics>
<total>
<stat pass="1" fail="0" skip="0">All Tests</stat>
</total>
<tag>
</tag>
<suite>
<stat pass="1" fail="0" skip="0" id="s1" name="Tests">Tests</stat>
<stat pass="1" fail="0" skip="0" id="s1-s1" name="UAE flow">Tests.UAE flow</stat>
</suite>
</statistics>
<errors>
</errors>
</robot>
