<?xml version="1.0" encoding="UTF-8"?>
<robot generator="Robot 7.1.1 (Python 3.12.6 on win32)" generated="2025-09-04T11:58:40.265463" rpa="false" schemaversion="5">
<suite id="s1" name="Login" source="D:\Restaurant_Financing\tests\tests\login.robot">
<test id="s1-t1" name="Login to the platform as fiancier" line="15">
<kw name="Evaluate" owner="BuiltIn">
<msg time="2025-09-04T11:58:40.821928" level="INFO">${chrome options} = &lt;selenium.webdriver.chrome.options.Options object at 0x000001DA44097590&gt;</msg>
<var>${chrome options}</var>
<arg>sys.modules['selenium.webdriver'].ChromeOptions()</arg>
<arg>sys, selenium.webdriver</arg>
<doc>Evaluates the given expression in Python and returns the result.</doc>
<status status="PASS" start="2025-09-04T11:58:40.821928" elapsed="0.003227"/>
</kw>
<kw name="Call Method" owner="BuiltIn">
<arg>${chrome options}</arg>
<arg>add_argument</arg>
<arg>--headless</arg>
<doc>Calls the named method of the given object with the provided arguments.</doc>
<status status="PASS" start="2025-09-04T11:58:40.825155" elapsed="0.000820"/>
</kw>
<kw name="Call Method" owner="BuiltIn">
<arg>${chrome options}</arg>
<arg>add_argument</arg>
<arg>--disable-gpu</arg>
<doc>Calls the named method of the given object with the provided arguments.</doc>
<status status="PASS" start="2025-09-04T11:58:40.825975" elapsed="0.000000"/>
</kw>
<kw name="Call Method" owner="BuiltIn">
<arg>${chrome options}</arg>
<arg>add_argument</arg>
<arg>--no-sandbox</arg>
<doc>Calls the named method of the given object with the provided arguments.</doc>
<status status="PASS" start="2025-09-04T11:58:40.825975" elapsed="0.000000"/>
</kw>
<kw name="Call Method" owner="BuiltIn">
<arg>${chrome options}</arg>
<arg>add_argument</arg>
<arg>--disable-dev-shm-usage</arg>
<doc>Calls the named method of the given object with the provided arguments.</doc>
<status status="PASS" start="2025-09-04T11:58:40.825975" elapsed="0.000000"/>
</kw>
<kw name="Open Browser" owner="SeleniumLibrary">
<msg time="2025-09-04T11:58:40.827703" level="INFO">Opening browser 'chrome' to base url 'https://rest-fin-fe.mangoforest-55e2394a.centralindia.azurecontainerapps.io/'.</msg>
<arg>${URL}</arg>
<arg>chrome</arg>
<arg>options=${chrome options}</arg>
<doc>Opens a new browser instance to the optional ``url``.</doc>
<status status="PASS" start="2025-09-04T11:58:40.825975" elapsed="16.841277"/>
</kw>
<kw name="Maximize Browser Window" owner="SeleniumLibrary">
<doc>Maximizes current browser window.</doc>
<status status="PASS" start="2025-09-04T11:58:57.667252" elapsed="0.046324"/>
</kw>
<kw name="Wait Until Element Is Visible" owner="SeleniumLibrary">
<arg>xpath=//input[@placeholder="Enter your email"]</arg>
<arg>${Timeout}</arg>
<doc>Waits until the element ``locator`` is visible.</doc>
<status status="PASS" start="2025-09-04T11:58:57.713576" elapsed="0.165763"/>
</kw>
<kw name="Input Text" owner="SeleniumLibrary">
<msg time="2025-09-04T11:58:57.879339" level="INFO">Typing text 'test@r1.com' into text field 'xpath=//input[@placeholder="Enter your email"]'.</msg>
<arg>xpath=//input[@placeholder="Enter your email"]</arg>
<arg>${email_id}</arg>
<doc>Types the given ``text`` into the text field identified by ``locator``.</doc>
<status status="PASS" start="2025-09-04T11:58:57.879339" elapsed="0.180730"/>
</kw>
<kw name="Input Text" owner="SeleniumLibrary">
<msg time="2025-09-04T11:58:58.061079" level="INFO">Typing text 'Naresh' into text field 'xpath=//input[@placeholder="Enter your password"]'.</msg>
<arg>xpath=//input[@placeholder="Enter your password"]</arg>
<arg>${password}</arg>
<doc>Types the given ``text`` into the text field identified by ``locator``.</doc>
<status status="PASS" start="2025-09-04T11:58:58.061079" elapsed="0.129122"/>
</kw>
<kw name="Click Element" owner="SeleniumLibrary">
<msg time="2025-09-04T11:58:58.190201" level="INFO">Clicking element 'xpath=//button[text()="Login"]'.</msg>
<arg>xpath=//button[text()="Login"]</arg>
<doc>Click the element identified by ``locator``.</doc>
<status status="PASS" start="2025-09-04T11:58:58.190201" elapsed="0.101501"/>
</kw>
<kw name="Sleep" owner="BuiltIn">
<msg time="2025-09-04T11:59:08.292632" level="INFO">Slept 10 seconds.</msg>
<arg>10s</arg>
<doc>Pauses the test executed for the given time.</doc>
<status status="PASS" start="2025-09-04T11:58:58.292379" elapsed="10.000253"/>
</kw>
<kw name="Capture Page Screenshot" owner="SeleniumLibrary">
<msg time="2025-09-04T11:59:08.335340" level="INFO" html="true">&lt;/td&gt;&lt;/tr&gt;&lt;tr&gt;&lt;td colspan="3"&gt;&lt;a href="selenium-screenshot-1.png"&gt;&lt;img src="selenium-screenshot-1.png" width="800px"&gt;&lt;/a&gt;</msg>
<doc>Takes a screenshot of the current page and embeds it into a log file.</doc>
<status status="PASS" start="2025-09-04T11:59:08.292632" elapsed="0.042708"/>
</kw>
<kw name="Close Browser" owner="SeleniumLibrary">
<doc>Closes the current browser.</doc>
<status status="PASS" start="2025-09-04T11:59:08.337300" elapsed="2.235468"/>
</kw>
<status status="PASS" start="2025-09-04T11:58:40.821928" elapsed="29.750840"/>
</test>
<status status="PASS" start="2025-09-04T11:58:40.272520" elapsed="30.300248"/>
</suite>
<statistics>
<total>
<stat pass="1" fail="0" skip="0">All Tests</stat>
</total>
<tag>
</tag>
<suite>
<stat pass="1" fail="0" skip="0" id="s1" name="Login">Login</stat>
</suite>
</statistics>
<errors>
</errors>
</robot>
